============================================================
  Generated by:           Genus(TM) Synthesis Solution 21.19-s055_1
  Generated on:           Dec 18 2025  10:52:04 am
  Module:                 alu_low_power
  Operating conditions:   PVT_1P08V_125C (balanced_tree)
  Wireload mode:          enclosed
  Area mode:              timing library
============================================================


Path 1: VIOLATED (-176 ps) Late External Delay Assertion at pin Y[0]
          Group: clk
     Startpoint: (R) S[0]
          Clock: (R) clk
       Endpoint: (R) Y[0]
          Clock: (R) clk

                        Capture       Launch     
           Path Delay:+     500            -     
           Drv Adjust:+       0            0     
          Src Latency:+       0            0     
          Net Latency:+       0 (I)        0 (I) 
        Capture Clock:+       0                  
              Arrival:=     500            0     
                                                 
         Output Delay:-     300                  
        Required Time:=     200                  
         Launch Clock:-       0                  
          Input Delay:-     200                  
            Data Path:-     176                  
                Slack:=    -176                  

Exceptions/Constraints:
  max_delay                500             constraints.sdc_line_4      
  input_delay              200             constraints.sdc_line_2_9_1  
  output_delay             300             constraints.sdc_line_3_11_1 

#------------------------------------------------------------------------------------------
# Timing Point   Flags   Arc   Edge     Cell      Fanout Load Trans Delay Arrival Instance 
#                                                        (fF)  (ps)  (ps)   (ps)  Location 
#------------------------------------------------------------------------------------------
  S[0]           -       -     R     (arrival)         4  2.8     0     0     200    (-,-) 
  g588__2398/Y   -       A->Y  R     CLKAND2X6HVT      5  1.8    19    66     266    (-,-) 
  g1121__5115/Y  -       A1->Y F     AOI22X1HVT        1  0.2    68    66     332    (-,-) 
  g1114__5122/Y  -       B->Y  R     NAND2XLHVT        1  0.0    20    44     376    (-,-) 
  Y[0]           -       -     R     (port)            -    -     -     0     376    (-,-) 
#------------------------------------------------------------------------------------------



Path 2: VIOLATED (-176 ps) Late External Delay Assertion at pin Y[0]
          Group: clk
     Startpoint: (R) S[0]
          Clock: (R) clk
       Endpoint: (R) Y[0]
          Clock: (R) clk

                        Capture       Launch     
           Path Delay:+     500            -     
           Drv Adjust:+       0            0     
          Src Latency:+       0            0     
          Net Latency:+       0 (I)        0 (I) 
        Capture Clock:+       0                  
              Arrival:=     500            0     
                                                 
         Output Delay:-     300                  
        Required Time:=     200                  
         Launch Clock:-       0                  
          Input Delay:-     200                  
            Data Path:-     176                  
                Slack:=    -176                  

Exceptions/Constraints:
  max_delay                500             constraints.sdc_line_4      
  input_delay              200             constraints.sdc_line_2_9_1  
  output_delay             300             constraints.sdc_line_3_11_1 

#----------------------------------------------------------------------------------------
# Timing Point   Flags   Arc   Edge    Cell     Fanout Load Trans Delay Arrival Instance 
#                                                      (fF)  (ps)  (ps)   (ps)  Location 
#----------------------------------------------------------------------------------------
  S[0]           -       -     R     (arrival)       4  2.8     0     0     200    (-,-) 
  g593/Y         -       A->Y  F     INVX2HVT        1  0.7    14    13     213    (-,-) 
  g590__6260/Y   -       B->Y  R     NOR2X2HVT       5  1.8    44    36     249    (-,-) 
  g1122__7482/Y  -       A1->Y F     AOI22X1HVT      1  0.2    71    79     327    (-,-) 
  g1114__5122/Y  -       A->Y  R     NAND2XLHVT      1  0.0    20    48     376    (-,-) 
  Y[0]           -       -     R     (port)          -    -     -     0     376    (-,-) 
#----------------------------------------------------------------------------------------



Path 3: VIOLATED (-176 ps) Late External Delay Assertion at pin Y[1]
          Group: clk
     Startpoint: (R) S[0]
          Clock: (R) clk
       Endpoint: (R) Y[1]
          Clock: (R) clk

                        Capture       Launch     
           Path Delay:+     500            -     
           Drv Adjust:+       0            0     
          Src Latency:+       0            0     
          Net Latency:+       0 (I)        0 (I) 
        Capture Clock:+       0                  
              Arrival:=     500            0     
                                                 
         Output Delay:-     300                  
        Required Time:=     200                  
         Launch Clock:-       0                  
          Input Delay:-     200                  
            Data Path:-     176                  
                Slack:=    -176                  

Exceptions/Constraints:
  max_delay                500             constraints.sdc_line_4      
  input_delay              200             constraints.sdc_line_2_9_1  
  output_delay             300             constraints.sdc_line_3_10_1 

#------------------------------------------------------------------------------------------
# Timing Point   Flags   Arc   Edge     Cell      Fanout Load Trans Delay Arrival Instance 
#                                                        (fF)  (ps)  (ps)   (ps)  Location 
#------------------------------------------------------------------------------------------
  S[0]           -       -     R     (arrival)         4  2.8     0     0     200    (-,-) 
  g588__2398/Y   -       A->Y  R     CLKAND2X6HVT      5  1.8    19    66     266    (-,-) 
  g1127__9945/Y  -       A1->Y F     AOI22X1HVT        1  0.2    68    66     332    (-,-) 
  g1109__1617/Y  -       B->Y  R     NAND2XLHVT        1  0.0    20    44     376    (-,-) 
  Y[1]           -       -     R     (port)            -    -     -     0     376    (-,-) 
#------------------------------------------------------------------------------------------



Path 4: VIOLATED (-176 ps) Late External Delay Assertion at pin Y[1]
          Group: clk
     Startpoint: (R) S[0]
          Clock: (R) clk
       Endpoint: (R) Y[1]
          Clock: (R) clk

                        Capture       Launch     
           Path Delay:+     500            -     
           Drv Adjust:+       0            0     
          Src Latency:+       0            0     
          Net Latency:+       0 (I)        0 (I) 
        Capture Clock:+       0                  
              Arrival:=     500            0     
                                                 
         Output Delay:-     300                  
        Required Time:=     200                  
         Launch Clock:-       0                  
          Input Delay:-     200                  
            Data Path:-     176                  
                Slack:=    -176                  

Exceptions/Constraints:
  max_delay                500             constraints.sdc_line_4      
  input_delay              200             constraints.sdc_line_2_9_1  
  output_delay             300             constraints.sdc_line_3_10_1 

#----------------------------------------------------------------------------------------
# Timing Point   Flags   Arc   Edge    Cell     Fanout Load Trans Delay Arrival Instance 
#                                                      (fF)  (ps)  (ps)   (ps)  Location 
#----------------------------------------------------------------------------------------
  S[0]           -       -     R     (arrival)       4  2.8     0     0     200    (-,-) 
  g593/Y         -       A->Y  F     INVX2HVT        1  0.7    14    13     213    (-,-) 
  g590__6260/Y   -       B->Y  R     NOR2X2HVT       5  1.8    44    36     249    (-,-) 
  g1113__1705/Y  -       A1->Y F     AOI22X1HVT      1  0.2    71    79     327    (-,-) 
  g1109__1617/Y  -       A->Y  R     NAND2XLHVT      1  0.0    20    48     376    (-,-) 
  Y[1]           -       -     R     (port)          -    -     -     0     376    (-,-) 
#----------------------------------------------------------------------------------------



Path 5: VIOLATED (-176 ps) Late External Delay Assertion at pin Y[2]
          Group: clk
     Startpoint: (R) S[0]
          Clock: (R) clk
       Endpoint: (R) Y[2]
          Clock: (R) clk

                        Capture       Launch     
           Path Delay:+     500            -     
           Drv Adjust:+       0            0     
          Src Latency:+       0            0     
          Net Latency:+       0 (I)        0 (I) 
        Capture Clock:+       0                  
              Arrival:=     500            0     
                                                 
         Output Delay:-     300                  
        Required Time:=     200                  
         Launch Clock:-       0                  
          Input Delay:-     200                  
            Data Path:-     176                  
                Slack:=    -176                  

Exceptions/Constraints:
  max_delay                500             constraints.sdc_line_4     
  input_delay              200             constraints.sdc_line_2_9_1 
  output_delay             300             constraints.sdc_line_3_9_1 

#------------------------------------------------------------------------------------------
# Timing Point   Flags   Arc   Edge     Cell      Fanout Load Trans Delay Arrival Instance 
#                                                        (fF)  (ps)  (ps)   (ps)  Location 
#------------------------------------------------------------------------------------------
  S[0]           -       -     R     (arrival)         4  2.8     0     0     200    (-,-) 
  g588__2398/Y   -       A->Y  R     CLKAND2X6HVT      5  1.8    19    66     266    (-,-) 
  g1128__2883/Y  -       A1->Y F     AOI22X1HVT        1  0.2    68    66     332    (-,-) 
  g1106__6783/Y  -       B->Y  R     NAND2XLHVT        1  0.0    20    44     376    (-,-) 
  Y[2]           -       -     R     (port)            -    -     -     0     376    (-,-) 
#------------------------------------------------------------------------------------------



Path 6: VIOLATED (-176 ps) Late External Delay Assertion at pin Y[2]
          Group: clk
     Startpoint: (R) S[0]
          Clock: (R) clk
       Endpoint: (R) Y[2]
          Clock: (R) clk

                        Capture       Launch     
           Path Delay:+     500            -     
           Drv Adjust:+       0            0     
          Src Latency:+       0            0     
          Net Latency:+       0 (I)        0 (I) 
        Capture Clock:+       0                  
              Arrival:=     500            0     
                                                 
         Output Delay:-     300                  
        Required Time:=     200                  
         Launch Clock:-       0                  
          Input Delay:-     200                  
            Data Path:-     176                  
                Slack:=    -176                  

Exceptions/Constraints:
  max_delay                500             constraints.sdc_line_4     
  input_delay              200             constraints.sdc_line_2_9_1 
  output_delay             300             constraints.sdc_line_3_9_1 

#----------------------------------------------------------------------------------------
# Timing Point   Flags   Arc   Edge    Cell     Fanout Load Trans Delay Arrival Instance 
#                                                      (fF)  (ps)  (ps)   (ps)  Location 
#----------------------------------------------------------------------------------------
  S[0]           -       -     R     (arrival)       4  2.8     0     0     200    (-,-) 
  g593/Y         -       A->Y  F     INVX2HVT        1  0.7    14    13     213    (-,-) 
  g590__6260/Y   -       B->Y  R     NOR2X2HVT       5  1.8    44    36     249    (-,-) 
  g1108__3680/Y  -       A1->Y F     AOI22X1HVT      1  0.2    71    79     327    (-,-) 
  g1106__6783/Y  -       A->Y  R     NAND2XLHVT      1  0.0    20    48     376    (-,-) 
  Y[2]           -       -     R     (port)          -    -     -     0     376    (-,-) 
#----------------------------------------------------------------------------------------



Path 7: VIOLATED (-176 ps) Late External Delay Assertion at pin Y[3]
          Group: clk
     Startpoint: (R) S[0]
          Clock: (R) clk
       Endpoint: (R) Y[3]
          Clock: (R) clk

                        Capture       Launch     
           Path Delay:+     500            -     
           Drv Adjust:+       0            0     
          Src Latency:+       0            0     
          Net Latency:+       0 (I)        0 (I) 
        Capture Clock:+       0                  
              Arrival:=     500            0     
                                                 
         Output Delay:-     300                  
        Required Time:=     200                  
         Launch Clock:-       0                  
          Input Delay:-     200                  
            Data Path:-     176                  
                Slack:=    -176                  

Exceptions/Constraints:
  max_delay                500             constraints.sdc_line_4     
  input_delay              200             constraints.sdc_line_2_9_1 
  output_delay             300             constraints.sdc_line_3     

#------------------------------------------------------------------------------------------
# Timing Point   Flags   Arc   Edge     Cell      Fanout Load Trans Delay Arrival Instance 
#                                                        (fF)  (ps)  (ps)   (ps)  Location 
#------------------------------------------------------------------------------------------
  S[0]           -       -     R     (arrival)         4  2.8     0     0     200    (-,-) 
  g588__2398/Y   -       A->Y  R     CLKAND2X6HVT      5  1.8    19    66     266    (-,-) 
  g1120__1881/Y  -       A1->Y F     AOI22X1HVT        1  0.2    68    66     332    (-,-) 
  g1104__8428/Y  -       B->Y  R     NAND2XLHVT        1  0.0    20    44     376    (-,-) 
  Y[3]           -       -     R     (port)            -    -     -     0     376    (-,-) 
#------------------------------------------------------------------------------------------



Path 8: VIOLATED (-176 ps) Late External Delay Assertion at pin Y[3]
          Group: clk
     Startpoint: (R) S[0]
          Clock: (R) clk
       Endpoint: (R) Y[3]
          Clock: (R) clk

                        Capture       Launch     
           Path Delay:+     500            -     
           Drv Adjust:+       0            0     
          Src Latency:+       0            0     
          Net Latency:+       0 (I)        0 (I) 
        Capture Clock:+       0                  
              Arrival:=     500            0     
                                                 
         Output Delay:-     300                  
        Required Time:=     200                  
         Launch Clock:-       0                  
          Input Delay:-     200                  
            Data Path:-     176                  
                Slack:=    -176                  

Exceptions/Constraints:
  max_delay                500             constraints.sdc_line_4     
  input_delay              200             constraints.sdc_line_2_9_1 
  output_delay             300             constraints.sdc_line_3     

#----------------------------------------------------------------------------------------
# Timing Point   Flags   Arc   Edge    Cell     Fanout Load Trans Delay Arrival Instance 
#                                                      (fF)  (ps)  (ps)   (ps)  Location 
#----------------------------------------------------------------------------------------
  S[0]           -       -     R     (arrival)       4  2.8     0     0     200    (-,-) 
  g593/Y         -       A->Y  F     INVX2HVT        1  0.7    14    13     213    (-,-) 
  g590__6260/Y   -       B->Y  R     NOR2X2HVT       5  1.8    44    36     249    (-,-) 
  g1105__5526/Y  -       A1->Y F     AOI22X1HVT      1  0.2    71    79     327    (-,-) 
  g1104__8428/Y  -       A->Y  R     NAND2XLHVT      1  0.0    20    48     376    (-,-) 
  Y[3]           -       -     R     (port)          -    -     -     0     376    (-,-) 
#----------------------------------------------------------------------------------------



Path 9: VIOLATED (-175 ps) Late External Delay Assertion at pin Y[0]
          Group: clk
     Startpoint: (R) S[1]
          Clock: (R) clk
       Endpoint: (R) Y[0]
          Clock: (R) clk

                        Capture       Launch     
           Path Delay:+     500            -     
           Drv Adjust:+       0            0     
          Src Latency:+       0            0     
          Net Latency:+       0 (I)        0 (I) 
        Capture Clock:+       0                  
              Arrival:=     500            0     
                                                 
         Output Delay:-     300                  
        Required Time:=     200                  
         Launch Clock:-       0                  
          Input Delay:-     200                  
            Data Path:-     175                  
                Slack:=    -175                  

Exceptions/Constraints:
  max_delay                500             constraints.sdc_line_4      
  input_delay              200             constraints.sdc_line_2_8_1  
  output_delay             300             constraints.sdc_line_3_11_1 

#----------------------------------------------------------------------------------------
# Timing Point   Flags   Arc   Edge    Cell     Fanout Load Trans Delay Arrival Instance 
#                                                      (fF)  (ps)  (ps)   (ps)  Location 
#----------------------------------------------------------------------------------------
  S[1]           -       -     R     (arrival)       4  2.2     0     0     200    (-,-) 
  g2__4319/Y     -       AN->Y R     NOR2BX2HVT      5  1.8    44    78     278    (-,-) 
  g1121__5115/Y  -       B1->Y F     AOI22X1HVT      1  0.2    68    53     331    (-,-) 
  g1114__5122/Y  -       B->Y  R     NAND2XLHVT      1  0.0    20    44     375    (-,-) 
  Y[0]           -       -     R     (port)          -    -     -     0     375    (-,-) 
#----------------------------------------------------------------------------------------



Path 10: VIOLATED (-175 ps) Late External Delay Assertion at pin Y[1]
          Group: clk
     Startpoint: (R) S[1]
          Clock: (R) clk
       Endpoint: (R) Y[1]
          Clock: (R) clk

                        Capture       Launch     
           Path Delay:+     500            -     
           Drv Adjust:+       0            0     
          Src Latency:+       0            0     
          Net Latency:+       0 (I)        0 (I) 
        Capture Clock:+       0                  
              Arrival:=     500            0     
                                                 
         Output Delay:-     300                  
        Required Time:=     200                  
         Launch Clock:-       0                  
          Input Delay:-     200                  
            Data Path:-     175                  
                Slack:=    -175                  

Exceptions/Constraints:
  max_delay                500             constraints.sdc_line_4      
  input_delay              200             constraints.sdc_line_2_8_1  
  output_delay             300             constraints.sdc_line_3_10_1 

#----------------------------------------------------------------------------------------
# Timing Point   Flags   Arc   Edge    Cell     Fanout Load Trans Delay Arrival Instance 
#                                                      (fF)  (ps)  (ps)   (ps)  Location 
#----------------------------------------------------------------------------------------
  S[1]           -       -     R     (arrival)       4  2.2     0     0     200    (-,-) 
  g2__4319/Y     -       AN->Y R     NOR2BX2HVT      5  1.8    44    78     278    (-,-) 
  g1127__9945/Y  -       B1->Y F     AOI22X1HVT      1  0.2    68    53     331    (-,-) 
  g1109__1617/Y  -       B->Y  R     NAND2XLHVT      1  0.0    20    44     375    (-,-) 
  Y[1]           -       -     R     (port)          -    -     -     0     375    (-,-) 
#----------------------------------------------------------------------------------------

