============================================================
  Generated by:           Genus(TM) Synthesis Solution 21.19-s055_1
  Generated on:           Dec 18 2025  10:52:05 am
  Module:                 alu_low_power
  Operating conditions:   PVT_1P08V_125C (balanced_tree)
  Wireload mode:          enclosed
  Area mode:              timing library
============================================================

Timing
--------

Clock Period 
-------------
clk   1000.0 


  Cost    Critical            Violating 
 Group   Path Slack    TNS      Paths   
----------------------------------------
clk          -175.8   -703.2          4 
default    No paths      0.0            
----------------------------------------
Total                 -703.2          4 

Instance Count
--------------
Leaf Instance Count             68 
Physical Instance count          0 
Sequential Instance Count       16 
Combinational Instance Count    52 
Hierarchical Instance Count      0 

Area
----
Cell Area                          171.342
Physical Cell Area                 0.000
Total Cell Area (Cell+Physical)    171.342
Net Area                           0.000
Total Area (Cell+Physical+Net)     171.342

Max Fanout                         5 (en_add)
Min Fanout                         1 (add_res[0])
Average Fanout                     1.9
Terms to net ratio                 2.7595
Terms to instance ratio            3.2059
Runtime                            19.999997 seconds
Elapsed Runtime                    28 seconds
Genus peak memory usage            1440.47 
Innovus peak memory usage          no_value 
Hostname                           pink
