============================================================
  Generated by:           Genus(TM) Synthesis Solution 21.19-s055_1
  Generated on:           Dec 18 2025  10:52:04 am
  Module:                 alu_low_power
  Operating conditions:   PVT_1P08V_125C (balanced_tree)
  Wireload mode:          enclosed
  Area mode:              timing library
============================================================


Path 1: VIOLATED (-176 ps) Late External Delay Assertion at pin Y[0]
          Group: clk
     Startpoint: (R) S[0]
          Clock: (R) clk
       Endpoint: (R) Y[0]
          Clock: (R) clk

                        Capture       Launch     
           Path Delay:+     500            -     
           Drv Adjust:+       0            0     
          Src Latency:+       0            0     
          Net Latency:+       0 (I)        0 (I) 
        Capture Clock:+       0                  
              Arrival:=     500            0     
                                                 
         Output Delay:-     300                  
        Required Time:=     200                  
         Launch Clock:-       0                  
          Input Delay:-     200                  
            Data Path:-     176                  
                Slack:=    -176                  

Exceptions/Constraints:
  max_delay                500             constraints.sdc_line_4      
  input_delay              200             constraints.sdc_line_2_9_1  
  output_delay             300             constraints.sdc_line_3_11_1 

#------------------------------------------------------------------------------------------
# Timing Point   Flags   Arc   Edge     Cell      Fanout Load Trans Delay Arrival Instance 
#                                                        (fF)  (ps)  (ps)   (ps)  Location 
#------------------------------------------------------------------------------------------
  S[0]           -       -     R     (arrival)         4  2.8     0     0     200    (-,-) 
  g588__2398/Y   -       A->Y  R     CLKAND2X6HVT      5  1.8    19    66     266    (-,-) 
  g1121__5115/Y  -       A1->Y F     AOI22X1HVT        1  0.2    68    66     332    (-,-) 
  g1114__5122/Y  -       B->Y  R     NAND2XLHVT        1  0.0    20    44     376    (-,-) 
  Y[0]           <<<     -     R     (port)            -    -     -     0     376    (-,-) 
#------------------------------------------------------------------------------------------

