============================================================
  Generated by:           Genus(TM) Synthesis Solution 21.19-s055_1
  Generated on:           Nov 20 2025  12:54:28 am
  Module:                 NAND2
  Operating conditions:   PVT_1P32V_0C (balanced_tree)
  Wireload mode:          enclosed
  Area mode:              timing library
============================================================

Timing
-------
  Cost    Critical         Violating 
 Group   Path Slack  TNS     Paths   
-------------------------------------
default    No paths   0.0            
-------------------------------------
Total                 0.0          0 

Instance Count
--------------
Leaf Instance Count             1 
Physical Instance count         0 
Sequential Instance Count       0 
Combinational Instance Count    1 
Hierarchical Instance Count     0 

Area
----
Cell Area                          1.026
Physical Cell Area                 0.000
Total Cell Area (Cell+Physical)    1.026
Net Area                           0.000
Total Area (Cell+Physical+Net)     1.026

Max Fanout                         1 (Y)
Min Fanout                         1 (Y)
Average Fanout                     1.0
Terms to net ratio                 1.0000
Terms to instance ratio            3.0000
Runtime                            12.999994 seconds
Elapsed Runtime                    17 seconds
Genus peak memory usage            1433.86 
Innovus peak memory usage          no_value 
Hostname                           black
