============================================================
  Generated by:           Genus(TM) Synthesis Solution 21.19-s055_1
  Generated on:           Dec 14 2025  11:09:24 pm
  Module:                 alu
  Operating conditions:   PVT_1P08V_125C (balanced_tree)
  Wireload mode:          enclosed
  Area mode:              timing library
============================================================


Path 1: MET (0 ps) Setup Check with Pin Y_reg[3]/CK->D
          Group: clk
     Startpoint: (R) A[2]
          Clock: (R) clk
       Endpoint: (F) Y_reg[3]/D
          Clock: (R) clk

                     Capture       Launch     
        Clock Edge:+     500            0     
        Drv Adjust:+       0            0     
       Src Latency:+       0            0     
       Net Latency:+       0 (I)        0 (I) 
           Arrival:=     500            0     
                                              
             Setup:-      79                  
     Required Time:=     421                  
      Launch Clock:-       0                  
       Input Delay:-     100                  
         Data Path:-     321                  
             Slack:=       0                  

Exceptions/Constraints:
  input_delay             100             constraints.sdc_line_3_1_1 

#-----------------------------------------------------------------------------------------
# Timing Point   Flags   Arc   Edge    Cell      Fanout Load Trans Delay Arrival Instance 
#                                                       (fF)  (ps)  (ps)   (ps)  Location 
#-----------------------------------------------------------------------------------------
  A[2]           -       -     R     (arrival)        4  1.2     0     0     100    (-,-) 
  g12517/Y       -       AN->Y R     NAND2BX1HVT      2  0.6    22    44     144    (-,-) 
  g12475__6417/Y -       A->Y  F     NAND2X1HVT       1  0.3    39    47     191    (-,-) 
  g12460__8246/Y -       A->Y  R     NOR2X1HVT        2  0.6    36    48     238    (-,-) 
  g2/Y           -       AN->Y R     NAND2BX1HVT      1  0.2    16    56     294    (-,-) 
  g12444__5107/Y -       B->Y  F     NAND4XLHVT       1  0.2   121   127     421    (-,-) 
  Y_reg[3]/D     -       -     F     DFFQXLHVT        1    -     -     0     421    (-,-) 
#-----------------------------------------------------------------------------------------



Path 2: MET (2 ps) Setup Check with Pin Y_reg[2]/CK->D
          Group: clk
     Startpoint: (F) S[1]
          Clock: (R) clk
       Endpoint: (R) Y_reg[2]/D
          Clock: (R) clk

                     Capture       Launch     
        Clock Edge:+     500            0     
        Drv Adjust:+       0            0     
       Src Latency:+       0            0     
       Net Latency:+       0 (I)        0 (I) 
           Arrival:=     500            0     
                                              
             Setup:-      95                  
     Required Time:=     405                  
      Launch Clock:-       0                  
       Input Delay:-     100                  
         Data Path:-     303                  
             Slack:=       2                  

Exceptions/Constraints:
  input_delay             100             constraints.sdc_line_3_8_1 

#-----------------------------------------------------------------------------------------
# Timing Point   Flags   Arc   Edge    Cell      Fanout Load Trans Delay Arrival Instance 
#                                                       (fF)  (ps)  (ps)   (ps)  Location 
#-----------------------------------------------------------------------------------------
  S[1]           -       -     F     (arrival)        4  0.9     0     0     100    (-,-) 
  g12518/Y       -       AN->Y F     NAND2BX1HVT      4  1.2    77    79     179    (-,-) 
  g12454__1617/Y -       A1->Y R     OAI32X1HVT       1  0.4    88   103     282    (-,-) 
  g12447__6260/Y -       B0->Y F     AOI21X1HVT       1  0.3    53    63     344    (-,-) 
  g12445__2398/Y -       A1->Y R     OAI22X1HVT       1  0.2    50    58     403    (-,-) 
  Y_reg[2]/D     -       -     R     DFFQXLHVT        1    -     -     0     403    (-,-) 
#-----------------------------------------------------------------------------------------



Path 3: MET (3 ps) Setup Check with Pin Y_reg[2]/CK->D
          Group: clk
     Startpoint: (F) A[1]
          Clock: (R) clk
       Endpoint: (R) Y_reg[2]/D
          Clock: (R) clk

                     Capture       Launch     
        Clock Edge:+     500            0     
        Drv Adjust:+       0            0     
       Src Latency:+       0            0     
       Net Latency:+       0 (I)        0 (I) 
           Arrival:=     500            0     
                                              
             Setup:-      95                  
     Required Time:=     405                  
      Launch Clock:-       0                  
       Input Delay:-     100                  
         Data Path:-     302                  
             Slack:=       3                  

Exceptions/Constraints:
  input_delay             100             constraints.sdc_line_3_2_1 

#----------------------------------------------------------------------------------------
# Timing Point   Flags   Arc   Edge    Cell     Fanout Load Trans Delay Arrival Instance 
#                                                      (fF)  (ps)  (ps)   (ps)  Location 
#----------------------------------------------------------------------------------------
  A[1]           -       -     F     (arrival)       3  1.3     0     0     100    (-,-) 
  g12509/Y       -       A->Y  R     INVX2HVT        2  1.5    16    13     113    (-,-) 
  g12500__6783/Y -       B->Y  F     NAND2X2HVT      2  0.6    39    37     150    (-,-) 
  g12494/Y       -       A->Y  R     INVX1HVT        2  0.8    22    32     183    (-,-) 
  g12464__1666/Y -       B->Y  F     NOR2X1HVT       2  0.5    31    29     211    (-,-) 
  g12454__1617/Y -       A2->Y R     OAI32X1HVT      1  0.4    88    70     281    (-,-) 
  g12447__6260/Y -       B0->Y F     AOI21X1HVT      1  0.3    53    63     344    (-,-) 
  g12445__2398/Y -       A1->Y R     OAI22X1HVT      1  0.2    50    58     402    (-,-) 
  Y_reg[2]/D     -       -     R     DFFQXLHVT       1    -     -     0     402    (-,-) 
#----------------------------------------------------------------------------------------



Path 4: MET (6 ps) Setup Check with Pin Y_reg[3]/CK->D
          Group: clk
     Startpoint: (R) B[0]
          Clock: (R) clk
       Endpoint: (F) Y_reg[3]/D
          Clock: (R) clk

                     Capture       Launch     
        Clock Edge:+     500            0     
        Drv Adjust:+       0            0     
       Src Latency:+       0            0     
       Net Latency:+       0 (I)        0 (I) 
           Arrival:=     500            0     
                                              
             Setup:-      79                  
     Required Time:=     421                  
      Launch Clock:-       0                  
       Input Delay:-     100                  
         Data Path:-     315                  
             Slack:=       6                  

Exceptions/Constraints:
  input_delay             100             constraints.sdc_line_3_7_1 

#-----------------------------------------------------------------------------------------
# Timing Point   Flags   Arc   Edge    Cell      Fanout Load Trans Delay Arrival Instance 
#                                                       (fF)  (ps)  (ps)   (ps)  Location 
#-----------------------------------------------------------------------------------------
  B[0]           -       -     R     (arrival)        2  1.6     0     0     100    (-,-) 
  g12507/Y       -       A->Y  F     INVX2HVT         2  0.9    16    14     114    (-,-) 
  g12489__5526/Y -       B->Y  R     NOR2X2HVT        2  1.2    35    32     146    (-,-) 
  g12465/Y       -       A->Y  F     INVX2HVT         4  1.2    25    33     179    (-,-) 
  g12461__2346/Y -       B->Y  R     NOR2X1HVT        1  0.4    30    32     211    (-,-) 
  g12460__8246/Y -       B->Y  F     NOR2X1HVT        2  0.5    29    33     244    (-,-) 
  g12449__5526/Y -       A1->Y R     OAI211X1HVT      1  0.2    41    47     291    (-,-) 
  g12444__5107/Y -       C->Y  F     NAND4XLHVT       1  0.2   121   124     415    (-,-) 
  Y_reg[3]/D     -       -     F     DFFQXLHVT        1    -     -     0     415    (-,-) 
#-----------------------------------------------------------------------------------------



Path 5: MET (7 ps) Setup Check with Pin Y_reg[3]/CK->D
          Group: clk
     Startpoint: (R) B[1]
          Clock: (R) clk
       Endpoint: (F) Y_reg[3]/D
          Clock: (R) clk

                     Capture       Launch     
        Clock Edge:+     500            0     
        Drv Adjust:+       0            0     
       Src Latency:+       0            0     
       Net Latency:+       0 (I)        0 (I) 
           Arrival:=     500            0     
                                              
             Setup:-      79                  
     Required Time:=     421                  
      Launch Clock:-       0                  
       Input Delay:-     100                  
         Data Path:-     314                  
             Slack:=       7                  

Exceptions/Constraints:
  input_delay             100             constraints.sdc_line_3_6_1 

#----------------------------------------------------------------------------------------
# Timing Point   Flags   Arc   Edge    Cell     Fanout Load Trans Delay Arrival Instance 
#                                                      (fF)  (ps)  (ps)   (ps)  Location 
#----------------------------------------------------------------------------------------
  B[1]           -       -     R     (arrival)       4  2.3     0     0     100    (-,-) 
  g12487__8246/Y -       A->Y  F     NAND2X1HVT      3  0.9    63    51     151    (-,-) 
  g12472__5107/Y -       A->Y  R     NAND2X1HVT      1  0.4    25    46     196    (-,-) 
  g12462__6161/Y -       A1->Y F     AOI21X1HVT      2  0.6    63    64     260    (-,-) 
  g12453__3680/Y -       A2->Y R     AOI31X1HVT      1  0.2    33    58     318    (-,-) 
  g12444__5107/Y -       D->Y  F     NAND4XLHVT      1  0.2   121    95     414    (-,-) 
  Y_reg[3]/D     -       -     F     DFFQXLHVT       1    -     -     0     414    (-,-) 
#----------------------------------------------------------------------------------------



Path 6: MET (8 ps) Setup Check with Pin Y_reg[3]/CK->D
          Group: clk
     Startpoint: (R) A[1]
          Clock: (R) clk
       Endpoint: (F) Y_reg[3]/D
          Clock: (R) clk

                     Capture       Launch     
        Clock Edge:+     500            0     
        Drv Adjust:+       0            0     
       Src Latency:+       0            0     
       Net Latency:+       0 (I)        0 (I) 
           Arrival:=     500            0     
                                              
             Setup:-      79                  
     Required Time:=     421                  
      Launch Clock:-       0                  
       Input Delay:-     100                  
         Data Path:-     313                  
             Slack:=       8                  

Exceptions/Constraints:
  input_delay             100             constraints.sdc_line_3_2_1 

#-----------------------------------------------------------------------------------------
# Timing Point   Flags   Arc   Edge    Cell      Fanout Load Trans Delay Arrival Instance 
#                                                       (fF)  (ps)  (ps)   (ps)  Location 
#-----------------------------------------------------------------------------------------
  A[1]           -       -     R     (arrival)        3  1.6     0     0     100    (-,-) 
  g12509/Y       -       A->Y  F     INVX2HVT         2  1.4    22    17     117    (-,-) 
  g12502__1617/Y -       B->Y  R     NOR2X2HVT        4  1.4    39    36     153    (-,-) 
  g12461__2346/Y -       A->Y  F     NOR2X1HVT        1  0.3    27    41     193    (-,-) 
  g12460__8246/Y -       B->Y  R     NOR2X1HVT        2  0.6    36    37     230    (-,-) 
  g2/Y           -       AN->Y R     NAND2BX1HVT      1  0.2    16    56     286    (-,-) 
  g12444__5107/Y -       B->Y  F     NAND4XLHVT       1  0.2   121   127     413    (-,-) 
  Y_reg[3]/D     -       -     F     DFFQXLHVT        1    -     -     0     413    (-,-) 
#-----------------------------------------------------------------------------------------



Path 7: MET (9 ps) Setup Check with Pin Y_reg[3]/CK->D
          Group: clk
     Startpoint: (F) S[0]
          Clock: (R) clk
       Endpoint: (R) Y_reg[3]/D
          Clock: (R) clk

                     Capture       Launch     
        Clock Edge:+     500            0     
        Drv Adjust:+       0            0     
       Src Latency:+       0            0     
       Net Latency:+       0 (I)        0 (I) 
           Arrival:=     500            0     
                                              
             Setup:-      91                  
     Required Time:=     409                  
      Launch Clock:-       0                  
       Input Delay:-     100                  
         Data Path:-     300                  
             Slack:=       9                  

Exceptions/Constraints:
  input_delay             100             constraints.sdc_line_3_9_1 

#----------------------------------------------------------------------------------------
# Timing Point   Flags   Arc   Edge    Cell     Fanout Load Trans Delay Arrival Instance 
#                                                      (fF)  (ps)  (ps)   (ps)  Location 
#----------------------------------------------------------------------------------------
  S[0]           -       -     F     (arrival)       4  1.1     0     0     100    (-,-) 
  g12491__4733/Y -       A->Y  R     NOR2X1HVT       5  2.0    74    54     154    (-,-) 
  g12483/Y       -       A->Y  F     INVX1HVT        2  0.5    30    55     209    (-,-) 
  g12467__7482/Y -       A->Y  F     OR2XLHVT        1  0.3    22    68     277    (-,-) 
  g12457__2802/Y -       A->Y  R     NOR2X1HVT       1  0.4    34    36     313    (-,-) 
  g12453__3680/Y -       B0->Y F     AOI31X1HVT      1  0.2    76    32     345    (-,-) 
  g12444__5107/Y -       D->Y  R     NAND4XLHVT      1  0.2    42    55     400    (-,-) 
  Y_reg[3]/D     -       -     R     DFFQXLHVT       1    -     -     0     400    (-,-) 
#----------------------------------------------------------------------------------------



Path 8: MET (9 ps) Setup Check with Pin Y_reg[3]/CK->D
          Group: clk
     Startpoint: (F) B[3]
          Clock: (R) clk
       Endpoint: (F) Y_reg[3]/D
          Clock: (R) clk

                     Capture       Launch     
        Clock Edge:+     500            0     
        Drv Adjust:+       0            0     
       Src Latency:+       0            0     
       Net Latency:+       0 (I)        0 (I) 
           Arrival:=     500            0     
                                              
             Setup:-      79                  
     Required Time:=     421                  
      Launch Clock:-       0                  
       Input Delay:-     100                  
         Data Path:-     312                  
             Slack:=       9                  

Exceptions/Constraints:
  input_delay             100             constraints.sdc_line_3_4_1 

#----------------------------------------------------------------------------------------
# Timing Point   Flags   Arc   Edge    Cell     Fanout Load Trans Delay Arrival Instance 
#                                                      (fF)  (ps)  (ps)   (ps)  Location 
#----------------------------------------------------------------------------------------
  B[3]           -       -     F     (arrival)       3  0.9     0     0     100    (-,-) 
  g12506/Y       -       A->Y  R     INVX1HVT        1  0.4    11    10     110    (-,-) 
  g12484__4319/Y -       B->Y  F     NAND2X1HVT      2  0.5    46    39     149    (-,-) 
  g12474__5477/Y -       A->Y  R     NAND2X1HVT      4  1.4    38    46     195    (-,-) 
  g12467__7482/Y -       B->Y  R     OR2XLHVT        1  0.4    18    53     248    (-,-) 
  g12457__2802/Y -       A->Y  F     NOR2X1HVT       1  0.3    24    29     277    (-,-) 
  g12453__3680/Y -       B0->Y R     AOI31X1HVT      1  0.2    33    39     316    (-,-) 
  g12444__5107/Y -       D->Y  F     NAND4XLHVT      1  0.2   121    95     412    (-,-) 
  Y_reg[3]/D     -       -     F     DFFQXLHVT       1    -     -     0     412    (-,-) 
#----------------------------------------------------------------------------------------



Path 9: MET (11 ps) Setup Check with Pin Y_reg[3]/CK->D
          Group: clk
     Startpoint: (R) B[1]
          Clock: (R) clk
       Endpoint: (R) Y_reg[3]/D
          Clock: (R) clk

                     Capture       Launch     
        Clock Edge:+     500            0     
        Drv Adjust:+       0            0     
       Src Latency:+       0            0     
       Net Latency:+       0 (I)        0 (I) 
           Arrival:=     500            0     
                                              
             Setup:-      91                  
     Required Time:=     409                  
      Launch Clock:-       0                  
       Input Delay:-     100                  
         Data Path:-     298                  
             Slack:=      11                  

Exceptions/Constraints:
  input_delay             100             constraints.sdc_line_3_6_1 

#----------------------------------------------------------------------------------------
# Timing Point   Flags   Arc   Edge    Cell     Fanout Load Trans Delay Arrival Instance 
#                                                      (fF)  (ps)  (ps)   (ps)  Location 
#----------------------------------------------------------------------------------------
  B[1]           -       -     R     (arrival)       4  2.3     0     0     100    (-,-) 
  g12487__8246/Y -       A->Y  F     NAND2X1HVT      3  0.9    63    51     151    (-,-) 
  g12472__5107/Y -       A->Y  R     NAND2X1HVT      1  0.4    25    46     196    (-,-) 
  g12462__6161/Y -       A1->Y F     AOI21X1HVT      2  0.6    63    64     260    (-,-) 
  g12457__2802/Y -       B->Y  R     NOR2X1HVT       1  0.4    34    51     311    (-,-) 
  g12453__3680/Y -       B0->Y F     AOI31X1HVT      1  0.2    76    32     343    (-,-) 
  g12444__5107/Y -       D->Y  R     NAND4XLHVT      1  0.2    42    55     398    (-,-) 
  Y_reg[3]/D     -       -     R     DFFQXLHVT       1    -     -     0     398    (-,-) 
#----------------------------------------------------------------------------------------



Path 10: MET (11 ps) Setup Check with Pin Y_reg[3]/CK->D
          Group: clk
     Startpoint: (R) B[3]
          Clock: (R) clk
       Endpoint: (F) Y_reg[3]/D
          Clock: (R) clk

                     Capture       Launch     
        Clock Edge:+     500            0     
        Drv Adjust:+       0            0     
       Src Latency:+       0            0     
       Net Latency:+       0 (I)        0 (I) 
           Arrival:=     500            0     
                                              
             Setup:-      79                  
     Required Time:=     421                  
      Launch Clock:-       0                  
       Input Delay:-     100                  
         Data Path:-     310                  
             Slack:=      11                  

Exceptions/Constraints:
  input_delay             100             constraints.sdc_line_3_4_1 

#----------------------------------------------------------------------------------------
# Timing Point   Flags   Arc   Edge    Cell     Fanout Load Trans Delay Arrival Instance 
#                                                      (fF)  (ps)  (ps)   (ps)  Location 
#----------------------------------------------------------------------------------------
  B[3]           -       -     R     (arrival)       3  1.2     0     0     100    (-,-) 
  g12506/Y       -       A->Y  F     INVX1HVT        1  0.3    13    12     112    (-,-) 
  g12484__4319/Y -       B->Y  R     NAND2X1HVT      2  0.6    19    20     131    (-,-) 
  g12474__5477/Y -       A->Y  F     NAND2X1HVT      4  1.1    73    66     197    (-,-) 
  g12463__7098/Y -       B1->Y R     AOI32X1HVT      1  0.2    44    66     263    (-,-) 
  g12444__5107/Y -       A->Y  F     NAND4XLHVT      1  0.2   121   147     410    (-,-) 
  Y_reg[3]/D     -       -     F     DFFQXLHVT       1    -     -     0     410    (-,-) 
#----------------------------------------------------------------------------------------

