============================================================
  Generated by:           Genus(TM) Synthesis Solution 21.19-s055_1
  Generated on:           Dec 18 2025  09:55:36 pm
  Module:                 alu
  Operating conditions:   PVT_1P32V_0C (balanced_tree)
  Wireload mode:          enclosed
  Area mode:              timing library
============================================================

Timing
-------
  Cost    Critical         Violating 
 Group   Path Slack  TNS     Paths   
-------------------------------------
default         0.0   0.0          0 
-------------------------------------
Total                 0.0          0 

Instance Count
--------------
Leaf Instance Count             61 
Physical Instance count          0 
Sequential Instance Count        0 
Combinational Instance Count    61 
Hierarchical Instance Count      0 

Area
----
Cell Area                          95.486
Physical Cell Area                 0.000
Total Cell Area (Cell+Physical)    95.486
Net Area                           0.000
Total Area (Cell+Physical+Net)     95.486

Max Fanout                         6 (n_46)
Min Fanout                         1 (n_0)
Average Fanout                     2.1
Terms to net ratio                 2.9437
Terms to instance ratio            3.4262
Runtime                            20.999999 seconds
Elapsed Runtime                    28 seconds
Genus peak memory usage            1442.44 
Innovus peak memory usage          no_value 
Hostname                           pink
