============================================================
  Generated by:           Genus(TM) Synthesis Solution 21.19-s055_1
  Generated on:           Dec 18 2025  09:55:36 pm
  Module:                 alu
  Operating conditions:   PVT_1P32V_0C (balanced_tree)
  Wireload mode:          enclosed
  Area mode:              timing library
============================================================


Path 1: MET (0 ps) Path Delay Check
     Startpoint: (F) A[3]
       Endpoint: (R) Y[3]

                   Capture    Launch  
      Path Delay:+     100         -  
      Drv Adjust:+       0         0  
         Arrival:=     100            
                                      
   Required Time:=     100            
       Data Path:-     100            
           Slack:=       0            

Exceptions/Constraints:
  max_delay             100             constraints.sdc_line_1 

#-----------------------------------------------------------------------------------------
# Timing Point   Flags   Arc   Edge    Cell      Fanout Load Trans Delay Arrival Instance 
#                                                       (fF)  (ps)  (ps)   (ps)  Location 
#-----------------------------------------------------------------------------------------
  A[3]           -       -     F     (arrival)        5  3.5     0     0       0    (-,-) 
  g8873/Y        -       A->Y  R     INVX3HVT         1  1.7     6     7       7    (-,-) 
  g8849__3680/Y  -       A1->Y F     OAI22X4HVT       4  1.8    22    22      29    (-,-) 
  g8837/Y        -       A->Y  R     INVX2HVT         4  1.4    11    12      41    (-,-) 
  g8822__2802/Y  -       C->Y  F     NAND4XLHVT       1  0.2    29    26      68    (-,-) 
  g8816__8428/Y  -       B->Y  R     NAND2XLHVT       1  0.3    14    16      84    (-,-) 
  g8812__2398/Y  -       AN->Y R     NAND3BXLHVT      1  0.0     9    16     100    (-,-) 
  Y[3]           -       -     R     (port)           -    -     -     0     100    (-,-) 
#-----------------------------------------------------------------------------------------



Path 2: MET (0 ps) Path Delay Check
     Startpoint: (F) A[0]
       Endpoint: (R) Y[3]

                   Capture    Launch  
      Path Delay:+     100         -  
      Drv Adjust:+       0         0  
         Arrival:=     100            
                                      
   Required Time:=     100            
       Data Path:-     100            
           Slack:=       0            

Exceptions/Constraints:
  max_delay             100             constraints.sdc_line_1 

#-----------------------------------------------------------------------------------------
# Timing Point   Flags   Arc   Edge    Cell      Fanout Load Trans Delay Arrival Instance 
#                                                       (fF)  (ps)  (ps)   (ps)  Location 
#-----------------------------------------------------------------------------------------
  A[0]           -       -     F     (arrival)        3  2.1     0     0       0    (-,-) 
  g8874/Y        -       A->Y  R     INVX1HVT         1  0.4     4     6       6    (-,-) 
  g8856__2802/Y  -       B->Y  F     NAND2X1HVT       4  1.6    26    19      25    (-,-) 
  g8828__1666/Y  -       A1->Y R     AOI21X2HVT       3  0.8    16    19      44    (-,-) 
  g8822__2802/Y  -       D->Y  F     NAND4XLHVT       1  0.2    29    23      67    (-,-) 
  g8816__8428/Y  -       B->Y  R     NAND2XLHVT       1  0.3    14    16      83    (-,-) 
  g8812__2398/Y  -       AN->Y R     NAND3BXLHVT      1  0.0     9    16     100    (-,-) 
  Y[3]           -       -     R     (port)           -    -     -     0     100    (-,-) 
#-----------------------------------------------------------------------------------------



Path 3: MET (1 ps) Path Delay Check
     Startpoint: (F) A[1]
       Endpoint: (R) Y[3]

                   Capture    Launch  
      Path Delay:+     100         -  
      Drv Adjust:+       0         0  
         Arrival:=     100            
                                      
   Required Time:=     100            
       Data Path:-      99            
           Slack:=       1            

Exceptions/Constraints:
  max_delay             100             constraints.sdc_line_1 

#-----------------------------------------------------------------------------------------
# Timing Point   Flags   Arc   Edge    Cell      Fanout Load Trans Delay Arrival Instance 
#                                                       (fF)  (ps)  (ps)   (ps)  Location 
#-----------------------------------------------------------------------------------------
  A[1]           -       -     F     (arrival)        3  1.6     0     0       0    (-,-) 
  g8871/Y        -       A->Y  R     INVX1HVT         2  0.8     7     7       7    (-,-) 
  g8864__1705/Y  -       B->Y  F     NAND2X1HVT       2  1.0    19    16      23    (-,-) 
  g8828__1666/Y  -       A0->Y R     AOI21X2HVT       3  0.8    16    20      44    (-,-) 
  g8822__2802/Y  -       D->Y  F     NAND4XLHVT       1  0.2    29    23      67    (-,-) 
  g8816__8428/Y  -       B->Y  R     NAND2XLHVT       1  0.3    14    16      82    (-,-) 
  g8812__2398/Y  -       AN->Y R     NAND3BXLHVT      1  0.0     9    16      99    (-,-) 
  Y[3]           -       -     R     (port)           -    -     -     0      99    (-,-) 
#-----------------------------------------------------------------------------------------



Path 4: MET (1 ps) Path Delay Check
     Startpoint: (R) B[0]
       Endpoint: (R) Y[3]

                   Capture    Launch  
      Path Delay:+     100         -  
      Drv Adjust:+       0         0  
         Arrival:=     100            
                                      
   Required Time:=     100            
       Data Path:-      99            
           Slack:=       1            

Exceptions/Constraints:
  max_delay             100             constraints.sdc_line_1 

#-----------------------------------------------------------------------------------------
# Timing Point   Flags   Arc   Edge    Cell      Fanout Load Trans Delay Arrival Instance 
#                                                       (fF)  (ps)  (ps)   (ps)  Location 
#-----------------------------------------------------------------------------------------
  B[0]           -       -     R     (arrival)        3  2.6     0     0       0    (-,-) 
  g8867__6161/Y  -       A->Y  F     NAND2X4HVT       4  1.6    12    13      13    (-,-) 
  g8839__6783/Y  -       A1->Y R     OAI21X2HVT       4  1.5    22    20      33    (-,-) 
  g8877/Y        -       C->Y  F     NAND4BXLHVT      1  0.2    29    30      62    (-,-) 
  g8819__3680/Y  -       B0->Y R     OAI21XLHVT       1  0.2    18    15      78    (-,-) 
  g8815__6260/Y  -       B0->Y F     AOI21XLHVT       1  0.2    16    11      89    (-,-) 
  g8812__2398/Y  -       C->Y  R     NAND3BXLHVT      1  0.0     9    10      99    (-,-) 
  Y[3]           -       -     R     (port)           -    -     -     0      99    (-,-) 
#-----------------------------------------------------------------------------------------



Path 5: MET (1 ps) Path Delay Check
     Startpoint: (F) A[3]
       Endpoint: (R) Y[3]

                   Capture    Launch  
      Path Delay:+     100         -  
      Drv Adjust:+       0         0  
         Arrival:=     100            
                                      
   Required Time:=     100            
       Data Path:-      99            
           Slack:=       1            

Exceptions/Constraints:
  max_delay             100             constraints.sdc_line_1 

#-----------------------------------------------------------------------------------------
# Timing Point   Flags   Arc   Edge    Cell      Fanout Load Trans Delay Arrival Instance 
#                                                       (fF)  (ps)  (ps)   (ps)  Location 
#-----------------------------------------------------------------------------------------
  A[3]           -       -     F     (arrival)        5  3.5     0     0       0    (-,-) 
  g8873/Y        -       A->Y  R     INVX3HVT         1  1.7     6     7       7    (-,-) 
  g8849__3680/Y  -       A1->Y F     OAI22X4HVT       4  1.8    22    22      29    (-,-) 
  g8837/Y        -       A->Y  R     INVX2HVT         4  1.4    11    12      41    (-,-) 
  g8877/Y        -       D->Y  F     NAND4BXLHVT      1  0.2    29    21      62    (-,-) 
  g8819__3680/Y  -       B0->Y R     OAI21XLHVT       1  0.2    18    15      77    (-,-) 
  g8815__6260/Y  -       B0->Y F     AOI21XLHVT       1  0.2    16    11      89    (-,-) 
  g8812__2398/Y  -       C->Y  R     NAND3BXLHVT      1  0.0     9    10      99    (-,-) 
  Y[3]           -       -     R     (port)           -    -     -     0      99    (-,-) 
#-----------------------------------------------------------------------------------------



Path 6: MET (2 ps) Path Delay Check
     Startpoint: (R) B[2]
       Endpoint: (F) Y[2]

                   Capture    Launch  
      Path Delay:+     100         -  
      Drv Adjust:+       0         0  
         Arrival:=     100            
                                      
   Required Time:=     100            
       Data Path:-      98            
           Slack:=       2            

Exceptions/Constraints:
  max_delay             100             constraints.sdc_line_1 

#-------------------------------------------------------------------------------------------
# Timing Point   Flags    Arc   Edge     Cell      Fanout Load Trans Delay Arrival Instance 
#                                                         (fF)  (ps)  (ps)   (ps)  Location 
#-------------------------------------------------------------------------------------------
  B[2]           -       -      R     (arrival)         4  1.9     0     0       0    (-,-) 
  g8866__9945/Y  -       A->Y   F     NAND2X2HVT        4  1.0    12    13      13    (-,-) 
  g2/Y           -       AN->Y  F     NOR2BX1HVT        4  0.8    12    21      34    (-,-) 
  g8836__6131/Y  -       A1N->Y F     OAI2BB1X1HVT      1  0.4    12    22      56    (-,-) 
  g8827__1617/Y  -       B0->Y  R     AOI21X1HVT        1  0.5    18    17      73    (-,-) 
  g8813__5107/Y  -       B0->Y  F     OAI211X1HVT       1  0.0    20    25      98    (-,-) 
  Y[2]           -       -      F     (port)            -    -     -     0      98    (-,-) 
#-------------------------------------------------------------------------------------------



Path 7: MET (2 ps) Path Delay Check
     Startpoint: (R) S[0]
       Endpoint: (R) Y[3]

                   Capture    Launch  
      Path Delay:+     100         -  
      Drv Adjust:+       0         0  
         Arrival:=     100            
                                      
   Required Time:=     100            
       Data Path:-      98            
           Slack:=       2            

Exceptions/Constraints:
  max_delay             100             constraints.sdc_line_1 

#-----------------------------------------------------------------------------------------
# Timing Point   Flags   Arc   Edge    Cell      Fanout Load Trans Delay Arrival Instance 
#                                                       (fF)  (ps)  (ps)   (ps)  Location 
#-----------------------------------------------------------------------------------------
  S[0]           -       -     R     (arrival)        4  1.5     0     0       0    (-,-) 
  g8876/Y        -       A->Y  F     INVX1HVT         1  0.4     4     5       5    (-,-) 
  g8869__8246/Y  -       B->Y  R     NOR2X1HVT        5  1.7    30    21      26    (-,-) 
  g8861/Y        -       A->Y  F     INVX1HVT         3  0.8    12    16      42    (-,-) 
  g8823__1705/Y  -       B->Y  R     NOR4X1HVT        1  0.2    29    31      74    (-,-) 
  g8818__4319/Y  -       B->Y  F     NOR2XLHVT        1  0.2     9    15      88    (-,-) 
  g8812__2398/Y  -       B->Y  R     NAND3BXLHVT      1  0.0     9    10      98    (-,-) 
  Y[3]           -       -     R     (port)           -    -     -     0      98    (-,-) 
#-----------------------------------------------------------------------------------------



Path 8: MET (3 ps) Path Delay Check
     Startpoint: (F) B[3]
       Endpoint: (R) Y[3]

                   Capture    Launch  
      Path Delay:+     100         -  
      Drv Adjust:+       0         0  
         Arrival:=     100            
                                      
   Required Time:=     100            
       Data Path:-      97            
           Slack:=       3            

Exceptions/Constraints:
  max_delay             100             constraints.sdc_line_1 

#-----------------------------------------------------------------------------------------
# Timing Point   Flags   Arc   Edge    Cell      Fanout Load Trans Delay Arrival Instance 
#                                                       (fF)  (ps)  (ps)   (ps)  Location 
#-----------------------------------------------------------------------------------------
  B[3]           -       -     F     (arrival)        5  3.2     0     0       0    (-,-) 
  g8872/Y        -       A->Y  R     INVX2HVT         1  1.7     8     8       8    (-,-) 
  g8849__3680/Y  -       B1->Y F     OAI22X4HVT       4  1.8    22    18      26    (-,-) 
  g8837/Y        -       A->Y  R     INVX2HVT         4  1.4    11    12      39    (-,-) 
  g8822__2802/Y  -       C->Y  F     NAND4XLHVT       1  0.2    29    26      65    (-,-) 
  g8816__8428/Y  -       B->Y  R     NAND2XLHVT       1  0.3    14    16      81    (-,-) 
  g8812__2398/Y  -       AN->Y R     NAND3BXLHVT      1  0.0     9    16      97    (-,-) 
  Y[3]           -       -     R     (port)           -    -     -     0      97    (-,-) 
#-----------------------------------------------------------------------------------------



Path 9: MET (3 ps) Path Delay Check
     Startpoint: (R) B[1]
       Endpoint: (R) Y[3]

                   Capture    Launch  
      Path Delay:+     100         -  
      Drv Adjust:+       0         0  
         Arrival:=     100            
                                      
   Required Time:=     100            
       Data Path:-      97            
           Slack:=       3            

Exceptions/Constraints:
  max_delay             100             constraints.sdc_line_1 

#-----------------------------------------------------------------------------------------
# Timing Point   Flags   Arc   Edge    Cell      Fanout Load Trans Delay Arrival Instance 
#                                                       (fF)  (ps)  (ps)   (ps)  Location 
#-----------------------------------------------------------------------------------------
  B[1]           -       -     R     (arrival)        4  2.3     0     0       0    (-,-) 
  g8854__7482/Y  -       A->Y  F     NAND2X1HVT       2  1.2    21    17      17    (-,-) 
  g8839__6783/Y  -       B0->Y R     OAI21X2HVT       4  1.5    22    13      30    (-,-) 
  g8877/Y        -       C->Y  F     NAND4BXLHVT      1  0.2    29    30      60    (-,-) 
  g8819__3680/Y  -       B0->Y R     OAI21XLHVT       1  0.2    18    15      76    (-,-) 
  g8815__6260/Y  -       B0->Y F     AOI21XLHVT       1  0.2    16    11      87    (-,-) 
  g8812__2398/Y  -       C->Y  R     NAND3BXLHVT      1  0.0     9    10      97    (-,-) 
  Y[3]           -       -     R     (port)           -    -     -     0      97    (-,-) 
#-----------------------------------------------------------------------------------------



Path 10: MET (3 ps) Path Delay Check
     Startpoint: (R) A[0]
       Endpoint: (R) Y[3]

                   Capture    Launch  
      Path Delay:+     100         -  
      Drv Adjust:+       0         0  
         Arrival:=     100            
                                      
   Required Time:=     100            
       Data Path:-      97            
           Slack:=       3            

Exceptions/Constraints:
  max_delay             100             constraints.sdc_line_1 

#-----------------------------------------------------------------------------------------
# Timing Point   Flags   Arc   Edge    Cell      Fanout Load Trans Delay Arrival Instance 
#                                                       (fF)  (ps)  (ps)   (ps)  Location 
#-----------------------------------------------------------------------------------------
  A[0]           -       -     R     (arrival)        3  2.3     0     0       0    (-,-) 
  g8867__6161/Y  -       B->Y  F     NAND2X4HVT       4  1.6    12    11      11    (-,-) 
  g8839__6783/Y  -       A1->Y R     OAI21X2HVT       4  1.5    22    20      30    (-,-) 
  g8877/Y        -       C->Y  F     NAND4BXLHVT      1  0.2    29    30      60    (-,-) 
  g8819__3680/Y  -       B0->Y R     OAI21XLHVT       1  0.2    18    15      76    (-,-) 
  g8815__6260/Y  -       B0->Y F     AOI21XLHVT       1  0.2    16    11      87    (-,-) 
  g8812__2398/Y  -       C->Y  R     NAND3BXLHVT      1  0.0     9    10      97    (-,-) 
  Y[3]           -       -     R     (port)           -    -     -     0      97    (-,-) 
#-----------------------------------------------------------------------------------------

