============================================================
  Generated by:           Genus(TM) Synthesis Solution 21.19-s055_1
  Generated on:           Dec 18 2025  09:55:36 pm
  Module:                 alu
  Operating conditions:   PVT_1P32V_0C (balanced_tree)
  Wireload mode:          enclosed
  Area mode:              timing library
============================================================


Path 1: MET (0 ps) Path Delay Check
     Startpoint: (F) A[3]
       Endpoint: (R) Y[3]

                   Capture    Launch  
      Path Delay:+     100         -  
      Drv Adjust:+       0         0  
         Arrival:=     100            
                                      
   Required Time:=     100            
       Data Path:-     100            
           Slack:=       0            

Exceptions/Constraints:
  max_delay             100             constraints.sdc_line_1 

#-----------------------------------------------------------------------------------------
# Timing Point   Flags   Arc   Edge    Cell      Fanout Load Trans Delay Arrival Instance 
#                                                       (fF)  (ps)  (ps)   (ps)  Location 
#-----------------------------------------------------------------------------------------
  A[3]           -       -     F     (arrival)        5  3.5     0     0       0    (-,-) 
  g8873/Y        -       A->Y  R     INVX3HVT         1  1.7     6     7       7    (-,-) 
  g8849__3680/Y  -       A1->Y F     OAI22X4HVT       4  1.8    22    22      29    (-,-) 
  g8837/Y        -       A->Y  R     INVX2HVT         4  1.4    11    12      41    (-,-) 
  g8822__2802/Y  -       C->Y  F     NAND4XLHVT       1  0.2    29    26      68    (-,-) 
  g8816__8428/Y  -       B->Y  R     NAND2XLHVT       1  0.3    14    16      84    (-,-) 
  g8812__2398/Y  -       AN->Y R     NAND3BXLHVT      1  0.0     9    16     100    (-,-) 
  Y[3]           <<<     -     R     (port)           -    -     -     0     100    (-,-) 
#-----------------------------------------------------------------------------------------

