============================================================
  Generated by:           Genus(TM) Synthesis Solution 21.19-s055_1
  Generated on:           Dec 15 2025  10:26:40 pm
  Module:                 alu
  Operating conditions:   PVT_1P08V_125C (balanced_tree)
  Wireload mode:          enclosed
  Area mode:              timing library
============================================================

Timing
-------
  Cost    Critical         Violating 
 Group   Path Slack  TNS     Paths   
-------------------------------------
default      9437.8   0.0          0 
-------------------------------------
Total                 0.0          0 

Instance Count
--------------
Leaf Instance Count             25 
Physical Instance count          0 
Sequential Instance Count        0 
Combinational Instance Count    25 
Hierarchical Instance Count      0 

Area
----
Cell Area                          52.326
Physical Cell Area                 0.000
Total Cell Area (Cell+Physical)    52.326
Net Area                           0.000
Total Area (Cell+Physical+Net)     52.326

Max Fanout                         5 (n_11)
Min Fanout                         1 (n_0)
Average Fanout                     1.9
Terms to net ratio                 2.5135
Terms to instance ratio            3.7200
Runtime                            18.999996 seconds
Elapsed Runtime                    26 seconds
Genus peak memory usage            1442.36 
Innovus peak memory usage          no_value 
Hostname                           pink
