============================================================
  Generated by:           Genus(TM) Synthesis Solution 21.19-s055_1
  Generated on:           Dec 14 2025  10:55:15 pm
  Module:                 alu
  Operating conditions:   PVT_1P08V_125C (balanced_tree)
  Wireload mode:          enclosed
  Area mode:              timing library
============================================================


Path 1: MET (251 ps) Setup Check with Pin Y_reg[3]/CK->D
          Group: clk
     Startpoint: (F) S[0]
          Clock: (R) clk
       Endpoint: (F) Y_reg[3]/D
          Clock: (R) clk

                     Capture       Launch     
        Clock Edge:+    1000            0     
        Drv Adjust:+       0            0     
       Src Latency:+       0            0     
       Net Latency:+       0 (I)        0 (I) 
           Arrival:=    1000            0     
                                              
             Setup:-      80                  
     Required Time:=     920                  
      Launch Clock:-       0                  
       Input Delay:-     100                  
         Data Path:-     570                  
             Slack:=     251                  

Exceptions/Constraints:
  input_delay             100             constraints.sdc_line_3_9_1 

#------------------------------------------------------------------------------------------
# Timing Point   Flags    Arc   Edge    Cell      Fanout Load Trans Delay Arrival Instance 
#                                                        (fF)  (ps)  (ps)   (ps)  Location 
#------------------------------------------------------------------------------------------
  S[0]           -       -      F     (arrival)        5  1.2     0     0     100    (-,-) 
  g683/Y         -       A->Y   R     INVX1HVT         5  1.4    26    18     118    (-,-) 
  g674__5122/Y   -       A->Y   F     MXI2XLHVT        1  0.5    84    83     202    (-,-) 
  g665__5526/CO  -       CI->CO F     ADDFX1HVT        1  0.5    25   127     328    (-,-) 
  g661__4319/CO  -       CI->CO F     ADDFX1HVT        1  0.4    23   101     430    (-,-) 
  g659__6260/Y   -       B->Y   R     XNOR2X1HVT       1  0.4    18   113     542    (-,-) 
  g656__2398/Y   -       B1->Y  F     OAI222X1HVT      1  0.2   122   128     670    (-,-) 
  Y_reg[3]/D     -       -      F     DFFQXLHVT        1    -     -     0     670    (-,-) 
#------------------------------------------------------------------------------------------



Path 2: MET (252 ps) Setup Check with Pin Y_reg[3]/CK->D
          Group: clk
     Startpoint: (R) B[0]
          Clock: (R) clk
       Endpoint: (F) Y_reg[3]/D
          Clock: (R) clk

                     Capture       Launch     
        Clock Edge:+    1000            0     
        Drv Adjust:+       0            0     
       Src Latency:+       0            0     
       Net Latency:+       0 (I)        0 (I) 
           Arrival:=    1000            0     
                                              
             Setup:-      80                  
     Required Time:=     920                  
      Launch Clock:-       0                  
       Input Delay:-     100                  
         Data Path:-     569                  
             Slack:=     252                  

Exceptions/Constraints:
  input_delay             100             constraints.sdc_line_3_7_1 

#------------------------------------------------------------------------------------------
# Timing Point   Flags    Arc   Edge    Cell      Fanout Load Trans Delay Arrival Instance 
#                                                        (fF)  (ps)  (ps)   (ps)  Location 
#------------------------------------------------------------------------------------------
  B[0]           -       -      R     (arrival)        3  1.0     0     0     100    (-,-) 
  g681__6161/Y   -       A->Y   F     NAND2X1HVT       2  0.5    46    41     141    (-,-) 
  g667__3680/Y   -       B0->Y  R     OAI21X1HVT       1  0.8    50    38     178    (-,-) 
  g665__5526/CO  -       B->CO  R     ADDFX1HVT        1  0.5    26   149     327    (-,-) 
  g661__4319/CO  -       CI->CO R     ADDFX1HVT        1  0.4    24   127     454    (-,-) 
  g659__6260/Y   -       B->Y   R     XNOR2X1HVT       1  0.4    18    87     541    (-,-) 
  g656__2398/Y   -       B1->Y  F     OAI222X1HVT      1  0.2   122   128     669    (-,-) 
  Y_reg[3]/D     -       -      F     DFFQXLHVT        1    -     -     0     669    (-,-) 
#------------------------------------------------------------------------------------------



Path 3: MET (257 ps) Setup Check with Pin Y_reg[3]/CK->D
          Group: clk
     Startpoint: (R) S[0]
          Clock: (R) clk
       Endpoint: (F) Y_reg[3]/D
          Clock: (R) clk

                     Capture       Launch     
        Clock Edge:+    1000            0     
        Drv Adjust:+       0            0     
       Src Latency:+       0            0     
       Net Latency:+       0 (I)        0 (I) 
           Arrival:=    1000            0     
                                              
             Setup:-      80                  
     Required Time:=     920                  
      Launch Clock:-       0                  
       Input Delay:-     100                  
         Data Path:-     564                  
             Slack:=     257                  

Exceptions/Constraints:
  input_delay             100             constraints.sdc_line_3_9_1 

#------------------------------------------------------------------------------------------
# Timing Point   Flags    Arc   Edge    Cell      Fanout Load Trans Delay Arrival Instance 
#                                                        (fF)  (ps)  (ps)   (ps)  Location 
#------------------------------------------------------------------------------------------
  S[0]           -       -      R     (arrival)        5  1.4     0     0     100    (-,-) 
  g683/Y         -       A->Y   F     INVX1HVT         5  1.2    32    22     122    (-,-) 
  g674__5122/Y   -       A->Y   R     MXI2XLHVT        1  0.5    54    59     181    (-,-) 
  g665__5526/CO  -       CI->CO R     ADDFX1HVT        1  0.5    26   141     322    (-,-) 
  g661__4319/CO  -       CI->CO R     ADDFX1HVT        1  0.4    24   127     450    (-,-) 
  g659__6260/Y   -       B->Y   R     XNOR2X1HVT       1  0.4    18    87     536    (-,-) 
  g656__2398/Y   -       B1->Y  F     OAI222X1HVT      1  0.2   122   128     664    (-,-) 
  Y_reg[3]/D     -       -      F     DFFQXLHVT        1    -     -     0     664    (-,-) 
#------------------------------------------------------------------------------------------



Path 4: MET (257 ps) Setup Check with Pin Y_reg[3]/CK->D
          Group: clk
     Startpoint: (R) S[0]
          Clock: (R) clk
       Endpoint: (F) Y_reg[3]/D
          Clock: (R) clk

                     Capture       Launch     
        Clock Edge:+    1000            0     
        Drv Adjust:+       0            0     
       Src Latency:+       0            0     
       Net Latency:+       0 (I)        0 (I) 
           Arrival:=    1000            0     
                                              
             Setup:-      80                  
     Required Time:=     920                  
      Launch Clock:-       0                  
       Input Delay:-     100                  
         Data Path:-     564                  
             Slack:=     257                  

Exceptions/Constraints:
  input_delay             100             constraints.sdc_line_3_9_1 

#------------------------------------------------------------------------------------------
# Timing Point   Flags    Arc   Edge    Cell      Fanout Load Trans Delay Arrival Instance 
#                                                        (fF)  (ps)  (ps)   (ps)  Location 
#------------------------------------------------------------------------------------------
  S[0]           -       -      R     (arrival)        5  1.4     0     0     100    (-,-) 
  g683/Y         -       A->Y   F     INVX1HVT         5  1.2    32    22     122    (-,-) 
  g667__3680/Y   -       A1->Y  R     OAI21X1HVT       1  0.8    50    51     173    (-,-) 
  g665__5526/CO  -       B->CO  R     ADDFX1HVT        1  0.5    26   149     322    (-,-) 
  g661__4319/CO  -       CI->CO R     ADDFX1HVT        1  0.4    24   127     449    (-,-) 
  g659__6260/Y   -       B->Y   R     XNOR2X1HVT       1  0.4    18    87     536    (-,-) 
  g656__2398/Y   -       B1->Y  F     OAI222X1HVT      1  0.2   122   128     664    (-,-) 
  Y_reg[3]/D     -       -      F     DFFQXLHVT        1    -     -     0     664    (-,-) 
#------------------------------------------------------------------------------------------



Path 5: MET (259 ps) Setup Check with Pin Y_reg[3]/CK->D
          Group: clk
     Startpoint: (R) A[0]
          Clock: (R) clk
       Endpoint: (F) Y_reg[3]/D
          Clock: (R) clk

                     Capture       Launch     
        Clock Edge:+    1000            0     
        Drv Adjust:+       0            0     
       Src Latency:+       0            0     
       Net Latency:+       0 (I)        0 (I) 
           Arrival:=    1000            0     
                                              
             Setup:-      80                  
     Required Time:=     920                  
      Launch Clock:-       0                  
       Input Delay:-     100                  
         Data Path:-     561                  
             Slack:=     259                  

Exceptions/Constraints:
  input_delay             100             constraints.sdc_line_3_3_1 

#------------------------------------------------------------------------------------------
# Timing Point   Flags    Arc   Edge    Cell      Fanout Load Trans Delay Arrival Instance 
#                                                        (fF)  (ps)  (ps)   (ps)  Location 
#------------------------------------------------------------------------------------------
  A[0]           -       -      R     (arrival)        2  0.8     0     0     100    (-,-) 
  g681__6161/Y   -       B->Y   F     NAND2X1HVT       2  0.5    46    34     134    (-,-) 
  g667__3680/Y   -       B0->Y  R     OAI21X1HVT       1  0.8    50    38     171    (-,-) 
  g665__5526/CO  -       B->CO  R     ADDFX1HVT        1  0.5    26   149     320    (-,-) 
  g661__4319/CO  -       CI->CO R     ADDFX1HVT        1  0.4    24   127     447    (-,-) 
  g659__6260/Y   -       B->Y   R     XNOR2X1HVT       1  0.4    18    87     534    (-,-) 
  g656__2398/Y   -       B1->Y  F     OAI222X1HVT      1  0.2   122   128     661    (-,-) 
  Y_reg[3]/D     -       -      F     DFFQXLHVT        1    -     -     0     661    (-,-) 
#------------------------------------------------------------------------------------------



Path 6: MET (269 ps) Setup Check with Pin Y_reg[2]/CK->D
          Group: clk
     Startpoint: (R) B[0]
          Clock: (R) clk
       Endpoint: (F) Y_reg[2]/D
          Clock: (R) clk

                     Capture       Launch     
        Clock Edge:+    1000            0     
        Drv Adjust:+       0            0     
       Src Latency:+       0            0     
       Net Latency:+       0 (I)        0 (I) 
           Arrival:=    1000            0     
                                              
             Setup:-      80                  
     Required Time:=     920                  
      Launch Clock:-       0                  
       Input Delay:-     100                  
         Data Path:-     552                  
             Slack:=     269                  

Exceptions/Constraints:
  input_delay             100             constraints.sdc_line_3_7_1 

#-----------------------------------------------------------------------------------------
# Timing Point   Flags   Arc   Edge    Cell      Fanout Load Trans Delay Arrival Instance 
#                                                       (fF)  (ps)  (ps)   (ps)  Location 
#-----------------------------------------------------------------------------------------
  B[0]           -       -     R     (arrival)        3  1.0     0     0     100    (-,-) 
  g681__6161/Y   -       A->Y  F     NAND2X1HVT       2  0.5    46    41     141    (-,-) 
  g667__3680/Y   -       B0->Y R     OAI21X1HVT       1  0.8    50    38     178    (-,-) 
  g665__5526/CO  -       B->CO R     ADDFX1HVT        1  0.5    26   149     327    (-,-) 
  g661__4319/S   -       CI->S F     ADDFX1HVT        1  0.3    22   178     506    (-,-) 
  g660/Y         -       A->Y  R     INVX1HVT         1  0.4    14    21     526    (-,-) 
  g658__5107/Y   -       B1->Y F     OAI222X1HVT      1  0.2   122   126     652    (-,-) 
  Y_reg[2]/D     -       -     F     DFFQXLHVT        1    -     -     0     652    (-,-) 
#-----------------------------------------------------------------------------------------



Path 7: MET (273 ps) Setup Check with Pin Y_reg[2]/CK->D
          Group: clk
     Startpoint: (R) S[0]
          Clock: (R) clk
       Endpoint: (F) Y_reg[2]/D
          Clock: (R) clk

                     Capture       Launch     
        Clock Edge:+    1000            0     
        Drv Adjust:+       0            0     
       Src Latency:+       0            0     
       Net Latency:+       0 (I)        0 (I) 
           Arrival:=    1000            0     
                                              
             Setup:-      80                  
     Required Time:=     920                  
      Launch Clock:-       0                  
       Input Delay:-     100                  
         Data Path:-     547                  
             Slack:=     273                  

Exceptions/Constraints:
  input_delay             100             constraints.sdc_line_3_9_1 

#------------------------------------------------------------------------------------------
# Timing Point   Flags    Arc   Edge    Cell      Fanout Load Trans Delay Arrival Instance 
#                                                        (fF)  (ps)  (ps)   (ps)  Location 
#------------------------------------------------------------------------------------------
  S[0]           -       -      R     (arrival)        5  1.4     0     0     100    (-,-) 
  g683/Y         -       A->Y   F     INVX1HVT         5  1.2    32    22     122    (-,-) 
  g674__5122/Y   -       A->Y   R     MXI2XLHVT        1  0.5    54    59     181    (-,-) 
  g665__5526/CO  -       CI->CO R     ADDFX1HVT        1  0.5    26   141     322    (-,-) 
  g661__4319/S   -       CI->S  F     ADDFX1HVT        1  0.3    22   178     501    (-,-) 
  g660/Y         -       A->Y   R     INVX1HVT         1  0.4    14    21     522    (-,-) 
  g658__5107/Y   -       B1->Y  F     OAI222X1HVT      1  0.2   122   126     647    (-,-) 
  Y_reg[2]/D     -       -      F     DFFQXLHVT        1    -     -     0     647    (-,-) 
#------------------------------------------------------------------------------------------



Path 8: MET (274 ps) Setup Check with Pin Y_reg[2]/CK->D
          Group: clk
     Startpoint: (R) S[0]
          Clock: (R) clk
       Endpoint: (F) Y_reg[2]/D
          Clock: (R) clk

                     Capture       Launch     
        Clock Edge:+    1000            0     
        Drv Adjust:+       0            0     
       Src Latency:+       0            0     
       Net Latency:+       0 (I)        0 (I) 
           Arrival:=    1000            0     
                                              
             Setup:-      80                  
     Required Time:=     920                  
      Launch Clock:-       0                  
       Input Delay:-     100                  
         Data Path:-     547                  
             Slack:=     274                  

Exceptions/Constraints:
  input_delay             100             constraints.sdc_line_3_9_1 

#-----------------------------------------------------------------------------------------
# Timing Point   Flags   Arc   Edge    Cell      Fanout Load Trans Delay Arrival Instance 
#                                                       (fF)  (ps)  (ps)   (ps)  Location 
#-----------------------------------------------------------------------------------------
  S[0]           -       -     R     (arrival)        5  1.4     0     0     100    (-,-) 
  g683/Y         -       A->Y  F     INVX1HVT         5  1.2    32    22     122    (-,-) 
  g667__3680/Y   -       A1->Y R     OAI21X1HVT       1  0.8    50    51     173    (-,-) 
  g665__5526/CO  -       B->CO R     ADDFX1HVT        1  0.5    26   149     322    (-,-) 
  g661__4319/S   -       CI->S F     ADDFX1HVT        1  0.3    22   178     501    (-,-) 
  g660/Y         -       A->Y  R     INVX1HVT         1  0.4    14    21     521    (-,-) 
  g658__5107/Y   -       B1->Y F     OAI222X1HVT      1  0.2   122   126     647    (-,-) 
  Y_reg[2]/D     -       -     F     DFFQXLHVT        1    -     -     0     647    (-,-) 
#-----------------------------------------------------------------------------------------



Path 9: MET (276 ps) Setup Check with Pin Y_reg[2]/CK->D
          Group: clk
     Startpoint: (R) A[0]
          Clock: (R) clk
       Endpoint: (F) Y_reg[2]/D
          Clock: (R) clk

                     Capture       Launch     
        Clock Edge:+    1000            0     
        Drv Adjust:+       0            0     
       Src Latency:+       0            0     
       Net Latency:+       0 (I)        0 (I) 
           Arrival:=    1000            0     
                                              
             Setup:-      80                  
     Required Time:=     920                  
      Launch Clock:-       0                  
       Input Delay:-     100                  
         Data Path:-     545                  
             Slack:=     276                  

Exceptions/Constraints:
  input_delay             100             constraints.sdc_line_3_3_1 

#-----------------------------------------------------------------------------------------
# Timing Point   Flags   Arc   Edge    Cell      Fanout Load Trans Delay Arrival Instance 
#                                                       (fF)  (ps)  (ps)   (ps)  Location 
#-----------------------------------------------------------------------------------------
  A[0]           -       -     R     (arrival)        2  0.8     0     0     100    (-,-) 
  g681__6161/Y   -       B->Y  F     NAND2X1HVT       2  0.5    46    34     134    (-,-) 
  g667__3680/Y   -       B0->Y R     OAI21X1HVT       1  0.8    50    38     171    (-,-) 
  g665__5526/CO  -       B->CO R     ADDFX1HVT        1  0.5    26   149     320    (-,-) 
  g661__4319/S   -       CI->S F     ADDFX1HVT        1  0.3    22   178     498    (-,-) 
  g660/Y         -       A->Y  R     INVX1HVT         1  0.4    14    21     519    (-,-) 
  g658__5107/Y   -       B1->Y F     OAI222X1HVT      1  0.2   122   126     645    (-,-) 
  Y_reg[2]/D     -       -     F     DFFQXLHVT        1    -     -     0     645    (-,-) 
#-----------------------------------------------------------------------------------------



Path 10: MET (276 ps) Setup Check with Pin Y_reg[3]/CK->D
          Group: clk
     Startpoint: (F) S[0]
          Clock: (R) clk
       Endpoint: (F) Y_reg[3]/D
          Clock: (R) clk

                     Capture       Launch     
        Clock Edge:+    1000            0     
        Drv Adjust:+       0            0     
       Src Latency:+       0            0     
       Net Latency:+       0 (I)        0 (I) 
           Arrival:=    1000            0     
                                              
             Setup:-      80                  
     Required Time:=     920                  
      Launch Clock:-       0                  
       Input Delay:-     100                  
         Data Path:-     545                  
             Slack:=     276                  

Exceptions/Constraints:
  input_delay             100             constraints.sdc_line_3_9_1 

#------------------------------------------------------------------------------------------
# Timing Point   Flags    Arc   Edge    Cell      Fanout Load Trans Delay Arrival Instance 
#                                                        (fF)  (ps)  (ps)   (ps)  Location 
#------------------------------------------------------------------------------------------
  S[0]           -       -      F     (arrival)        5  1.2     0     0     100    (-,-) 
  g683/Y         -       A->Y   R     INVX1HVT         5  1.4    26    18     118    (-,-) 
  g667__3680/Y   -       A1->Y  F     OAI21X1HVT       1  0.7    66    63     181    (-,-) 
  g665__5526/CO  -       B->CO  F     ADDFX1HVT        1  0.5    25   122     303    (-,-) 
  g661__4319/CO  -       CI->CO F     ADDFX1HVT        1  0.4    23   101     404    (-,-) 
  g659__6260/Y   -       B->Y   R     XNOR2X1HVT       1  0.4    18   113     517    (-,-) 
  g656__2398/Y   -       B1->Y  F     OAI222X1HVT      1  0.2   122   128     645    (-,-) 
  Y_reg[3]/D     -       -      F     DFFQXLHVT        1    -     -     0     645    (-,-) 
#------------------------------------------------------------------------------------------

