============================================================
  Generated by:           Genus(TM) Synthesis Solution 21.19-s055_1
  Generated on:           Dec 14 2025  10:55:15 pm
  Module:                 alu
  Operating conditions:   PVT_1P08V_125C (balanced_tree)
  Wireload mode:          enclosed
  Area mode:              timing library
============================================================

Timing
--------

Clock Period 
-------------
clk   1000.0 


  Cost    Critical         Violating 
 Group   Path Slack  TNS     Paths   
-------------------------------------
clk           250.6   0.0          0 
default    No paths   0.0            
-------------------------------------
Total                 0.0          0 

Instance Count
--------------
Leaf Instance Count             29 
Physical Instance count          0 
Sequential Instance Count        4 
Combinational Instance Count    25 
Hierarchical Instance Count      0 

Area
----
Cell Area                          72.846
Physical Cell Area                 0.000
Total Cell Area (Cell+Physical)    72.846
Net Area                           0.000
Total Area (Cell+Physical+Net)     72.846

Max Fanout                         5 (n_7)
Min Fanout                         1 (Y[0])
Average Fanout                     1.9
Terms to net ratio                 2.5714
Terms to instance ratio            3.7241
Runtime                            18.999996 seconds
Elapsed Runtime                    24 seconds
Genus peak memory usage            1442.55 
Innovus peak memory usage          no_value 
Hostname                           pink
