============================================================
  Generated by:           Genus(TM) Synthesis Solution 21.19-s055_1
  Generated on:           Dec 14 2025  10:55:15 pm
  Module:                 alu
  Operating conditions:   PVT_1P08V_125C (balanced_tree)
  Wireload mode:          enclosed
  Area mode:              timing library
============================================================


Path 1: MET (251 ps) Setup Check with Pin Y_reg[3]/CK->D
          Group: clk
     Startpoint: (F) S[0]
          Clock: (R) clk
       Endpoint: (F) Y_reg[3]/D
          Clock: (R) clk

                     Capture       Launch     
        Clock Edge:+    1000            0     
        Drv Adjust:+       0            0     
       Src Latency:+       0            0     
       Net Latency:+       0 (I)        0 (I) 
           Arrival:=    1000            0     
                                              
             Setup:-      80                  
     Required Time:=     920                  
      Launch Clock:-       0                  
       Input Delay:-     100                  
         Data Path:-     570                  
             Slack:=     251                  

Exceptions/Constraints:
  input_delay             100             constraints.sdc_line_3_9_1 

#------------------------------------------------------------------------------------------
# Timing Point   Flags    Arc   Edge    Cell      Fanout Load Trans Delay Arrival Instance 
#                                                        (fF)  (ps)  (ps)   (ps)  Location 
#------------------------------------------------------------------------------------------
  S[0]           -       -      F     (arrival)        5  1.2     0     0     100    (-,-) 
  g683/Y         -       A->Y   R     INVX1HVT         5  1.4    26    18     118    (-,-) 
  g674__5122/Y   -       A->Y   F     MXI2XLHVT        1  0.5    84    83     202    (-,-) 
  g665__5526/CO  -       CI->CO F     ADDFX1HVT        1  0.5    25   127     328    (-,-) 
  g661__4319/CO  -       CI->CO F     ADDFX1HVT        1  0.4    23   101     430    (-,-) 
  g659__6260/Y   -       B->Y   R     XNOR2X1HVT       1  0.4    18   113     542    (-,-) 
  g656__2398/Y   -       B1->Y  F     OAI222X1HVT      1  0.2   122   128     670    (-,-) 
  Y_reg[3]/D     <<<     -      F     DFFQXLHVT        1    -     -     0     670    (-,-) 
#------------------------------------------------------------------------------------------

