============================================================
  Generated by:           Genus(TM) Synthesis Solution 21.19-s055_1
  Generated on:           Dec 14 2025  11:13:03 pm
  Module:                 alu
  Operating conditions:   PVT_1P08V_125C (balanced_tree)
  Wireload mode:          enclosed
  Area mode:              timing library
============================================================


Path 1: MET (0 ps) Setup Check with Pin Y_reg[3]/CK->D
          Group: clk
     Startpoint: (R) A[2]
          Clock: (R) clk
       Endpoint: (F) Y_reg[3]/D
          Clock: (R) clk

                     Capture       Launch     
        Clock Edge:+     600            0     
        Drv Adjust:+       0            0     
       Src Latency:+       0            0     
       Net Latency:+       0 (I)        0 (I) 
           Arrival:=     600            0     
                                              
             Setup:-      79                  
     Required Time:=     521                  
      Launch Clock:-       0                  
       Input Delay:-     200                  
         Data Path:-     321                  
             Slack:=       0                  

Exceptions/Constraints:
  input_delay             200             constraints.sdc_line_3_1_1 

#-----------------------------------------------------------------------------------------
# Timing Point   Flags   Arc   Edge    Cell      Fanout Load Trans Delay Arrival Instance 
#                                                       (fF)  (ps)  (ps)   (ps)  Location 
#-----------------------------------------------------------------------------------------
  A[2]           -       -     R     (arrival)        4  1.2     0     0     200    (-,-) 
  g12517/Y       -       AN->Y R     NAND2BX1HVT      2  0.6    22    44     244    (-,-) 
  g12475__6417/Y -       A->Y  F     NAND2X1HVT       1  0.3    39    47     291    (-,-) 
  g12460__8246/Y -       A->Y  R     NOR2X1HVT        2  0.6    36    48     338    (-,-) 
  g2/Y           -       AN->Y R     NAND2BX1HVT      1  0.2    16    56     394    (-,-) 
  g12444__5107/Y -       B->Y  F     NAND4XLHVT       1  0.2   121   127     521    (-,-) 
  Y_reg[3]/D     -       -     F     DFFQXLHVT        1    -     -     0     521    (-,-) 
#-----------------------------------------------------------------------------------------



Path 2: MET (2 ps) Setup Check with Pin Y_reg[2]/CK->D
          Group: clk
     Startpoint: (F) S[1]
          Clock: (R) clk
       Endpoint: (R) Y_reg[2]/D
          Clock: (R) clk

                     Capture       Launch     
        Clock Edge:+     600            0     
        Drv Adjust:+       0            0     
       Src Latency:+       0            0     
       Net Latency:+       0 (I)        0 (I) 
           Arrival:=     600            0     
                                              
             Setup:-      95                  
     Required Time:=     505                  
      Launch Clock:-       0                  
       Input Delay:-     200                  
         Data Path:-     303                  
             Slack:=       2                  

Exceptions/Constraints:
  input_delay             200             constraints.sdc_line_3_8_1 

#-----------------------------------------------------------------------------------------
# Timing Point   Flags   Arc   Edge    Cell      Fanout Load Trans Delay Arrival Instance 
#                                                       (fF)  (ps)  (ps)   (ps)  Location 
#-----------------------------------------------------------------------------------------
  S[1]           -       -     F     (arrival)        4  0.9     0     0     200    (-,-) 
  g12518/Y       -       AN->Y F     NAND2BX1HVT      4  1.2    77    79     279    (-,-) 
  g12454__1617/Y -       A1->Y R     OAI32X1HVT       1  0.4    88   103     382    (-,-) 
  g12447__6260/Y -       B0->Y F     AOI21X1HVT       1  0.3    53    63     444    (-,-) 
  g12445__2398/Y -       A1->Y R     OAI22X1HVT       1  0.2    50    58     503    (-,-) 
  Y_reg[2]/D     -       -     R     DFFQXLHVT        1    -     -     0     503    (-,-) 
#-----------------------------------------------------------------------------------------



Path 3: MET (3 ps) Setup Check with Pin Y_reg[2]/CK->D
          Group: clk
     Startpoint: (F) A[1]
          Clock: (R) clk
       Endpoint: (R) Y_reg[2]/D
          Clock: (R) clk

                     Capture       Launch     
        Clock Edge:+     600            0     
        Drv Adjust:+       0            0     
       Src Latency:+       0            0     
       Net Latency:+       0 (I)        0 (I) 
           Arrival:=     600            0     
                                              
             Setup:-      95                  
     Required Time:=     505                  
      Launch Clock:-       0                  
       Input Delay:-     200                  
         Data Path:-     302                  
             Slack:=       3                  

Exceptions/Constraints:
  input_delay             200             constraints.sdc_line_3_2_1 

#----------------------------------------------------------------------------------------
# Timing Point   Flags   Arc   Edge    Cell     Fanout Load Trans Delay Arrival Instance 
#                                                      (fF)  (ps)  (ps)   (ps)  Location 
#----------------------------------------------------------------------------------------
  A[1]           -       -     F     (arrival)       3  1.3     0     0     200    (-,-) 
  g12509/Y       -       A->Y  R     INVX2HVT        2  1.5    16    13     213    (-,-) 
  g12500__6783/Y -       B->Y  F     NAND2X2HVT      2  0.6    39    37     250    (-,-) 
  g12494/Y       -       A->Y  R     INVX1HVT        2  0.8    22    32     283    (-,-) 
  g12464__1666/Y -       B->Y  F     NOR2X1HVT       2  0.5    31    29     311    (-,-) 
  g12454__1617/Y -       A2->Y R     OAI32X1HVT      1  0.4    88    70     381    (-,-) 
  g12447__6260/Y -       B0->Y F     AOI21X1HVT      1  0.3    53    63     444    (-,-) 
  g12445__2398/Y -       A1->Y R     OAI22X1HVT      1  0.2    50    58     502    (-,-) 
  Y_reg[2]/D     -       -     R     DFFQXLHVT       1    -     -     0     502    (-,-) 
#----------------------------------------------------------------------------------------



Path 4: MET (6 ps) Setup Check with Pin Y_reg[3]/CK->D
          Group: clk
     Startpoint: (R) B[0]
          Clock: (R) clk
       Endpoint: (F) Y_reg[3]/D
          Clock: (R) clk

                     Capture       Launch     
        Clock Edge:+     600            0     
        Drv Adjust:+       0            0     
       Src Latency:+       0            0     
       Net Latency:+       0 (I)        0 (I) 
           Arrival:=     600            0     
                                              
             Setup:-      79                  
     Required Time:=     521                  
      Launch Clock:-       0                  
       Input Delay:-     200                  
         Data Path:-     315                  
             Slack:=       6                  

Exceptions/Constraints:
  input_delay             200             constraints.sdc_line_3_7_1 

#-----------------------------------------------------------------------------------------
# Timing Point   Flags   Arc   Edge    Cell      Fanout Load Trans Delay Arrival Instance 
#                                                       (fF)  (ps)  (ps)   (ps)  Location 
#-----------------------------------------------------------------------------------------
  B[0]           -       -     R     (arrival)        2  1.6     0     0     200    (-,-) 
  g12507/Y       -       A->Y  F     INVX2HVT         2  0.9    16    14     214    (-,-) 
  g12489__5526/Y -       B->Y  R     NOR2X2HVT        2  1.2    35    32     246    (-,-) 
  g12465/Y       -       A->Y  F     INVX2HVT         4  1.2    25    33     279    (-,-) 
  g12461__2346/Y -       B->Y  R     NOR2X1HVT        1  0.4    30    32     311    (-,-) 
  g12460__8246/Y -       B->Y  F     NOR2X1HVT        2  0.5    29    33     344    (-,-) 
  g12449__5526/Y -       A1->Y R     OAI211X1HVT      1  0.2    41    47     391    (-,-) 
  g12444__5107/Y -       C->Y  F     NAND4XLHVT       1  0.2   121   124     515    (-,-) 
  Y_reg[3]/D     -       -     F     DFFQXLHVT        1    -     -     0     515    (-,-) 
#-----------------------------------------------------------------------------------------



Path 5: MET (7 ps) Setup Check with Pin Y_reg[3]/CK->D
          Group: clk
     Startpoint: (R) B[1]
          Clock: (R) clk
       Endpoint: (F) Y_reg[3]/D
          Clock: (R) clk

                     Capture       Launch     
        Clock Edge:+     600            0     
        Drv Adjust:+       0            0     
       Src Latency:+       0            0     
       Net Latency:+       0 (I)        0 (I) 
           Arrival:=     600            0     
                                              
             Setup:-      79                  
     Required Time:=     521                  
      Launch Clock:-       0                  
       Input Delay:-     200                  
         Data Path:-     314                  
             Slack:=       7                  

Exceptions/Constraints:
  input_delay             200             constraints.sdc_line_3_6_1 

#----------------------------------------------------------------------------------------
# Timing Point   Flags   Arc   Edge    Cell     Fanout Load Trans Delay Arrival Instance 
#                                                      (fF)  (ps)  (ps)   (ps)  Location 
#----------------------------------------------------------------------------------------
  B[1]           -       -     R     (arrival)       4  2.3     0     0     200    (-,-) 
  g12487__8246/Y -       A->Y  F     NAND2X1HVT      3  0.9    63    51     251    (-,-) 
  g12472__5107/Y -       A->Y  R     NAND2X1HVT      1  0.4    25    46     296    (-,-) 
  g12462__6161/Y -       A1->Y F     AOI21X1HVT      2  0.6    63    64     360    (-,-) 
  g12453__3680/Y -       A2->Y R     AOI31X1HVT      1  0.2    33    58     418    (-,-) 
  g12444__5107/Y -       D->Y  F     NAND4XLHVT      1  0.2   121    95     514    (-,-) 
  Y_reg[3]/D     -       -     F     DFFQXLHVT       1    -     -     0     514    (-,-) 
#----------------------------------------------------------------------------------------



Path 6: MET (8 ps) Setup Check with Pin Y_reg[3]/CK->D
          Group: clk
     Startpoint: (R) A[1]
          Clock: (R) clk
       Endpoint: (F) Y_reg[3]/D
          Clock: (R) clk

                     Capture       Launch     
        Clock Edge:+     600            0     
        Drv Adjust:+       0            0     
       Src Latency:+       0            0     
       Net Latency:+       0 (I)        0 (I) 
           Arrival:=     600            0     
                                              
             Setup:-      79                  
     Required Time:=     521                  
      Launch Clock:-       0                  
       Input Delay:-     200                  
         Data Path:-     313                  
             Slack:=       8                  

Exceptions/Constraints:
  input_delay             200             constraints.sdc_line_3_2_1 

#-----------------------------------------------------------------------------------------
# Timing Point   Flags   Arc   Edge    Cell      Fanout Load Trans Delay Arrival Instance 
#                                                       (fF)  (ps)  (ps)   (ps)  Location 
#-----------------------------------------------------------------------------------------
  A[1]           -       -     R     (arrival)        3  1.6     0     0     200    (-,-) 
  g12509/Y       -       A->Y  F     INVX2HVT         2  1.4    22    17     217    (-,-) 
  g12502__1617/Y -       B->Y  R     NOR2X2HVT        4  1.4    39    36     253    (-,-) 
  g12461__2346/Y -       A->Y  F     NOR2X1HVT        1  0.3    27    41     293    (-,-) 
  g12460__8246/Y -       B->Y  R     NOR2X1HVT        2  0.6    36    37     330    (-,-) 
  g2/Y           -       AN->Y R     NAND2BX1HVT      1  0.2    16    56     386    (-,-) 
  g12444__5107/Y -       B->Y  F     NAND4XLHVT       1  0.2   121   127     513    (-,-) 
  Y_reg[3]/D     -       -     F     DFFQXLHVT        1    -     -     0     513    (-,-) 
#-----------------------------------------------------------------------------------------



Path 7: MET (9 ps) Setup Check with Pin Y_reg[3]/CK->D
          Group: clk
     Startpoint: (F) S[0]
          Clock: (R) clk
       Endpoint: (R) Y_reg[3]/D
          Clock: (R) clk

                     Capture       Launch     
        Clock Edge:+     600            0     
        Drv Adjust:+       0            0     
       Src Latency:+       0            0     
       Net Latency:+       0 (I)        0 (I) 
           Arrival:=     600            0     
                                              
             Setup:-      91                  
     Required Time:=     509                  
      Launch Clock:-       0                  
       Input Delay:-     200                  
         Data Path:-     300                  
             Slack:=       9                  

Exceptions/Constraints:
  input_delay             200             constraints.sdc_line_3_9_1 

#----------------------------------------------------------------------------------------
# Timing Point   Flags   Arc   Edge    Cell     Fanout Load Trans Delay Arrival Instance 
#                                                      (fF)  (ps)  (ps)   (ps)  Location 
#----------------------------------------------------------------------------------------
  S[0]           -       -     F     (arrival)       4  1.1     0     0     200    (-,-) 
  g12491__4733/Y -       A->Y  R     NOR2X1HVT       5  2.0    74    54     254    (-,-) 
  g12483/Y       -       A->Y  F     INVX1HVT        2  0.5    30    55     309    (-,-) 
  g12467__7482/Y -       A->Y  F     OR2XLHVT        1  0.3    22    68     377    (-,-) 
  g12457__2802/Y -       A->Y  R     NOR2X1HVT       1  0.4    34    36     413    (-,-) 
  g12453__3680/Y -       B0->Y F     AOI31X1HVT      1  0.2    76    32     445    (-,-) 
  g12444__5107/Y -       D->Y  R     NAND4XLHVT      1  0.2    42    55     500    (-,-) 
  Y_reg[3]/D     -       -     R     DFFQXLHVT       1    -     -     0     500    (-,-) 
#----------------------------------------------------------------------------------------



Path 8: MET (9 ps) Setup Check with Pin Y_reg[3]/CK->D
          Group: clk
     Startpoint: (F) B[3]
          Clock: (R) clk
       Endpoint: (F) Y_reg[3]/D
          Clock: (R) clk

                     Capture       Launch     
        Clock Edge:+     600            0     
        Drv Adjust:+       0            0     
       Src Latency:+       0            0     
       Net Latency:+       0 (I)        0 (I) 
           Arrival:=     600            0     
                                              
             Setup:-      79                  
     Required Time:=     521                  
      Launch Clock:-       0                  
       Input Delay:-     200                  
         Data Path:-     312                  
             Slack:=       9                  

Exceptions/Constraints:
  input_delay             200             constraints.sdc_line_3_4_1 

#----------------------------------------------------------------------------------------
# Timing Point   Flags   Arc   Edge    Cell     Fanout Load Trans Delay Arrival Instance 
#                                                      (fF)  (ps)  (ps)   (ps)  Location 
#----------------------------------------------------------------------------------------
  B[3]           -       -     F     (arrival)       3  0.9     0     0     200    (-,-) 
  g12506/Y       -       A->Y  R     INVX1HVT        1  0.4    11    10     210    (-,-) 
  g12484__4319/Y -       B->Y  F     NAND2X1HVT      2  0.5    46    39     249    (-,-) 
  g12474__5477/Y -       A->Y  R     NAND2X1HVT      4  1.4    38    46     295    (-,-) 
  g12467__7482/Y -       B->Y  R     OR2XLHVT        1  0.4    18    53     348    (-,-) 
  g12457__2802/Y -       A->Y  F     NOR2X1HVT       1  0.3    24    29     377    (-,-) 
  g12453__3680/Y -       B0->Y R     AOI31X1HVT      1  0.2    33    39     416    (-,-) 
  g12444__5107/Y -       D->Y  F     NAND4XLHVT      1  0.2   121    95     512    (-,-) 
  Y_reg[3]/D     -       -     F     DFFQXLHVT       1    -     -     0     512    (-,-) 
#----------------------------------------------------------------------------------------



Path 9: MET (11 ps) Setup Check with Pin Y_reg[3]/CK->D
          Group: clk
     Startpoint: (R) B[1]
          Clock: (R) clk
       Endpoint: (R) Y_reg[3]/D
          Clock: (R) clk

                     Capture       Launch     
        Clock Edge:+     600            0     
        Drv Adjust:+       0            0     
       Src Latency:+       0            0     
       Net Latency:+       0 (I)        0 (I) 
           Arrival:=     600            0     
                                              
             Setup:-      91                  
     Required Time:=     509                  
      Launch Clock:-       0                  
       Input Delay:-     200                  
         Data Path:-     298                  
             Slack:=      11                  

Exceptions/Constraints:
  input_delay             200             constraints.sdc_line_3_6_1 

#----------------------------------------------------------------------------------------
# Timing Point   Flags   Arc   Edge    Cell     Fanout Load Trans Delay Arrival Instance 
#                                                      (fF)  (ps)  (ps)   (ps)  Location 
#----------------------------------------------------------------------------------------
  B[1]           -       -     R     (arrival)       4  2.3     0     0     200    (-,-) 
  g12487__8246/Y -       A->Y  F     NAND2X1HVT      3  0.9    63    51     251    (-,-) 
  g12472__5107/Y -       A->Y  R     NAND2X1HVT      1  0.4    25    46     296    (-,-) 
  g12462__6161/Y -       A1->Y F     AOI21X1HVT      2  0.6    63    64     360    (-,-) 
  g12457__2802/Y -       B->Y  R     NOR2X1HVT       1  0.4    34    51     411    (-,-) 
  g12453__3680/Y -       B0->Y F     AOI31X1HVT      1  0.2    76    32     443    (-,-) 
  g12444__5107/Y -       D->Y  R     NAND4XLHVT      1  0.2    42    55     498    (-,-) 
  Y_reg[3]/D     -       -     R     DFFQXLHVT       1    -     -     0     498    (-,-) 
#----------------------------------------------------------------------------------------



Path 10: MET (11 ps) Setup Check with Pin Y_reg[3]/CK->D
          Group: clk
     Startpoint: (R) B[3]
          Clock: (R) clk
       Endpoint: (F) Y_reg[3]/D
          Clock: (R) clk

                     Capture       Launch     
        Clock Edge:+     600            0     
        Drv Adjust:+       0            0     
       Src Latency:+       0            0     
       Net Latency:+       0 (I)        0 (I) 
           Arrival:=     600            0     
                                              
             Setup:-      79                  
     Required Time:=     521                  
      Launch Clock:-       0                  
       Input Delay:-     200                  
         Data Path:-     310                  
             Slack:=      11                  

Exceptions/Constraints:
  input_delay             200             constraints.sdc_line_3_4_1 

#----------------------------------------------------------------------------------------
# Timing Point   Flags   Arc   Edge    Cell     Fanout Load Trans Delay Arrival Instance 
#                                                      (fF)  (ps)  (ps)   (ps)  Location 
#----------------------------------------------------------------------------------------
  B[3]           -       -     R     (arrival)       3  1.2     0     0     200    (-,-) 
  g12506/Y       -       A->Y  F     INVX1HVT        1  0.3    13    12     212    (-,-) 
  g12484__4319/Y -       B->Y  R     NAND2X1HVT      2  0.6    19    20     231    (-,-) 
  g12474__5477/Y -       A->Y  F     NAND2X1HVT      4  1.1    73    66     297    (-,-) 
  g12463__7098/Y -       B1->Y R     AOI32X1HVT      1  0.2    44    66     363    (-,-) 
  g12444__5107/Y -       A->Y  F     NAND4XLHVT      1  0.2   121   147     510    (-,-) 
  Y_reg[3]/D     -       -     F     DFFQXLHVT       1    -     -     0     510    (-,-) 
#----------------------------------------------------------------------------------------

