============================================================
  Generated by:           Genus(TM) Synthesis Solution 21.19-s055_1
  Generated on:           Dec 14 2025  11:13:03 pm
  Module:                 alu
  Operating conditions:   PVT_1P08V_125C (balanced_tree)
  Wireload mode:          enclosed
  Area mode:              timing library
============================================================

Timing
--------

Clock Period 
-------------
clk    600.0 


  Cost    Critical         Violating 
 Group   Path Slack  TNS     Paths   
-------------------------------------
clk             0.1   0.0          0 
default    No paths   0.0            
-------------------------------------
Total                 0.0          0 

Instance Count
--------------
Leaf Instance Count             63 
Physical Instance count          0 
Sequential Instance Count        4 
Combinational Instance Count    59 
Hierarchical Instance Count      0 

Area
----
Cell Area                          102.600
Physical Cell Area                 0.000
Total Cell Area (Cell+Physical)    102.600
Net Area                           0.000
Total Area (Cell+Physical+Net)     102.600

Max Fanout                         5 (n_37)
Min Fanout                         1 (Y[0])
Average Fanout                     2.0
Terms to net ratio                 2.8243
Terms to instance ratio            3.3175
Runtime                            23.999999 seconds
Elapsed Runtime                    30 seconds
Genus peak memory usage            1442.35 
Innovus peak memory usage          no_value 
Hostname                           pink
