============================================================
  Generated by:           Genus(TM) Synthesis Solution 21.19-s055_1
  Generated on:           Dec 14 2025  11:13:03 pm
  Module:                 alu
  Operating conditions:   PVT_1P08V_125C (balanced_tree)
  Wireload mode:          enclosed
  Area mode:              timing library
============================================================


Path 1: MET (0 ps) Setup Check with Pin Y_reg[3]/CK->D
          Group: clk
     Startpoint: (R) A[2]
          Clock: (R) clk
       Endpoint: (F) Y_reg[3]/D
          Clock: (R) clk

                     Capture       Launch     
        Clock Edge:+     600            0     
        Drv Adjust:+       0            0     
       Src Latency:+       0            0     
       Net Latency:+       0 (I)        0 (I) 
           Arrival:=     600            0     
                                              
             Setup:-      79                  
     Required Time:=     521                  
      Launch Clock:-       0                  
       Input Delay:-     200                  
         Data Path:-     321                  
             Slack:=       0                  

Exceptions/Constraints:
  input_delay             200             constraints.sdc_line_3_1_1 

#-----------------------------------------------------------------------------------------
# Timing Point   Flags   Arc   Edge    Cell      Fanout Load Trans Delay Arrival Instance 
#                                                       (fF)  (ps)  (ps)   (ps)  Location 
#-----------------------------------------------------------------------------------------
  A[2]           -       -     R     (arrival)        4  1.2     0     0     200    (-,-) 
  g12517/Y       -       AN->Y R     NAND2BX1HVT      2  0.6    22    44     244    (-,-) 
  g12475__6417/Y -       A->Y  F     NAND2X1HVT       1  0.3    39    47     291    (-,-) 
  g12460__8246/Y -       A->Y  R     NOR2X1HVT        2  0.6    36    48     338    (-,-) 
  g2/Y           -       AN->Y R     NAND2BX1HVT      1  0.2    16    56     394    (-,-) 
  g12444__5107/Y -       B->Y  F     NAND4XLHVT       1  0.2   121   127     521    (-,-) 
  Y_reg[3]/D     <<<     -     F     DFFQXLHVT        1    -     -     0     521    (-,-) 
#-----------------------------------------------------------------------------------------

