============================================================
  Generated by:           Genus(TM) Synthesis Solution 21.19-s055_1
  Generated on:           Nov 19 2025  11:19:53 pm
  Module:                 NOT
  Operating conditions:   PVT_1P08V_125C (balanced_tree)
  Wireload mode:          enclosed
  Area mode:              timing library
============================================================

Timing
-------
  Cost    Critical         Violating 
 Group   Path Slack  TNS     Paths   
-------------------------------------
default    No paths   0.0            
-------------------------------------
Total                 0.0          0 

Instance Count
--------------
Leaf Instance Count             1 
Physical Instance count         0 
Sequential Instance Count       0 
Combinational Instance Count    1 
Hierarchical Instance Count     0 

Area
----
Cell Area                          0.684
Physical Cell Area                 0.000
Total Cell Area (Cell+Physical)    0.684
Net Area                           0.000
Total Area (Cell+Physical+Net)     0.684

Max Fanout                         1 (Y)
Min Fanout                         1 (Y)
Average Fanout                     1.0
Terms to net ratio                 1.0000
Terms to instance ratio            2.0000
Runtime                            16.999988 seconds
Elapsed Runtime                    22 seconds
Genus peak memory usage            1434.17 
Innovus peak memory usage          no_value 
Hostname                           pink
