============================================================
  Generated by:           Genus(TM) Synthesis Solution 21.19-s055_1
  Generated on:           Dec 14 2025  10:59:02 pm
  Module:                 alu
  Operating conditions:   PVT_1P08V_125C (balanced_tree)
  Wireload mode:          enclosed
  Area mode:              timing library
============================================================


Path 1: MET (7 ps) Setup Check with Pin Y_reg[2]/CK->D
          Group: clk
     Startpoint: (F) A[0]
          Clock: (R) clk
       Endpoint: (F) Y_reg[2]/D
          Clock: (R) clk

                     Capture       Launch     
        Clock Edge:+     800            0     
        Drv Adjust:+       0            0     
       Src Latency:+       0            0     
       Net Latency:+       0 (I)        0 (I) 
           Arrival:=     800            0     
                                              
             Setup:-      69                  
     Required Time:=     731                  
      Launch Clock:-       0                  
       Input Delay:-     300                  
         Data Path:-     424                  
             Slack:=       7                  

Exceptions/Constraints:
  input_delay             300             constraints.sdc_line_3_3_1 

#-----------------------------------------------------------------------------------------
# Timing Point   Flags   Arc   Edge    Cell      Fanout Load Trans Delay Arrival Instance 
#                                                       (fF)  (ps)  (ps)   (ps)  Location 
#-----------------------------------------------------------------------------------------
  A[0]           -       -     F     (arrival)        3  1.3     0     0     300    (-,-) 
  g1984/Y        -       A->Y  R     INVX1HVT         1  0.8    17    13     313    (-,-) 
  g1972__6417/Y  -       B->Y  F     NAND2X2HVT       4  1.1    50    44     357    (-,-) 
  g1954__5115/Y  -       A0->Y R     AOI21X1HVT       3  1.2    59    72     429    (-,-) 
  g1946__1617/Y  -       A1->Y F     OAI221X1HVT      1  0.3   102   134     562    (-,-) 
  g1941__8428/Y  -       B->Y  R     NAND2X1HVT       1  0.4    29    62     625    (-,-) 
  g1938__6260/Y  -       C0->Y F     OAI221X1HVT      1  0.2    96    99     724    (-,-) 
  Y_reg[2]/D     -       -     F     DFFQXLHVT        1    -     -     0     724    (-,-) 
#-----------------------------------------------------------------------------------------



Path 2: MET (16 ps) Setup Check with Pin Y_reg[2]/CK->D
          Group: clk
     Startpoint: (F) A[1]
          Clock: (R) clk
       Endpoint: (F) Y_reg[2]/D
          Clock: (R) clk

                     Capture       Launch     
        Clock Edge:+     800            0     
        Drv Adjust:+       0            0     
       Src Latency:+       0            0     
       Net Latency:+       0 (I)        0 (I) 
           Arrival:=     800            0     
                                              
             Setup:-      69                  
     Required Time:=     731                  
      Launch Clock:-       0                  
       Input Delay:-     300                  
         Data Path:-     415                  
             Slack:=      16                  

Exceptions/Constraints:
  input_delay             300             constraints.sdc_line_3_2_1 

#-----------------------------------------------------------------------------------------
# Timing Point   Flags   Arc   Edge    Cell      Fanout Load Trans Delay Arrival Instance 
#                                                       (fF)  (ps)  (ps)   (ps)  Location 
#-----------------------------------------------------------------------------------------
  A[1]           -       -     F     (arrival)        3  0.9     0     0     300    (-,-) 
  g1983/Y        -       A->Y  R     INVX1HVT         2  0.8    17    13     313    (-,-) 
  g1969__2346/Y  -       B->Y  F     NAND2X1HVT       2  0.5    47    42     355    (-,-) 
  g1954__5115/Y  -       A1->Y R     AOI21X1HVT       3  1.2    59    65     420    (-,-) 
  g1946__1617/Y  -       A1->Y F     OAI221X1HVT      1  0.3   102   134     554    (-,-) 
  g1941__8428/Y  -       B->Y  R     NAND2X1HVT       1  0.4    29    62     616    (-,-) 
  g1938__6260/Y  -       C0->Y F     OAI221X1HVT      1  0.2    96    99     715    (-,-) 
  Y_reg[2]/D     -       -     F     DFFQXLHVT        1    -     -     0     715    (-,-) 
#-----------------------------------------------------------------------------------------



Path 3: MET (21 ps) Setup Check with Pin Y_reg[2]/CK->D
          Group: clk
     Startpoint: (R) B[0]
          Clock: (R) clk
       Endpoint: (F) Y_reg[2]/D
          Clock: (R) clk

                     Capture       Launch     
        Clock Edge:+     800            0     
        Drv Adjust:+       0            0     
       Src Latency:+       0            0     
       Net Latency:+       0 (I)        0 (I) 
           Arrival:=     800            0     
                                              
             Setup:-      69                  
     Required Time:=     731                  
      Launch Clock:-       0                  
       Input Delay:-     300                  
         Data Path:-     410                  
             Slack:=      21                  

Exceptions/Constraints:
  input_delay             300             constraints.sdc_line_3_7_1 

#-----------------------------------------------------------------------------------------
# Timing Point   Flags   Arc   Edge    Cell      Fanout Load Trans Delay Arrival Instance 
#                                                       (fF)  (ps)  (ps)   (ps)  Location 
#-----------------------------------------------------------------------------------------
  B[0]           -       -     R     (arrival)        3  1.8     0     0     300    (-,-) 
  g1972__6417/Y  -       A->Y  F     NAND2X2HVT       4  1.1    50    43     343    (-,-) 
  g1954__5115/Y  -       A0->Y R     AOI21X1HVT       3  1.2    59    72     415    (-,-) 
  g1946__1617/Y  -       A1->Y F     OAI221X1HVT      1  0.3   102   134     548    (-,-) 
  g1941__8428/Y  -       B->Y  R     NAND2X1HVT       1  0.4    29    62     610    (-,-) 
  g1938__6260/Y  -       C0->Y F     OAI221X1HVT      1  0.2    96    99     710    (-,-) 
  Y_reg[2]/D     -       -     F     DFFQXLHVT        1    -     -     0     710    (-,-) 
#-----------------------------------------------------------------------------------------



Path 4: MET (23 ps) Setup Check with Pin Y_reg[3]/CK->D
          Group: clk
     Startpoint: (R) B[0]
          Clock: (R) clk
       Endpoint: (F) Y_reg[3]/D
          Clock: (R) clk

                     Capture       Launch     
        Clock Edge:+     800            0     
        Drv Adjust:+       0            0     
       Src Latency:+       0            0     
       Net Latency:+       0 (I)        0 (I) 
           Arrival:=     800            0     
                                              
             Setup:-      79                  
     Required Time:=     721                  
      Launch Clock:-       0                  
       Input Delay:-     300                  
         Data Path:-     398                  
             Slack:=      23                  

Exceptions/Constraints:
  input_delay             300             constraints.sdc_line_3_7_1 

#----------------------------------------------------------------------------------------
# Timing Point   Flags   Arc   Edge    Cell     Fanout Load Trans Delay Arrival Instance 
#                                                      (fF)  (ps)  (ps)   (ps)  Location 
#----------------------------------------------------------------------------------------
  B[0]           -       -     R     (arrival)       3  1.8     0     0     300    (-,-) 
  g1971__4319/Y  -       A->Y  F     NAND2X2HVT      4  1.1    48    43     343    (-,-) 
  g1960__9945/Y  -       A1->Y R     OAI21X1HVT      3  1.2    63    66     408    (-,-) 
  g1958__6131/Y  -       B0->Y F     OAI21X1HVT      1  0.3    53    74     483    (-,-) 
  g1953__2802/Y  -       B->Y  R     NAND2X1HVT      2  0.6    26    39     522    (-,-) 
  g1950__4319/Y  -       C->Y  F     NOR3XLHVT       1  0.3    38    34     557    (-,-) 
  g1944__5107/Y  -       B0->Y R     AOI31X1HVT      1  0.2    34    46     603    (-,-) 
  g1939__2398/Y  -       D->Y  F     NAND4XLHVT      1  0.2   121    96     698    (-,-) 
  Y_reg[3]/D     -       -     F     DFFQXLHVT       1    -     -     0     698    (-,-) 
#----------------------------------------------------------------------------------------



Path 5: MET (30 ps) Setup Check with Pin Y_reg[3]/CK->D
          Group: clk
     Startpoint: (R) A[0]
          Clock: (R) clk
       Endpoint: (F) Y_reg[3]/D
          Clock: (R) clk

                     Capture       Launch     
        Clock Edge:+     800            0     
        Drv Adjust:+       0            0     
       Src Latency:+       0            0     
       Net Latency:+       0 (I)        0 (I) 
           Arrival:=     800            0     
                                              
             Setup:-      79                  
     Required Time:=     721                  
      Launch Clock:-       0                  
       Input Delay:-     300                  
         Data Path:-     391                  
             Slack:=      30                  

Exceptions/Constraints:
  input_delay             300             constraints.sdc_line_3_3_1 

#----------------------------------------------------------------------------------------
# Timing Point   Flags   Arc   Edge    Cell     Fanout Load Trans Delay Arrival Instance 
#                                                      (fF)  (ps)  (ps)   (ps)  Location 
#----------------------------------------------------------------------------------------
  A[0]           -       -     R     (arrival)       3  1.6     0     0     300    (-,-) 
  g1971__4319/Y  -       B->Y  F     NAND2X2HVT      4  1.1    48    36     336    (-,-) 
  g1960__9945/Y  -       A1->Y R     OAI21X1HVT      3  1.2    63    66     401    (-,-) 
  g1958__6131/Y  -       B0->Y F     OAI21X1HVT      1  0.3    53    74     476    (-,-) 
  g1953__2802/Y  -       B->Y  R     NAND2X1HVT      2  0.6    26    39     515    (-,-) 
  g1950__4319/Y  -       C->Y  F     NOR3XLHVT       1  0.3    38    34     549    (-,-) 
  g1944__5107/Y  -       B0->Y R     AOI31X1HVT      1  0.2    34    46     595    (-,-) 
  g1939__2398/Y  -       D->Y  F     NAND4XLHVT      1  0.2   121    96     691    (-,-) 
  Y_reg[3]/D     -       -     F     DFFQXLHVT       1    -     -     0     691    (-,-) 
#----------------------------------------------------------------------------------------



Path 6: MET (31 ps) Setup Check with Pin Y_reg[2]/CK->D
          Group: clk
     Startpoint: (R) B[1]
          Clock: (R) clk
       Endpoint: (F) Y_reg[2]/D
          Clock: (R) clk

                     Capture       Launch     
        Clock Edge:+     800            0     
        Drv Adjust:+       0            0     
       Src Latency:+       0            0     
       Net Latency:+       0 (I)        0 (I) 
           Arrival:=     800            0     
                                              
             Setup:-      69                  
     Required Time:=     731                  
      Launch Clock:-       0                  
       Input Delay:-     300                  
         Data Path:-     400                  
             Slack:=      31                  

Exceptions/Constraints:
  input_delay             300             constraints.sdc_line_3_6_1 

#-----------------------------------------------------------------------------------------
# Timing Point   Flags   Arc   Edge    Cell      Fanout Load Trans Delay Arrival Instance 
#                                                       (fF)  (ps)  (ps)   (ps)  Location 
#-----------------------------------------------------------------------------------------
  B[1]           -       -     R     (arrival)        4  1.6     0     0     300    (-,-) 
  g1969__2346/Y  -       A->Y  F     NAND2X1HVT       2  0.5    47    41     341    (-,-) 
  g1954__5115/Y  -       A1->Y R     AOI21X1HVT       3  1.2    59    65     405    (-,-) 
  g1946__1617/Y  -       A1->Y F     OAI221X1HVT      1  0.3   102   134     539    (-,-) 
  g1941__8428/Y  -       B->Y  R     NAND2X1HVT       1  0.4    29    62     601    (-,-) 
  g1938__6260/Y  -       C0->Y F     OAI221X1HVT      1  0.2    96    99     700    (-,-) 
  Y_reg[2]/D     -       -     F     DFFQXLHVT        1    -     -     0     700    (-,-) 
#-----------------------------------------------------------------------------------------



Path 7: MET (36 ps) Setup Check with Pin Y_reg[3]/CK->D
          Group: clk
     Startpoint: (F) B[1]
          Clock: (R) clk
       Endpoint: (R) Y_reg[3]/D
          Clock: (R) clk

                     Capture       Launch     
        Clock Edge:+     800            0     
        Drv Adjust:+       0            0     
       Src Latency:+       0            0     
       Net Latency:+       0 (I)        0 (I) 
           Arrival:=     800            0     
                                              
             Setup:-      91                  
     Required Time:=     709                  
      Launch Clock:-       0                  
       Input Delay:-     300                  
         Data Path:-     373                  
             Slack:=      36                  

Exceptions/Constraints:
  input_delay             300             constraints.sdc_line_3_6_1 

#----------------------------------------------------------------------------------------
# Timing Point   Flags   Arc   Edge    Cell     Fanout Load Trans Delay Arrival Instance 
#                                                      (fF)  (ps)  (ps)   (ps)  Location 
#----------------------------------------------------------------------------------------
  B[1]           -       -     F     (arrival)       4  1.2     0     0     300    (-,-) 
  g1976__8428/Y  -       A->Y  R     NOR2X1HVT       1  0.4    27    26     326    (-,-) 
  g1960__9945/Y  -       A0->Y F     OAI21X1HVT      3  0.9    74    81     407    (-,-) 
  g1958__6131/Y  -       B0->Y R     OAI21X1HVT      1  0.4    34    48     455    (-,-) 
  g1953__2802/Y  -       B->Y  F     NAND2X1HVT      2  0.5    49    52     507    (-,-) 
  g1950__4319/Y  -       C->Y  R     NOR3XLHVT       1  0.4    64    63     570    (-,-) 
  g1944__5107/Y  -       B0->Y F     AOI31X1HVT      1  0.2    76    48     618    (-,-) 
  g1939__2398/Y  -       D->Y  R     NAND4XLHVT      1  0.2    42    55     673    (-,-) 
  Y_reg[3]/D     -       -     R     DFFQXLHVT       1    -     -     0     673    (-,-) 
#----------------------------------------------------------------------------------------



Path 8: MET (38 ps) Setup Check with Pin Y_reg[2]/CK->D
          Group: clk
     Startpoint: (R) B[0]
          Clock: (R) clk
       Endpoint: (F) Y_reg[2]/D
          Clock: (R) clk

                     Capture       Launch     
        Clock Edge:+     800            0     
        Drv Adjust:+       0            0     
       Src Latency:+       0            0     
       Net Latency:+       0 (I)        0 (I) 
           Arrival:=     800            0     
                                              
             Setup:-      69                  
     Required Time:=     731                  
      Launch Clock:-       0                  
       Input Delay:-     300                  
         Data Path:-     393                  
             Slack:=      38                  

Exceptions/Constraints:
  input_delay             300             constraints.sdc_line_3_7_1 

#-----------------------------------------------------------------------------------------
# Timing Point   Flags   Arc   Edge    Cell      Fanout Load Trans Delay Arrival Instance 
#                                                       (fF)  (ps)  (ps)   (ps)  Location 
#-----------------------------------------------------------------------------------------
  B[0]           -       -     R     (arrival)        3  1.8     0     0     300    (-,-) 
  g1971__4319/Y  -       A->Y  F     NAND2X2HVT       4  1.1    48    43     343    (-,-) 
  g1960__9945/Y  -       A1->Y R     OAI21X1HVT       3  1.2    63    66     408    (-,-) 
  g1946__1617/Y  -       B1->Y F     OAI221X1HVT      1  0.3   102   123     531    (-,-) 
  g1941__8428/Y  -       B->Y  R     NAND2X1HVT       1  0.4    29    62     594    (-,-) 
  g1938__6260/Y  -       C0->Y F     OAI221X1HVT      1  0.2    96    99     693    (-,-) 
  Y_reg[2]/D     -       -     F     DFFQXLHVT        1    -     -     0     693    (-,-) 
#-----------------------------------------------------------------------------------------



Path 9: MET (42 ps) Setup Check with Pin Y_reg[3]/CK->D
          Group: clk
     Startpoint: (F) A[1]
          Clock: (R) clk
       Endpoint: (R) Y_reg[3]/D
          Clock: (R) clk

                     Capture       Launch     
        Clock Edge:+     800            0     
        Drv Adjust:+       0            0     
       Src Latency:+       0            0     
       Net Latency:+       0 (I)        0 (I) 
           Arrival:=     800            0     
                                              
             Setup:-      91                  
     Required Time:=     709                  
      Launch Clock:-       0                  
       Input Delay:-     300                  
         Data Path:-     367                  
             Slack:=      42                  

Exceptions/Constraints:
  input_delay             300             constraints.sdc_line_3_2_1 

#----------------------------------------------------------------------------------------
# Timing Point   Flags   Arc   Edge    Cell     Fanout Load Trans Delay Arrival Instance 
#                                                      (fF)  (ps)  (ps)   (ps)  Location 
#----------------------------------------------------------------------------------------
  A[1]           -       -     F     (arrival)       3  0.9     0     0     300    (-,-) 
  g1976__8428/Y  -       B->Y  R     NOR2X1HVT       1  0.4    27    20     320    (-,-) 
  g1960__9945/Y  -       A0->Y F     OAI21X1HVT      3  0.9    74    81     401    (-,-) 
  g1958__6131/Y  -       B0->Y R     OAI21X1HVT      1  0.4    34    48     449    (-,-) 
  g1953__2802/Y  -       B->Y  F     NAND2X1HVT      2  0.5    49    52     501    (-,-) 
  g1950__4319/Y  -       C->Y  R     NOR3XLHVT       1  0.4    64    63     564    (-,-) 
  g1944__5107/Y  -       B0->Y F     AOI31X1HVT      1  0.2    76    48     612    (-,-) 
  g1939__2398/Y  -       D->Y  R     NAND4XLHVT      1  0.2    42    55     667    (-,-) 
  Y_reg[3]/D     -       -     R     DFFQXLHVT       1    -     -     0     667    (-,-) 
#----------------------------------------------------------------------------------------



Path 10: MET (44 ps) Setup Check with Pin Y_reg[2]/CK->D
          Group: clk
     Startpoint: (F) A[1]
          Clock: (R) clk
       Endpoint: (F) Y_reg[2]/D
          Clock: (R) clk

                     Capture       Launch     
        Clock Edge:+     800            0     
        Drv Adjust:+       0            0     
       Src Latency:+       0            0     
       Net Latency:+       0 (I)        0 (I) 
           Arrival:=     800            0     
                                              
             Setup:-      69                  
     Required Time:=     731                  
      Launch Clock:-       0                  
       Input Delay:-     300                  
         Data Path:-     388                  
             Slack:=      44                  

Exceptions/Constraints:
  input_delay             300             constraints.sdc_line_3_2_1 

#-----------------------------------------------------------------------------------------
# Timing Point   Flags   Arc   Edge    Cell      Fanout Load Trans Delay Arrival Instance 
#                                                       (fF)  (ps)  (ps)   (ps)  Location 
#-----------------------------------------------------------------------------------------
  A[1]           -       -     F     (arrival)        3  0.9     0     0     300    (-,-) 
  g1983/Y        -       A->Y  R     INVX1HVT         2  0.8    17    13     313    (-,-) 
  g1978__7410/Y  -       B->Y  F     NOR2X1HVT        2  0.6    27    27     340    (-,-) 
  g1954__5115/Y  -       B0->Y R     AOI21X1HVT       3  1.2    59    53     393    (-,-) 
  g1946__1617/Y  -       A1->Y F     OAI221X1HVT      1  0.3   102   134     526    (-,-) 
  g1941__8428/Y  -       B->Y  R     NAND2X1HVT       1  0.4    29    62     588    (-,-) 
  g1938__6260/Y  -       C0->Y F     OAI221X1HVT      1  0.2    96    99     688    (-,-) 
  Y_reg[2]/D     -       -     F     DFFQXLHVT        1    -     -     0     688    (-,-) 
#-----------------------------------------------------------------------------------------

