============================================================
  Generated by:           Genus(TM) Synthesis Solution 21.19-s055_1
  Generated on:           Dec 14 2025  10:59:02 pm
  Module:                 alu
  Operating conditions:   PVT_1P08V_125C (balanced_tree)
  Wireload mode:          enclosed
  Area mode:              timing library
============================================================

Timing
--------

Clock Period 
-------------
clk    800.0 


  Cost    Critical         Violating 
 Group   Path Slack  TNS     Paths   
-------------------------------------
clk             7.3   0.0          0 
default    No paths   0.0            
-------------------------------------
Total                 0.0          0 

Instance Count
--------------
Leaf Instance Count             49 
Physical Instance count          0 
Sequential Instance Count        4 
Combinational Instance Count    45 
Hierarchical Instance Count      0 

Area
----
Cell Area                          87.894
Physical Cell Area                 0.000
Total Cell Area (Cell+Physical)    87.894
Net Area                           0.000
Total Area (Cell+Physical+Net)     87.894

Max Fanout                         4 (n_13)
Min Fanout                         1 (Y[0])
Average Fanout                     2.1
Terms to net ratio                 2.8667
Terms to instance ratio            3.5102
Runtime                            20.0 seconds
Elapsed Runtime                    26 seconds
Genus peak memory usage            1443.70 
Innovus peak memory usage          no_value 
Hostname                           pink
