============================================================
  Generated by:           Genus(TM) Synthesis Solution 21.19-s055_1
  Generated on:           Dec 14 2025  10:59:02 pm
  Module:                 alu
  Operating conditions:   PVT_1P08V_125C (balanced_tree)
  Wireload mode:          enclosed
  Area mode:              timing library
============================================================


Path 1: MET (7 ps) Setup Check with Pin Y_reg[2]/CK->D
          Group: clk
     Startpoint: (F) A[0]
          Clock: (R) clk
       Endpoint: (F) Y_reg[2]/D
          Clock: (R) clk

                     Capture       Launch     
        Clock Edge:+     800            0     
        Drv Adjust:+       0            0     
       Src Latency:+       0            0     
       Net Latency:+       0 (I)        0 (I) 
           Arrival:=     800            0     
                                              
             Setup:-      69                  
     Required Time:=     731                  
      Launch Clock:-       0                  
       Input Delay:-     300                  
         Data Path:-     424                  
             Slack:=       7                  

Exceptions/Constraints:
  input_delay             300             constraints.sdc_line_3_3_1 

#-----------------------------------------------------------------------------------------
# Timing Point   Flags   Arc   Edge    Cell      Fanout Load Trans Delay Arrival Instance 
#                                                       (fF)  (ps)  (ps)   (ps)  Location 
#-----------------------------------------------------------------------------------------
  A[0]           -       -     F     (arrival)        3  1.3     0     0     300    (-,-) 
  g1984/Y        -       A->Y  R     INVX1HVT         1  0.8    17    13     313    (-,-) 
  g1972__6417/Y  -       B->Y  F     NAND2X2HVT       4  1.1    50    44     357    (-,-) 
  g1954__5115/Y  -       A0->Y R     AOI21X1HVT       3  1.2    59    72     429    (-,-) 
  g1946__1617/Y  -       A1->Y F     OAI221X1HVT      1  0.3   102   134     562    (-,-) 
  g1941__8428/Y  -       B->Y  R     NAND2X1HVT       1  0.4    29    62     625    (-,-) 
  g1938__6260/Y  -       C0->Y F     OAI221X1HVT      1  0.2    96    99     724    (-,-) 
  Y_reg[2]/D     <<<     -     F     DFFQXLHVT        1    -     -     0     724    (-,-) 
#-----------------------------------------------------------------------------------------

