============================================================
  Generated by:           Genus(TM) Synthesis Solution 21.19-s055_1
  Generated on:           Dec 15 2025  10:51:57 pm
  Module:                 alu
  Operating conditions:   PVT_1P08V_125C (balanced_tree)
  Wireload mode:          enclosed
  Area mode:              timing library
============================================================


Path 1: MET (438 ps) Path Delay Check
     Startpoint: (F) S[0]
       Endpoint: (F) Y[3]

                   Capture    Launch  
      Path Delay:+    1000         -  
      Drv Adjust:+       0         0  
         Arrival:=    1000            
                                      
   Required Time:=    1000            
       Data Path:-     562            
           Slack:=     438            

Exceptions/Constraints:
  max_delay             1000            constraints.sdc_line_1 

#------------------------------------------------------------------------------------------
# Timing Point   Flags    Arc   Edge    Cell      Fanout Load Trans Delay Arrival Instance 
#                                                        (fF)  (ps)  (ps)   (ps)  Location 
#------------------------------------------------------------------------------------------
  S[0]           -       -      F     (arrival)        5  1.2     0     0       0    (-,-) 
  g678/Y         -       A->Y   R     INVX1HVT         5  1.4    26    18      18    (-,-) 
  g671__7098/Y   -       A->Y   F     MXI2XLHVT        1  0.5    84    83     102    (-,-) 
  g660__5526/CO  -       CI->CO F     ADDFX1HVT        1  0.5    25   127     228    (-,-) 
  g657__4319/CO  -       CI->CO F     ADDFX1HVT        1  0.4    23   101     330    (-,-) 
  g655__6260/Y   -       B->Y   R     XNOR2X1HVT       1  0.4    18   112     442    (-,-) 
  g653__2398/Y   -       B1->Y  F     OAI222X1HVT      1  0.0   109   120     562    (-,-) 
  Y[3]           -       -      F     (port)           -    -     -     0     562    (-,-) 
#------------------------------------------------------------------------------------------



Path 2: MET (439 ps) Path Delay Check
     Startpoint: (R) B[0]
       Endpoint: (F) Y[3]

                   Capture    Launch  
      Path Delay:+    1000         -  
      Drv Adjust:+       0         0  
         Arrival:=    1000            
                                      
   Required Time:=    1000            
       Data Path:-     561            
           Slack:=     439            

Exceptions/Constraints:
  max_delay             1000            constraints.sdc_line_1 

#------------------------------------------------------------------------------------------
# Timing Point   Flags    Arc   Edge    Cell      Fanout Load Trans Delay Arrival Instance 
#                                                        (fF)  (ps)  (ps)   (ps)  Location 
#------------------------------------------------------------------------------------------
  B[0]           -       -      R     (arrival)        3  1.0     0     0       0    (-,-) 
  g676__9315/Y   -       A->Y   F     NAND2X1HVT       2  0.5    46    41      41    (-,-) 
  g662__2802/Y   -       B0->Y  R     OAI21X1HVT       1  0.8    50    38      78    (-,-) 
  g660__5526/CO  -       B->CO  R     ADDFX1HVT        1  0.5    26   149     227    (-,-) 
  g657__4319/CO  -       CI->CO R     ADDFX1HVT        1  0.4    24   127     354    (-,-) 
  g655__6260/Y   -       B->Y   R     XNOR2X1HVT       1  0.4    18    87     441    (-,-) 
  g653__2398/Y   -       B1->Y  F     OAI222X1HVT      1  0.0   109   120     561    (-,-) 
  Y[3]           -       -      F     (port)           -    -     -     0     561    (-,-) 
#------------------------------------------------------------------------------------------



Path 3: MET (444 ps) Path Delay Check
     Startpoint: (R) S[0]
       Endpoint: (F) Y[3]

                   Capture    Launch  
      Path Delay:+    1000         -  
      Drv Adjust:+       0         0  
         Arrival:=    1000            
                                      
   Required Time:=    1000            
       Data Path:-     556            
           Slack:=     444            

Exceptions/Constraints:
  max_delay             1000            constraints.sdc_line_1 

#------------------------------------------------------------------------------------------
# Timing Point   Flags    Arc   Edge    Cell      Fanout Load Trans Delay Arrival Instance 
#                                                        (fF)  (ps)  (ps)   (ps)  Location 
#------------------------------------------------------------------------------------------
  S[0]           -       -      R     (arrival)        5  1.4     0     0       0    (-,-) 
  g678/Y         -       A->Y   F     INVX1HVT         5  1.2    32    22      22    (-,-) 
  g671__7098/Y   -       A->Y   R     MXI2XLHVT        1  0.5    54    59      81    (-,-) 
  g660__5526/CO  -       CI->CO R     ADDFX1HVT        1  0.5    26   141     222    (-,-) 
  g657__4319/CO  -       CI->CO R     ADDFX1HVT        1  0.4    24   127     350    (-,-) 
  g655__6260/Y   -       B->Y   R     XNOR2X1HVT       1  0.4    18    87     436    (-,-) 
  g653__2398/Y   -       B1->Y  F     OAI222X1HVT      1  0.0   109   120     556    (-,-) 
  Y[3]           -       -      F     (port)           -    -     -     0     556    (-,-) 
#------------------------------------------------------------------------------------------



Path 4: MET (444 ps) Path Delay Check
     Startpoint: (R) S[0]
       Endpoint: (F) Y[3]

                   Capture    Launch  
      Path Delay:+    1000         -  
      Drv Adjust:+       0         0  
         Arrival:=    1000            
                                      
   Required Time:=    1000            
       Data Path:-     556            
           Slack:=     444            

Exceptions/Constraints:
  max_delay             1000            constraints.sdc_line_1 

#------------------------------------------------------------------------------------------
# Timing Point   Flags    Arc   Edge    Cell      Fanout Load Trans Delay Arrival Instance 
#                                                        (fF)  (ps)  (ps)   (ps)  Location 
#------------------------------------------------------------------------------------------
  S[0]           -       -      R     (arrival)        5  1.4     0     0       0    (-,-) 
  g678/Y         -       A->Y   F     INVX1HVT         5  1.2    32    22      22    (-,-) 
  g662__2802/Y   -       A1->Y  R     OAI21X1HVT       1  0.8    50    51      73    (-,-) 
  g660__5526/CO  -       B->CO  R     ADDFX1HVT        1  0.5    26   149     222    (-,-) 
  g657__4319/CO  -       CI->CO R     ADDFX1HVT        1  0.4    24   127     349    (-,-) 
  g655__6260/Y   -       B->Y   R     XNOR2X1HVT       1  0.4    18    87     436    (-,-) 
  g653__2398/Y   -       B1->Y  F     OAI222X1HVT      1  0.0   109   120     556    (-,-) 
  Y[3]           -       -      F     (port)           -    -     -     0     556    (-,-) 
#------------------------------------------------------------------------------------------



Path 5: MET (446 ps) Path Delay Check
     Startpoint: (R) A[0]
       Endpoint: (F) Y[3]

                   Capture    Launch  
      Path Delay:+    1000         -  
      Drv Adjust:+       0         0  
         Arrival:=    1000            
                                      
   Required Time:=    1000            
       Data Path:-     554            
           Slack:=     446            

Exceptions/Constraints:
  max_delay             1000            constraints.sdc_line_1 

#------------------------------------------------------------------------------------------
# Timing Point   Flags    Arc   Edge    Cell      Fanout Load Trans Delay Arrival Instance 
#                                                        (fF)  (ps)  (ps)   (ps)  Location 
#------------------------------------------------------------------------------------------
  A[0]           -       -      R     (arrival)        2  0.8     0     0       0    (-,-) 
  g676__9315/Y   -       B->Y   F     NAND2X1HVT       2  0.5    46    34      34    (-,-) 
  g662__2802/Y   -       B0->Y  R     OAI21X1HVT       1  0.8    50    38      71    (-,-) 
  g660__5526/CO  -       B->CO  R     ADDFX1HVT        1  0.5    26   149     220    (-,-) 
  g657__4319/CO  -       CI->CO R     ADDFX1HVT        1  0.4    24   127     347    (-,-) 
  g655__6260/Y   -       B->Y   R     XNOR2X1HVT       1  0.4    18    87     434    (-,-) 
  g653__2398/Y   -       B1->Y  F     OAI222X1HVT      1  0.0   109   120     554    (-,-) 
  Y[3]           -       -      F     (port)           -    -     -     0     554    (-,-) 
#------------------------------------------------------------------------------------------



Path 6: MET (455 ps) Path Delay Check
     Startpoint: (R) B[0]
       Endpoint: (F) Y[2]

                   Capture    Launch  
      Path Delay:+    1000         -  
      Drv Adjust:+       0         0  
         Arrival:=    1000            
                                      
   Required Time:=    1000            
       Data Path:-     545            
           Slack:=     455            

Exceptions/Constraints:
  max_delay             1000            constraints.sdc_line_1 

#-----------------------------------------------------------------------------------------
# Timing Point   Flags   Arc   Edge    Cell      Fanout Load Trans Delay Arrival Instance 
#                                                       (fF)  (ps)  (ps)   (ps)  Location 
#-----------------------------------------------------------------------------------------
  B[0]           -       -     R     (arrival)        3  1.0     0     0       0    (-,-) 
  g676__9315/Y   -       A->Y  F     NAND2X1HVT       2  0.5    46    41      41    (-,-) 
  g662__2802/Y   -       B0->Y R     OAI21X1HVT       1  0.8    50    38      78    (-,-) 
  g660__5526/CO  -       B->CO R     ADDFX1HVT        1  0.5    26   149     227    (-,-) 
  g657__4319/S   -       CI->S F     ADDFX1HVT        1  0.3    22   178     406    (-,-) 
  g656/Y         -       A->Y  R     INVX1HVT         1  0.2    11    19     424    (-,-) 
  g654__5107/Y   -       B1->Y F     OAI222XLHVT      1  0.0   116   120     545    (-,-) 
  Y[2]           -       -     F     (port)           -    -     -     0     545    (-,-) 
#-----------------------------------------------------------------------------------------



Path 7: MET (460 ps) Path Delay Check
     Startpoint: (R) S[0]
       Endpoint: (F) Y[2]

                   Capture    Launch  
      Path Delay:+    1000         -  
      Drv Adjust:+       0         0  
         Arrival:=    1000            
                                      
   Required Time:=    1000            
       Data Path:-     540            
           Slack:=     460            

Exceptions/Constraints:
  max_delay             1000            constraints.sdc_line_1 

#------------------------------------------------------------------------------------------
# Timing Point   Flags    Arc   Edge    Cell      Fanout Load Trans Delay Arrival Instance 
#                                                        (fF)  (ps)  (ps)   (ps)  Location 
#------------------------------------------------------------------------------------------
  S[0]           -       -      R     (arrival)        5  1.4     0     0       0    (-,-) 
  g678/Y         -       A->Y   F     INVX1HVT         5  1.2    32    22      22    (-,-) 
  g671__7098/Y   -       A->Y   R     MXI2XLHVT        1  0.5    54    59      81    (-,-) 
  g660__5526/CO  -       CI->CO R     ADDFX1HVT        1  0.5    26   141     222    (-,-) 
  g657__4319/S   -       CI->S  F     ADDFX1HVT        1  0.3    22   178     401    (-,-) 
  g656/Y         -       A->Y   R     INVX1HVT         1  0.2    11    19     420    (-,-) 
  g654__5107/Y   -       B1->Y  F     OAI222XLHVT      1  0.0   116   120     540    (-,-) 
  Y[2]           -       -      F     (port)           -    -     -     0     540    (-,-) 
#------------------------------------------------------------------------------------------



Path 8: MET (460 ps) Path Delay Check
     Startpoint: (R) S[0]
       Endpoint: (F) Y[2]

                   Capture    Launch  
      Path Delay:+    1000         -  
      Drv Adjust:+       0         0  
         Arrival:=    1000            
                                      
   Required Time:=    1000            
       Data Path:-     540            
           Slack:=     460            

Exceptions/Constraints:
  max_delay             1000            constraints.sdc_line_1 

#-----------------------------------------------------------------------------------------
# Timing Point   Flags   Arc   Edge    Cell      Fanout Load Trans Delay Arrival Instance 
#                                                       (fF)  (ps)  (ps)   (ps)  Location 
#-----------------------------------------------------------------------------------------
  S[0]           -       -     R     (arrival)        5  1.4     0     0       0    (-,-) 
  g678/Y         -       A->Y  F     INVX1HVT         5  1.2    32    22      22    (-,-) 
  g662__2802/Y   -       A1->Y R     OAI21X1HVT       1  0.8    50    51      73    (-,-) 
  g660__5526/CO  -       B->CO R     ADDFX1HVT        1  0.5    26   149     222    (-,-) 
  g657__4319/S   -       CI->S F     ADDFX1HVT        1  0.3    22   178     401    (-,-) 
  g656/Y         -       A->Y  R     INVX1HVT         1  0.2    11    19     419    (-,-) 
  g654__5107/Y   -       B1->Y F     OAI222XLHVT      1  0.0   116   120     540    (-,-) 
  Y[2]           -       -     F     (port)           -    -     -     0     540    (-,-) 
#-----------------------------------------------------------------------------------------



Path 9: MET (462 ps) Path Delay Check
     Startpoint: (R) A[0]
       Endpoint: (F) Y[2]

                   Capture    Launch  
      Path Delay:+    1000         -  
      Drv Adjust:+       0         0  
         Arrival:=    1000            
                                      
   Required Time:=    1000            
       Data Path:-     538            
           Slack:=     462            

Exceptions/Constraints:
  max_delay             1000            constraints.sdc_line_1 

#-----------------------------------------------------------------------------------------
# Timing Point   Flags   Arc   Edge    Cell      Fanout Load Trans Delay Arrival Instance 
#                                                       (fF)  (ps)  (ps)   (ps)  Location 
#-----------------------------------------------------------------------------------------
  A[0]           -       -     R     (arrival)        2  0.8     0     0       0    (-,-) 
  g676__9315/Y   -       B->Y  F     NAND2X1HVT       2  0.5    46    34      34    (-,-) 
  g662__2802/Y   -       B0->Y R     OAI21X1HVT       1  0.8    50    38      71    (-,-) 
  g660__5526/CO  -       B->CO R     ADDFX1HVT        1  0.5    26   149     220    (-,-) 
  g657__4319/S   -       CI->S F     ADDFX1HVT        1  0.3    22   178     398    (-,-) 
  g656/Y         -       A->Y  R     INVX1HVT         1  0.2    11    19     417    (-,-) 
  g654__5107/Y   -       B1->Y F     OAI222XLHVT      1  0.0   116   120     538    (-,-) 
  Y[2]           -       -     F     (port)           -    -     -     0     538    (-,-) 
#-----------------------------------------------------------------------------------------



Path 10: MET (463 ps) Path Delay Check
     Startpoint: (F) S[0]
       Endpoint: (F) Y[3]

                   Capture    Launch  
      Path Delay:+    1000         -  
      Drv Adjust:+       0         0  
         Arrival:=    1000            
                                      
   Required Time:=    1000            
       Data Path:-     537            
           Slack:=     463            

Exceptions/Constraints:
  max_delay             1000            constraints.sdc_line_1 

#------------------------------------------------------------------------------------------
# Timing Point   Flags    Arc   Edge    Cell      Fanout Load Trans Delay Arrival Instance 
#                                                        (fF)  (ps)  (ps)   (ps)  Location 
#------------------------------------------------------------------------------------------
  S[0]           -       -      F     (arrival)        5  1.2     0     0       0    (-,-) 
  g678/Y         -       A->Y   R     INVX1HVT         5  1.4    26    18      18    (-,-) 
  g662__2802/Y   -       A1->Y  F     OAI21X1HVT       1  0.7    66    63      81    (-,-) 
  g660__5526/CO  -       B->CO  F     ADDFX1HVT        1  0.5    25   122     203    (-,-) 
  g657__4319/CO  -       CI->CO F     ADDFX1HVT        1  0.4    23   101     304    (-,-) 
  g655__6260/Y   -       B->Y   R     XNOR2X1HVT       1  0.4    18   112     417    (-,-) 
  g653__2398/Y   -       B1->Y  F     OAI222X1HVT      1  0.0   109   120     537    (-,-) 
  Y[3]           -       -      F     (port)           -    -     -     0     537    (-,-) 
#------------------------------------------------------------------------------------------

