============================================================
  Generated by:           Genus(TM) Synthesis Solution 21.19-s055_1
  Generated on:           Dec 15 2025  10:51:57 pm
  Module:                 alu
  Operating conditions:   PVT_1P08V_125C (balanced_tree)
  Wireload mode:          enclosed
  Area mode:              timing library
============================================================


Path 1: MET (438 ps) Path Delay Check
     Startpoint: (F) S[0]
       Endpoint: (F) Y[3]

                   Capture    Launch  
      Path Delay:+    1000         -  
      Drv Adjust:+       0         0  
         Arrival:=    1000            
                                      
   Required Time:=    1000            
       Data Path:-     562            
           Slack:=     438            

Exceptions/Constraints:
  max_delay             1000            constraints.sdc_line_1 

#------------------------------------------------------------------------------------------
# Timing Point   Flags    Arc   Edge    Cell      Fanout Load Trans Delay Arrival Instance 
#                                                        (fF)  (ps)  (ps)   (ps)  Location 
#------------------------------------------------------------------------------------------
  S[0]           -       -      F     (arrival)        5  1.2     0     0       0    (-,-) 
  g678/Y         -       A->Y   R     INVX1HVT         5  1.4    26    18      18    (-,-) 
  g671__7098/Y   -       A->Y   F     MXI2XLHVT        1  0.5    84    83     102    (-,-) 
  g660__5526/CO  -       CI->CO F     ADDFX1HVT        1  0.5    25   127     228    (-,-) 
  g657__4319/CO  -       CI->CO F     ADDFX1HVT        1  0.4    23   101     330    (-,-) 
  g655__6260/Y   -       B->Y   R     XNOR2X1HVT       1  0.4    18   112     442    (-,-) 
  g653__2398/Y   -       B1->Y  F     OAI222X1HVT      1  0.0   109   120     562    (-,-) 
  Y[3]           <<<     -      F     (port)           -    -     -     0     562    (-,-) 
#------------------------------------------------------------------------------------------

