============================================================
  Generated by:           Genus(TM) Synthesis Solution 21.19-s055_1
  Generated on:           Dec 15 2025  11:09:19 pm
  Module:                 alu
  Operating conditions:   PVT_1P08V_125C (balanced_tree)
  Wireload mode:          enclosed
  Area mode:              timing library
============================================================

Timing
-------
  Cost    Critical            Violating 
 Group   Path Slack    TNS      Paths   
----------------------------------------
default       -44.6   -105.0          3 
----------------------------------------
Total                 -105.0          3 

Instance Count
--------------
Leaf Instance Count             78 
Physical Instance count          0 
Sequential Instance Count        0 
Combinational Instance Count    78 
Hierarchical Instance Count      0 

Area
----
Cell Area                          156.790
Physical Cell Area                 0.000
Total Cell Area (Cell+Physical)    156.790
Net Area                           0.000
Total Area (Cell+Physical+Net)     156.790

Max Fanout                         5 (B[1])
Min Fanout                         1 (n_0)
Average Fanout                     1.9
Terms to net ratio                 2.7159
Terms to instance ratio            3.0641
Runtime                            25.999999 seconds
Elapsed Runtime                    33 seconds
Genus peak memory usage            1442.13 
Innovus peak memory usage          no_value 
Hostname                           pink
