============================================================
  Generated by:           Genus(TM) Synthesis Solution 21.19-s055_1
  Generated on:           Nov 18 2025  08:00:24 pm
  Module:                 dff
  Operating conditions:   PVT_1P32V_0C (balanced_tree)
  Wireload mode:          enclosed
  Area mode:              timing library
============================================================

Timing
-------
  Cost    Critical         Violating 
 Group   Path Slack  TNS     Paths   
-------------------------------------
default    No paths   0.0            
-------------------------------------
Total                 0.0          0 

Instance Count
--------------
Leaf Instance Count             1 
Physical Instance count         0 
Sequential Instance Count       1 
Combinational Instance Count    0 
Hierarchical Instance Count     0 

Area
----
Cell Area                          5.472
Physical Cell Area                 0.000
Total Cell Area (Cell+Physical)    5.472
Net Area                           0.000
Total Area (Cell+Physical+Net)     5.472

Max Fanout                         1 (q)
Min Fanout                         1 (q)
Average Fanout                     1.0
Terms to net ratio                 1.0000
Terms to instance ratio            3.0000
Runtime                            16.999996 seconds
Elapsed Runtime                    22 seconds
Genus peak memory usage            1434.54 
Innovus peak memory usage          no_value 
Hostname                           pink
