============================================================
  Generated by:           Genus(TM) Synthesis Solution 21.19-s055_1
  Generated on:           Dec 18 2025  10:17:46 pm
  Module:                 alu
  Operating conditions:   PVT_0P9V_125C (balanced_tree)
  Wireload mode:          enclosed
  Area mode:              timing library
============================================================

Timing
-------
  Cost    Critical             Violating 
 Group   Path Slack    TNS       Paths   
-----------------------------------------
default      -488.2   -1567.9          4 
-----------------------------------------
Total                 -1567.9          4 

Instance Count
--------------
Leaf Instance Count             73 
Physical Instance count          0 
Sequential Instance Count        0 
Combinational Instance Count    73 
Hierarchical Instance Count      0 

Area
----
Cell Area                          120.162
Physical Cell Area                 0.000
Total Cell Area (Cell+Physical)    120.162
Net Area                           0.000
Total Area (Cell+Physical+Net)     120.162

Max Fanout                         6 (A[3])
Min Fanout                         1 (n_0)
Average Fanout                     1.9
Terms to net ratio                 2.7470
Terms to instance ratio            3.1233
Runtime                            23.999998 seconds
Elapsed Runtime                    31 seconds
Genus peak memory usage            1434.50 
Innovus peak memory usage          no_value 
Hostname                           pink
