============================================================
  Generated by:           Genus(TM) Synthesis Solution 21.19-s055_1
  Generated on:           Dec 18 2025  10:17:45 pm
  Module:                 alu
  Operating conditions:   PVT_0P9V_125C (balanced_tree)
  Wireload mode:          enclosed
  Area mode:              timing library
============================================================


Path 1: VIOLATED (-488 ps) Path Delay Check
     Startpoint: (F) B[1]
       Endpoint: (R) Y[3]

                   Capture    Launch  
      Path Delay:+     100         -  
      Drv Adjust:+       0         0  
         Arrival:=     100            
                                      
   Required Time:=     100            
       Data Path:-     588            
           Slack:=    -488            

Exceptions/Constraints:
  max_delay             100             constraints.sdc_line_1 

#------------------------------------------------------------------------------------------
#  Timing Point    Flags   Arc   Edge    Cell     Fanout Load Trans Delay Arrival Instance 
#                                                        (fF)  (ps)  (ps)   (ps)  Location 
#------------------------------------------------------------------------------------------
  B[1]             -       -     F     (arrival)       5  3.3     0     0       0    (-,-) 
  g10562__1666_0/Y -       A->Y  R     NAND2X2HVT      1  0.2    21    19      19    (-,-) 
  g10629/Y         -       AN->Y R     NOR2BX2HVT      1  1.3    79   169     188    (-,-) 
  g10537__7098/Y   -       A2->Y F     OAI31X4HVT      2  0.6   113   138     325    (-,-) 
  g10528__1617/Y   -       B->Y  R     NOR2X1HVT       1  0.3    60   106     431    (-,-) 
  g10525__4319/Y   -       B0->Y F     AOI21X1HVT      1  0.2   102    68     499    (-,-) 
  g10515__2398/Y   -       A->Y  R     NAND2XLHVT      1  0.0    34    89     588    (-,-) 
  Y[3]             <<<     -     R     (port)          -    -     -     0     588    (-,-) 
#------------------------------------------------------------------------------------------

