============================================================
  Generated by:           Genus(TM) Synthesis Solution 21.19-s055_1
  Generated on:           Dec 18 2025  10:17:45 pm
  Module:                 alu
  Operating conditions:   PVT_0P9V_125C (balanced_tree)
  Wireload mode:          enclosed
  Area mode:              timing library
============================================================


Path 1: VIOLATED (-488 ps) Path Delay Check
     Startpoint: (F) B[1]
       Endpoint: (R) Y[3]

                   Capture    Launch  
      Path Delay:+     100         -  
      Drv Adjust:+       0         0  
         Arrival:=     100            
                                      
   Required Time:=     100            
       Data Path:-     588            
           Slack:=    -488            

Exceptions/Constraints:
  max_delay             100             constraints.sdc_line_1 

#------------------------------------------------------------------------------------------
#  Timing Point    Flags   Arc   Edge    Cell     Fanout Load Trans Delay Arrival Instance 
#                                                        (fF)  (ps)  (ps)   (ps)  Location 
#------------------------------------------------------------------------------------------
  B[1]             -       -     F     (arrival)       5  3.3     0     0       0    (-,-) 
  g10562__1666_0/Y -       A->Y  R     NAND2X2HVT      1  0.2    21    19      19    (-,-) 
  g10629/Y         -       AN->Y R     NOR2BX2HVT      1  1.3    79   169     188    (-,-) 
  g10537__7098/Y   -       A2->Y F     OAI31X4HVT      2  0.6   113   138     325    (-,-) 
  g10528__1617/Y   -       B->Y  R     NOR2X1HVT       1  0.3    60   106     431    (-,-) 
  g10525__4319/Y   -       B0->Y F     AOI21X1HVT      1  0.2   102    68     499    (-,-) 
  g10515__2398/Y   -       A->Y  R     NAND2XLHVT      1  0.0    34    89     588    (-,-) 
  Y[3]             -       -     R     (port)          -    -     -     0     588    (-,-) 
#------------------------------------------------------------------------------------------



Path 2: VIOLATED (-488 ps) Path Delay Check
     Startpoint: (F) A[3]
       Endpoint: (R) Y[3]

                   Capture    Launch  
      Path Delay:+     100         -  
      Drv Adjust:+       0         0  
         Arrival:=     100            
                                      
   Required Time:=     100            
       Data Path:-     588            
           Slack:=    -488            

Exceptions/Constraints:
  max_delay             100             constraints.sdc_line_1 

#------------------------------------------------------------------------------------------
#  Timing Point    Flags   Arc   Edge    Cell     Fanout Load Trans Delay Arrival Instance 
#                                                        (fF)  (ps)  (ps)   (ps)  Location 
#------------------------------------------------------------------------------------------
  A[3]             -       -     F     (arrival)       6  2.1     0     0       0    (-,-) 
  fopt10618/Y      -       A->Y  R     INVX3HVT        1  0.2    11    12      12    (-,-) 
  g10556_0__6417/Y -       B->Y  R     MX2XLHVT        2  0.5    45   222     234    (-,-) 
  g10536__5477/Y   -       B->Y  F     NAND2X1HVT      1  0.3    91    93     327    (-,-) 
  g10528__1617/Y   -       A->Y  R     NOR2X1HVT       1  0.3    60   104     431    (-,-) 
  g10525__4319/Y   -       B0->Y F     AOI21X1HVT      1  0.2   102    68     499    (-,-) 
  g10515__2398/Y   -       A->Y  R     NAND2XLHVT      1  0.0    34    89     588    (-,-) 
  Y[3]             -       -     R     (port)          -    -     -     0     588    (-,-) 
#------------------------------------------------------------------------------------------



Path 3: VIOLATED (-488 ps) Path Delay Check
     Startpoint: (F) A[3]
       Endpoint: (R) Y[3]

                   Capture    Launch  
      Path Delay:+     100         -  
      Drv Adjust:+       0         0  
         Arrival:=     100            
                                      
   Required Time:=     100            
       Data Path:-     588            
           Slack:=    -488            

Exceptions/Constraints:
  max_delay             100             constraints.sdc_line_1 

#--------------------------------------------------------------------------------------------
#  Timing Point    Flags   Arc   Edge     Cell      Fanout Load Trans Delay Arrival Instance 
#                                                          (fF)  (ps)  (ps)   (ps)  Location 
#--------------------------------------------------------------------------------------------
  A[3]             -       -     F     (arrival)         6  2.1     0     0       0    (-,-) 
  fopt10618/Y      -       A->Y  R     INVX3HVT          1  0.2    11    12      12    (-,-) 
  g10556_0__6417/Y -       B->Y  R     MX2XLHVT          2  0.5    45   222     234    (-,-) 
  g10539__6417/Y   -       B->Y  F     NAND2XLHVT        1  0.2   100   100     334    (-,-) 
  g10522__6783/Y   -       B0->Y R     AOI2BB1XLHVT      1  0.3    67   118     452    (-,-) 
  g10518__5107/Y   -       C->Y  F     NOR3BX1HVT        1  0.2    66    77     529    (-,-) 
  g10515__2398/Y   -       B->Y  R     NAND2XLHVT        1  0.0    34    59     588    (-,-) 
  Y[3]             -       -     R     (port)            -    -     -     0     588    (-,-) 
#--------------------------------------------------------------------------------------------



Path 4: VIOLATED (-488 ps) Path Delay Check
     Startpoint: (F) B[1]
       Endpoint: (F) Y[3]

                   Capture    Launch  
      Path Delay:+     100         -  
      Drv Adjust:+       0         0  
         Arrival:=     100            
                                      
   Required Time:=     100            
       Data Path:-     588            
           Slack:=    -488            

Exceptions/Constraints:
  max_delay             100             constraints.sdc_line_1 

#-----------------------------------------------------------------------------------------
# Timing Point   Flags   Arc   Edge    Cell      Fanout Load Trans Delay Arrival Instance 
#                                                       (fF)  (ps)  (ps)   (ps)  Location 
#-----------------------------------------------------------------------------------------
  B[1]           -       -     F     (arrival)        5  3.3     0     0       0    (-,-) 
  fopt10607/Y    -       A->Y  R     CLKINVX4HVT      1  0.7    15    14      14    (-,-) 
  g10575__1881/Y -       B->Y  F     NOR2X2HVT        3  0.7    45    38      52    (-,-) 
  g10552__2398/Y -       A->Y  F     OR2XLHVT         1  0.3    48   136     188    (-,-) 
  g10533__1881/Y -       A->Y  R     NOR2X1HVT        2  0.4    61    80     268    (-,-) 
  g10523__2802/Y -       C->Y  F     NOR3XLHVT        1  0.3    77    85     354    (-,-) 
  g10518__5107/Y -       B->Y  R     NOR3BX1HVT       1  0.2    87   128     482    (-,-) 
  g10515__2398/Y -       B->Y  F     NAND2XLHVT       1  0.0    63   106     588    (-,-) 
  Y[3]           -       -     F     (port)           -    -     -     0     588    (-,-) 
#-----------------------------------------------------------------------------------------



Path 5: VIOLATED (-487 ps) Path Delay Check
     Startpoint: (R) B[0]
       Endpoint: (F) Y[3]

                   Capture    Launch  
      Path Delay:+     100         -  
      Drv Adjust:+       0         0  
         Arrival:=     100            
                                      
   Required Time:=     100            
       Data Path:-     587            
           Slack:=    -487            

Exceptions/Constraints:
  max_delay             100             constraints.sdc_line_1 

#----------------------------------------------------------------------------------------
# Timing Point   Flags   Arc   Edge    Cell     Fanout Load Trans Delay Arrival Instance 
#                                                      (fF)  (ps)  (ps)   (ps)  Location 
#----------------------------------------------------------------------------------------
  B[0]           -       -     R     (arrival)       3  5.0     0     0       0    (-,-) 
  g10577__6161/Y -       A->Y  F     NAND2X6HVT      4  1.3    83    79      79    (-,-) 
  fopt10589/Y    -       A->Y  R     INVX2HVT        2  1.0    39    69     148    (-,-) 
  g10629/Y       -       B->Y  F     NOR2BX2HVT      1  1.2    63    61     209    (-,-) 
  g10537__7098/Y -       A2->Y R     OAI31X4HVT      2  0.6    91   104     313    (-,-) 
  g10528__1617/Y -       B->Y  F     NOR2X1HVT       1  0.3    52    94     407    (-,-) 
  g10525__4319/Y -       B0->Y R     AOI21X1HVT      1  0.2    56    75     482    (-,-) 
  g10515__2398/Y -       A->Y  F     NAND2XLHVT      1  0.0    63   106     587    (-,-) 
  Y[3]           -       -     F     (port)          -    -     -     0     587    (-,-) 
#----------------------------------------------------------------------------------------



Path 6: VIOLATED (-487 ps) Path Delay Check
     Startpoint: (R) B[0]
       Endpoint: (F) Y[3]

                   Capture    Launch  
      Path Delay:+     100         -  
      Drv Adjust:+       0         0  
         Arrival:=     100            
                                      
   Required Time:=     100            
       Data Path:-     587            
           Slack:=    -487            

Exceptions/Constraints:
  max_delay             100             constraints.sdc_line_1 

#-------------------------------------------------------------------------------------------
# Timing Point   Flags    Arc   Edge     Cell      Fanout Load Trans Delay Arrival Instance 
#                                                         (fF)  (ps)  (ps)   (ps)  Location 
#-------------------------------------------------------------------------------------------
  B[0]           -       -      R     (arrival)         3  5.0     0     0       0    (-,-) 
  fopt10606/Y    -       A->Y   F     CLKINVX8HVT       1  1.8    28    24      24    (-,-) 
  g10576__5122/Y -       B->Y   R     NOR2X6HVT         5  1.8    53    52      76    (-,-) 
  fopt1/Y        -       A->Y   F     INVX2HVT          1  0.3    33    55     131    (-,-) 
  g10540__7410/Y -       B->Y   R     NOR2X1HVT         1  0.3    53    57     188    (-,-) 
  g10533__1881/Y -       B->Y   F     NOR2X1HVT         2  0.4    53    68     255    (-,-) 
  g10522__6783/Y -       A1N->Y F     AOI2BB1XLHVT      1  0.3    62   132     387    (-,-) 
  g10518__5107/Y -       C->Y   R     NOR3BX1HVT        1  0.2    87    93     480    (-,-) 
  g10515__2398/Y -       B->Y   F     NAND2XLHVT        1  0.0    63   106     587    (-,-) 
  Y[3]           -       -      F     (port)            -    -     -     0     587    (-,-) 
#-------------------------------------------------------------------------------------------



Path 7: VIOLATED (-486 ps) Path Delay Check
     Startpoint: (F) A[3]
       Endpoint: (R) Y[3]

                   Capture    Launch  
      Path Delay:+     100         -  
      Drv Adjust:+       0         0  
         Arrival:=     100            
                                      
   Required Time:=     100            
       Data Path:-     586            
           Slack:=    -486            

Exceptions/Constraints:
  max_delay             100             constraints.sdc_line_1 

#-----------------------------------------------------------------------------------------
#  Timing Point   Flags   Arc   Edge    Cell     Fanout Load Trans Delay Arrival Instance 
#                                                       (fF)  (ps)  (ps)   (ps)  Location 
#-----------------------------------------------------------------------------------------
  A[3]            -       -     F     (arrival)       6  2.1     0     0       0    (-,-) 
  fopt10621/Y     -       A->Y  R     INVX1HVT        1  0.2    15    13      13    (-,-) 
  g10586__10605/Y -       B->Y  R     MX2XLHVT        1  0.3    35   219     232    (-,-) 
  g10532__6161/Y  -       B1->Y F     AOI32X1HVT      1  0.2   238    90     322    (-,-) 
  g10518__5107/Y  -       AN->Y F     NOR3BX1HVT      1  0.2    66   205     528    (-,-) 
  g10515__2398/Y  -       B->Y  R     NAND2XLHVT      1  0.0    34    59     586    (-,-) 
  Y[3]            -       -     R     (port)          -    -     -     0     586    (-,-) 
#-----------------------------------------------------------------------------------------



Path 8: VIOLATED (-485 ps) Path Delay Check
     Startpoint: (R) B[1]
       Endpoint: (F) Y[3]

                   Capture    Launch  
      Path Delay:+     100         -  
      Drv Adjust:+       0         0  
         Arrival:=     100            
                                      
   Required Time:=     100            
       Data Path:-     585            
           Slack:=    -485            

Exceptions/Constraints:
  max_delay             100             constraints.sdc_line_1 

#------------------------------------------------------------------------------------------
#  Timing Point    Flags   Arc   Edge    Cell     Fanout Load Trans Delay Arrival Instance 
#                                                        (fF)  (ps)  (ps)   (ps)  Location 
#------------------------------------------------------------------------------------------
  B[1]             -       -     R     (arrival)       5  3.7     0     0       0    (-,-) 
  g10562__1666_0/Y -       A->Y  F     NAND2X2HVT      1  0.2    68    68      68    (-,-) 
  g10629/Y         -       AN->Y F     NOR2BX2HVT      1  1.2    63   138     206    (-,-) 
  g10537__7098/Y   -       A2->Y R     OAI31X4HVT      2  0.6    91   104     310    (-,-) 
  g10528__1617/Y   -       B->Y  F     NOR2X1HVT       1  0.3    52    94     404    (-,-) 
  g10525__4319/Y   -       B0->Y R     AOI21X1HVT      1  0.2    56    75     479    (-,-) 
  g10515__2398/Y   -       A->Y  F     NAND2XLHVT      1  0.0    63   106     585    (-,-) 
  Y[3]             -       -     F     (port)          -    -     -     0     585    (-,-) 
#------------------------------------------------------------------------------------------



Path 9: VIOLATED (-484 ps) Path Delay Check
     Startpoint: (F) A[1]
       Endpoint: (R) Y[3]

                   Capture    Launch  
      Path Delay:+     100         -  
      Drv Adjust:+       0         0  
         Arrival:=     100            
                                      
   Required Time:=     100            
       Data Path:-     584            
           Slack:=    -484            

Exceptions/Constraints:
  max_delay             100             constraints.sdc_line_1 

#------------------------------------------------------------------------------------------
#  Timing Point    Flags   Arc   Edge    Cell     Fanout Load Trans Delay Arrival Instance 
#                                                        (fF)  (ps)  (ps)   (ps)  Location 
#------------------------------------------------------------------------------------------
  A[1]             -       -     F     (arrival)       5  2.4     0     0       0    (-,-) 
  g10562__1666_0/Y -       B->Y  R     NAND2X2HVT      1  0.2    21    15      15    (-,-) 
  g10629/Y         -       AN->Y R     NOR2BX2HVT      1  1.3    79   169     184    (-,-) 
  g10537__7098/Y   -       A2->Y F     OAI31X4HVT      2  0.6   113   138     322    (-,-) 
  g10528__1617/Y   -       B->Y  R     NOR2X1HVT       1  0.3    60   106     427    (-,-) 
  g10525__4319/Y   -       B0->Y F     AOI21X1HVT      1  0.2   102    68     495    (-,-) 
  g10515__2398/Y   -       A->Y  R     NAND2XLHVT      1  0.0    34    89     584    (-,-) 
  Y[3]             -       -     R     (port)          -    -     -     0     584    (-,-) 
#------------------------------------------------------------------------------------------



Path 10: VIOLATED (-484 ps) Path Delay Check
     Startpoint: (R) B[1]
       Endpoint: (F) Y[3]

                   Capture    Launch  
      Path Delay:+     100         -  
      Drv Adjust:+       0         0  
         Arrival:=     100            
                                      
   Required Time:=     100            
       Data Path:-     584            
           Slack:=    -484            

Exceptions/Constraints:
  max_delay             100             constraints.sdc_line_1 

#-------------------------------------------------------------------------------------------
# Timing Point   Flags    Arc   Edge     Cell      Fanout Load Trans Delay Arrival Instance 
#                                                         (fF)  (ps)  (ps)   (ps)  Location 
#-------------------------------------------------------------------------------------------
  B[1]           -       -      R     (arrival)         5  3.7     0     0       0    (-,-) 
  fopt10607/Y    -       A->Y   F     CLKINVX4HVT       1  0.6    22    20      20    (-,-) 
  g10575__1881/Y -       B->Y   R     NOR2X2HVT         3  0.7    56    52      72    (-,-) 
  g10552__2398/Y -       A->Y   R     OR2XLHVT          1  0.3    30   119     192    (-,-) 
  g10533__1881/Y -       A->Y   F     NOR2X1HVT         2  0.4    53    61     252    (-,-) 
  g10522__6783/Y -       A1N->Y F     AOI2BB1XLHVT      1  0.3    62   132     384    (-,-) 
  g10518__5107/Y -       C->Y   R     NOR3BX1HVT        1  0.2    87    93     478    (-,-) 
  g10515__2398/Y -       B->Y   F     NAND2XLHVT        1  0.0    63   106     584    (-,-) 
  Y[3]           -       -      F     (port)            -    -     -     0     584    (-,-) 
#-------------------------------------------------------------------------------------------

