============================================================
  Generated by:           Genus(TM) Synthesis Solution 21.19-s055_1
  Generated on:           Dec 16 2025  08:57:23 pm
  Module:                 alu
  Operating conditions:   PVT_1P1V_0C (balanced_tree)
  Wireload mode:          enclosed
  Area mode:              timing library
============================================================

Timing
-------
  Cost    Critical           Violating 
 Group   Path Slack   TNS      Paths   
---------------------------------------
default       -28.1   -71.3          3 
---------------------------------------
Total                 -71.3          3 

Instance Count
--------------
Leaf Instance Count             67 
Physical Instance count          0 
Sequential Instance Count        0 
Combinational Instance Count    67 
Hierarchical Instance Count      0 

Area
----
Cell Area                          105.404
Physical Cell Area                 0.000
Total Cell Area (Cell+Physical)    105.404
Net Area                           0.000
Total Area (Cell+Physical+Net)     105.404

Max Fanout                         6 (n_38)
Min Fanout                         1 (n_0)
Average Fanout                     2.0
Terms to net ratio                 2.8182
Terms to instance ratio            3.2388
Runtime                            15.999993 seconds
Elapsed Runtime                    21 seconds
Genus peak memory usage            1442.18 
Innovus peak memory usage          no_value 
Hostname                           white
