============================================================
  Generated by:           Genus(TM) Synthesis Solution 21.19-s055_1
  Generated on:           Dec 16 2025  08:57:22 pm
  Module:                 alu
  Operating conditions:   PVT_1P1V_0C (balanced_tree)
  Wireload mode:          enclosed
  Area mode:              timing library
============================================================


Path 1: VIOLATED (-28 ps) Path Delay Check
     Startpoint: (R) A[3]
       Endpoint: (F) Y[3]

                   Capture    Launch  
      Path Delay:+     100         -  
      Drv Adjust:+       0         0  
         Arrival:=     100            
                                      
   Required Time:=     100            
       Data Path:-     128            
           Slack:=     -28            

Exceptions/Constraints:
  max_delay             100             constraints.sdc_line_1 

#-----------------------------------------------------------------------------------------
# Timing Point   Flags   Arc   Edge    Cell      Fanout Load Trans Delay Arrival Instance 
#                                                       (fF)  (ps)  (ps)   (ps)  Location 
#-----------------------------------------------------------------------------------------
  A[3]           -       -     R     (arrival)        3  4.9     0     0       0    (-,-) 
  fopt8746/Y     -       A->Y  F     CLKINVX8HVT      1  1.4     5     7       7    (-,-) 
  g8710__1617/Y  -       A1->Y R     OAI22X4HVT       6  1.2    26    23      30    (-,-) 
  g8694__2398/Y  -       B->Y  F     NOR2XLHVT        1  0.2    10    18      48    (-,-) 
  g8688__5115/Y  -       B0->Y R     AOI21XLHVT       1  0.2    20    20      68    (-,-) 
  g8751/Y        -       B->Y  F     NOR2BXLHVT       1  0.2    10    15      83    (-,-) 
  g8679__8428/Y  -       A->Y  R     NOR2XLHVT        1  0.2    17    19     101    (-,-) 
  g8673__2398/Y  -       D->Y  F     NAND4XLHVT       1  0.0    31    27     128    (-,-) 
  Y[3]           <<<     -     F     (port)           -    -     -     0     128    (-,-) 
#-----------------------------------------------------------------------------------------

