============================================================
  Generated by:           Genus(TM) Synthesis Solution 21.19-s055_1
  Generated on:           Dec 16 2025  08:57:22 pm
  Module:                 alu
  Operating conditions:   PVT_1P1V_0C (balanced_tree)
  Wireload mode:          enclosed
  Area mode:              timing library
============================================================


Path 1: VIOLATED (-28 ps) Path Delay Check
     Startpoint: (R) A[3]
       Endpoint: (F) Y[3]

                   Capture    Launch  
      Path Delay:+     100         -  
      Drv Adjust:+       0         0  
         Arrival:=     100            
                                      
   Required Time:=     100            
       Data Path:-     128            
           Slack:=     -28            

Exceptions/Constraints:
  max_delay             100             constraints.sdc_line_1 

#-----------------------------------------------------------------------------------------
# Timing Point   Flags   Arc   Edge    Cell      Fanout Load Trans Delay Arrival Instance 
#                                                       (fF)  (ps)  (ps)   (ps)  Location 
#-----------------------------------------------------------------------------------------
  A[3]           -       -     R     (arrival)        3  4.9     0     0       0    (-,-) 
  fopt8746/Y     -       A->Y  F     CLKINVX8HVT      1  1.4     5     7       7    (-,-) 
  g8710__1617/Y  -       A1->Y R     OAI22X4HVT       6  1.2    26    23      30    (-,-) 
  g8694__2398/Y  -       B->Y  F     NOR2XLHVT        1  0.2    10    18      48    (-,-) 
  g8688__5115/Y  -       B0->Y R     AOI21XLHVT       1  0.2    20    20      68    (-,-) 
  g8751/Y        -       B->Y  F     NOR2BXLHVT       1  0.2    10    15      83    (-,-) 
  g8679__8428/Y  -       A->Y  R     NOR2XLHVT        1  0.2    17    19     101    (-,-) 
  g8673__2398/Y  -       D->Y  F     NAND4XLHVT       1  0.0    31    27     128    (-,-) 
  Y[3]           -       -     F     (port)           -    -     -     0     128    (-,-) 
#-----------------------------------------------------------------------------------------



Path 2: VIOLATED (-28 ps) Path Delay Check
     Startpoint: (R) A[1]
       Endpoint: (R) Y[3]

                   Capture    Launch  
      Path Delay:+     100         -  
      Drv Adjust:+       0         0  
         Arrival:=     100            
                                      
   Required Time:=     100            
       Data Path:-     128            
           Slack:=     -28            

Exceptions/Constraints:
  max_delay             100             constraints.sdc_line_1 

#-----------------------------------------------------------------------------------------
# Timing Point   Flags   Arc   Edge    Cell      Fanout Load Trans Delay Arrival Instance 
#                                                       (fF)  (ps)  (ps)   (ps)  Location 
#-----------------------------------------------------------------------------------------
  A[1]           -       -     R     (arrival)        4  3.0     0     0       0    (-,-) 
  fopt8744/Y     -       A->Y  F     CLKINVX4HVT      1  0.7     4     6       6    (-,-) 
  g8726__6131/Y  -       B->Y  R     NAND2X2HVT       2  0.4     7     8      15    (-,-) 
  g8756/Y        -       AN->Y R     NOR2BXLHVT       1  0.2    16    26      40    (-,-) 
  g8693__9315/Y  -       B0->Y F     OAI21XLHVT       2  0.4    26    26      66    (-,-) 
  g8681__1617/Y  -       B->Y  R     NAND2XLHVT       1  0.2    11    18      84    (-,-) 
  g8755/Y        -       C->Y  F     NAND3BXLHVT      1  0.2    27    23     108    (-,-) 
  g8673__2398/Y  -       C->Y  R     NAND4XLHVT       1  0.0    18    20     128    (-,-) 
  Y[3]           -       -     R     (port)           -    -     -     0     128    (-,-) 
#-----------------------------------------------------------------------------------------



Path 3: VIOLATED (-28 ps) Path Delay Check
     Startpoint: (F) A[0]
       Endpoint: (F) Y[3]

                   Capture    Launch  
      Path Delay:+     100         -  
      Drv Adjust:+       0         0  
         Arrival:=     100            
                                      
   Required Time:=     100            
       Data Path:-     128            
           Slack:=     -28            

Exceptions/Constraints:
  max_delay             100             constraints.sdc_line_1 

#-----------------------------------------------------------------------------------------
# Timing Point   Flags   Arc   Edge    Cell      Fanout Load Trans Delay Arrival Instance 
#                                                       (fF)  (ps)  (ps)   (ps)  Location 
#-----------------------------------------------------------------------------------------
  A[0]           -       -     F     (arrival)        3  2.6     0     0       0    (-,-) 
  fopt8743/Y     -       A->Y  R     INVX3HVT         1  0.8     5     7       7    (-,-) 
  g8719__1705/Y  -       B->Y  F     NAND2X2HVT       5  1.2    21    18      25    (-,-) 
  g8693__9315/Y  -       A1->Y R     OAI21XLHVT       2  0.4    29    30      55    (-,-) 
  g8681__1617/Y  -       B->Y  F     NAND2XLHVT       1  0.2    17    24      78    (-,-) 
  g8755/Y        -       C->Y  R     NAND3BXLHVT      1  0.2    14    15      94    (-,-) 
  g8673__2398/Y  -       C->Y  F     NAND4XLHVT       1  0.0    31    34     128    (-,-) 
  Y[3]           -       -     F     (port)           -    -     -     0     128    (-,-) 
#-----------------------------------------------------------------------------------------



Path 4: VIOLATED (-28 ps) Path Delay Check
     Startpoint: (F) A[1]
       Endpoint: (F) Y[3]

                   Capture    Launch  
      Path Delay:+     100         -  
      Drv Adjust:+       0         0  
         Arrival:=     100            
                                      
   Required Time:=     100            
       Data Path:-     128            
           Slack:=     -28            

Exceptions/Constraints:
  max_delay             100             constraints.sdc_line_1 

#-----------------------------------------------------------------------------------------
# Timing Point   Flags   Arc   Edge    Cell      Fanout Load Trans Delay Arrival Instance 
#                                                       (fF)  (ps)  (ps)   (ps)  Location 
#-----------------------------------------------------------------------------------------
  A[1]           -       -     F     (arrival)        4  2.7     0     0       0    (-,-) 
  fopt8744/Y     -       A->Y  R     CLKINVX4HVT      1  0.8     4     6       6    (-,-) 
  g8726__6131/Y  -       B->Y  F     NAND2X2HVT       2  0.4    13    13      20    (-,-) 
  g8756/Y        -       AN->Y F     NOR2BXLHVT       1  0.2    10    22      42    (-,-) 
  g8693__9315/Y  -       B0->Y R     OAI21XLHVT       2  0.4    29    13      54    (-,-) 
  g8681__1617/Y  -       B->Y  F     NAND2XLHVT       1  0.2    17    24      78    (-,-) 
  g8755/Y        -       C->Y  R     NAND3BXLHVT      1  0.2    14    15      94    (-,-) 
  g8673__2398/Y  -       C->Y  F     NAND4XLHVT       1  0.0    31    34     128    (-,-) 
  Y[3]           -       -     F     (port)           -    -     -     0     128    (-,-) 
#-----------------------------------------------------------------------------------------



Path 5: VIOLATED (-27 ps) Path Delay Check
     Startpoint: (F) B[1]
       Endpoint: (F) Y[3]

                   Capture    Launch  
      Path Delay:+     100         -  
      Drv Adjust:+       0         0  
         Arrival:=     100            
                                      
   Required Time:=     100            
       Data Path:-     127            
           Slack:=     -27            

Exceptions/Constraints:
  max_delay             100             constraints.sdc_line_1 

#-----------------------------------------------------------------------------------------
# Timing Point   Flags   Arc   Edge    Cell      Fanout Load Trans Delay Arrival Instance 
#                                                       (fF)  (ps)  (ps)   (ps)  Location 
#-----------------------------------------------------------------------------------------
  B[1]           -       -     F     (arrival)        4  2.2     0     0       0    (-,-) 
  g8715__1881/Y  -       A->Y  R     NOR2X2HVT        1  0.8    16    16      16    (-,-) 
  g8699__5526/Y  -       A1->Y F     OAI21X2HVT       4  0.8    23    25      41    (-,-) 
  g2/Y           -       C->Y  R     NAND3BXLHVT      1  0.2    14    18      59    (-,-) 
  g8682__2802/Y  -       B0->Y F     OAI21XLHVT       1  0.2    20    22      81    (-,-) 
  g8679__8428/Y  -       B->Y  R     NOR2XLHVT        1  0.2    17    20     101    (-,-) 
  g8673__2398/Y  -       D->Y  F     NAND4XLHVT       1  0.0    31    27     127    (-,-) 
  Y[3]           -       -     F     (port)           -    -     -     0     127    (-,-) 
#-----------------------------------------------------------------------------------------



Path 6: VIOLATED (-26 ps) Path Delay Check
     Startpoint: (R) A[1]
       Endpoint: (F) Y[3]

                   Capture    Launch  
      Path Delay:+     100         -  
      Drv Adjust:+       0         0  
         Arrival:=     100            
                                      
   Required Time:=     100            
       Data Path:-     126            
           Slack:=     -26            

Exceptions/Constraints:
  max_delay             100             constraints.sdc_line_1 

#-----------------------------------------------------------------------------------------
# Timing Point   Flags   Arc   Edge    Cell      Fanout Load Trans Delay Arrival Instance 
#                                                       (fF)  (ps)  (ps)   (ps)  Location 
#-----------------------------------------------------------------------------------------
  A[1]           -       -     R     (arrival)        4  3.0     0     0       0    (-,-) 
  fopt8744/Y     -       A->Y  F     CLKINVX4HVT      1  0.7     4     6       6    (-,-) 
  g8726__6131/Y  -       B->Y  R     NAND2X2HVT       2  0.4     7     8      15    (-,-) 
  g8756/Y        -       AN->Y R     NOR2BXLHVT       1  0.2    16    26      40    (-,-) 
  g8693__9315/Y  -       B0->Y F     OAI21XLHVT       2  0.4    26    26      66    (-,-) 
  g8684__5526/Y  -       D->Y  R     NAND4XLHVT       1  0.2    17    20      86    (-,-) 
  g8673__2398/Y  -       B->Y  F     NAND4XLHVT       1  0.0    31    40     126    (-,-) 
  Y[3]           -       -     F     (port)           -    -     -     0     126    (-,-) 
#-----------------------------------------------------------------------------------------



Path 7: VIOLATED (-26 ps) Path Delay Check
     Startpoint: (R) A[1]
       Endpoint: (R) Y[3]

                   Capture    Launch  
      Path Delay:+     100         -  
      Drv Adjust:+       0         0  
         Arrival:=     100            
                                      
   Required Time:=     100            
       Data Path:-     126            
           Slack:=     -26            

Exceptions/Constraints:
  max_delay             100             constraints.sdc_line_1 

#-----------------------------------------------------------------------------------------
# Timing Point   Flags   Arc   Edge    Cell      Fanout Load Trans Delay Arrival Instance 
#                                                       (fF)  (ps)  (ps)   (ps)  Location 
#-----------------------------------------------------------------------------------------
  A[1]           -       -     R     (arrival)        4  3.0     0     0       0    (-,-) 
  fopt8745/Y     -       A->Y  F     INVXLHVT         1  0.4     8     7       7    (-,-) 
  g8728__2802/Y  -       B->Y  R     NOR2X1HVT        3  1.0    28    23      30    (-,-) 
  g8693__9315/Y  -       A0->Y F     OAI21XLHVT       2  0.4    26    35      65    (-,-) 
  g8681__1617/Y  -       B->Y  R     NAND2XLHVT       1  0.2    11    18      83    (-,-) 
  g8755/Y        -       C->Y  F     NAND3BXLHVT      1  0.2    27    23     106    (-,-) 
  g8673__2398/Y  -       C->Y  R     NAND4XLHVT       1  0.0    18    20     126    (-,-) 
  Y[3]           -       -     R     (port)           -    -     -     0     126    (-,-) 
#-----------------------------------------------------------------------------------------



Path 8: VIOLATED (-26 ps) Path Delay Check
     Startpoint: (F) A[1]
       Endpoint: (R) Y[2]

                   Capture    Launch  
      Path Delay:+     100         -  
      Drv Adjust:+       0         0  
         Arrival:=     100            
                                      
   Required Time:=     100            
       Data Path:-     126            
           Slack:=     -26            

Exceptions/Constraints:
  max_delay             100             constraints.sdc_line_1 

#-----------------------------------------------------------------------------------------
# Timing Point   Flags   Arc   Edge    Cell      Fanout Load Trans Delay Arrival Instance 
#                                                       (fF)  (ps)  (ps)   (ps)  Location 
#-----------------------------------------------------------------------------------------
  A[1]           -       -     F     (arrival)        4  2.7     0     0       0    (-,-) 
  fopt8744/Y     -       A->Y  R     CLKINVX4HVT      1  0.8     4     6       6    (-,-) 
  g8726__6131/Y  -       B->Y  F     NAND2X2HVT       2  0.4    13    13      20    (-,-) 
  fopt8749/Y     -       A->Y  F     BUFX2HVT         2  0.6     9    30      50    (-,-) 
  g8689__7410/Y  -       A1->Y R     AOI21X1HVT       2  0.4    21    21      71    (-,-) 
  g8676__5122/Y  -       A2->Y F     AOI31XLHVT       1  0.2    33    36     107    (-,-) 
  g8672__5107/Y  -       B->Y  R     NAND2XLHVT       1  0.0     8    19     126    (-,-) 
  Y[2]           -       -     R     (port)           -    -     -     0     126    (-,-) 
#-----------------------------------------------------------------------------------------



Path 9: VIOLATED (-25 ps) Path Delay Check
     Startpoint: (F) A[3]
       Endpoint: (R) Y[3]

                   Capture    Launch  
      Path Delay:+     100         -  
      Drv Adjust:+       0         0  
         Arrival:=     100            
                                      
   Required Time:=     100            
       Data Path:-     125            
           Slack:=     -25            

Exceptions/Constraints:
  max_delay             100             constraints.sdc_line_1 

#-----------------------------------------------------------------------------------------
# Timing Point   Flags   Arc   Edge    Cell      Fanout Load Trans Delay Arrival Instance 
#                                                       (fF)  (ps)  (ps)   (ps)  Location 
#-----------------------------------------------------------------------------------------
  A[3]           -       -     F     (arrival)        3  4.4     0     0       0    (-,-) 
  fopt8746/Y     -       A->Y  R     CLKINVX8HVT      1  1.6     5     8       8    (-,-) 
  g8710__1617/Y  -       A1->Y F     OAI22X4HVT       6  1.2    27    28      36    (-,-) 
  g2/Y           -       AN->Y F     NAND3BXLHVT      1  0.2    28    42      79    (-,-) 
  g8682__2802/Y  -       B0->Y R     OAI21XLHVT       1  0.2    23    19      97    (-,-) 
  g8679__8428/Y  -       B->Y  F     NOR2XLHVT        1  0.2    10    17     114    (-,-) 
  g8673__2398/Y  -       D->Y  R     NAND4XLHVT       1  0.0    18    11     125    (-,-) 
  Y[3]           -       -     R     (port)           -    -     -     0     125    (-,-) 
#-----------------------------------------------------------------------------------------



Path 10: VIOLATED (-25 ps) Path Delay Check
     Startpoint: (F) A[1]
       Endpoint: (F) Y[2]

                   Capture    Launch  
      Path Delay:+     100         -  
      Drv Adjust:+       0         0  
         Arrival:=     100            
                                      
   Required Time:=     100            
       Data Path:-     125            
           Slack:=     -25            

Exceptions/Constraints:
  max_delay             100             constraints.sdc_line_1 

#-----------------------------------------------------------------------------------------
# Timing Point   Flags   Arc   Edge    Cell      Fanout Load Trans Delay Arrival Instance 
#                                                       (fF)  (ps)  (ps)   (ps)  Location 
#-----------------------------------------------------------------------------------------
  A[1]           -       -     F     (arrival)        4  2.7     0     0       0    (-,-) 
  fopt8744/Y     -       A->Y  R     CLKINVX4HVT      1  0.8     4     6       6    (-,-) 
  g8726__6131/Y  -       B->Y  F     NAND2X2HVT       2  0.4    13    13      20    (-,-) 
  fopt8749/Y     -       A->Y  F     BUFX2HVT         2  0.6     9    30      50    (-,-) 
  g8689__7410/Y  -       A1->Y R     AOI21X1HVT       2  0.4    21    21      71    (-,-) 
  g8677__7098/Y  -       C->Y  F     NOR3XLHVT        1  0.2    13    17      88    (-,-) 
  g8674__6260/Y  -       A->Y  R     NOR2XLHVT        1  0.2    17    20     108    (-,-) 
  g8672__5107/Y  -       A->Y  F     NAND2XLHVT       1  0.0    11    18     125    (-,-) 
  Y[2]           -       -     F     (port)           -    -     -     0     125    (-,-) 
#-----------------------------------------------------------------------------------------

