============================================================
  Generated by:           Genus(TM) Synthesis Solution 21.19-s055_1
  Generated on:           Dec 15 2025  10:59:48 pm
  Module:                 alu
  Operating conditions:   PVT_1P08V_125C (balanced_tree)
  Wireload mode:          enclosed
  Area mode:              timing library
============================================================

Timing
-------
  Cost    Critical         Violating 
 Group   Path Slack  TNS     Paths   
-------------------------------------
default        72.3   0.0          0 
-------------------------------------
Total                 0.0          0 

Instance Count
--------------
Leaf Instance Count             45 
Physical Instance count          0 
Sequential Instance Count        0 
Combinational Instance Count    45 
Hierarchical Instance Count      0 

Area
----
Cell Area                          66.348
Physical Cell Area                 0.000
Total Cell Area (Cell+Physical)    66.348
Net Area                           0.000
Total Area (Cell+Physical+Net)     66.348

Max Fanout                         4 (n_17)
Min Fanout                         1 (n_0)
Average Fanout                     2.1
Terms to net ratio                 2.8545
Terms to instance ratio            3.4889
Runtime                            19.0 seconds
Elapsed Runtime                    26 seconds
Genus peak memory usage            1443.04 
Innovus peak memory usage          no_value 
Hostname                           pink
