============================================================
  Generated by:           Genus(TM) Synthesis Solution 21.19-s055_1
  Generated on:           Dec 15 2025  10:59:48 pm
  Module:                 alu
  Operating conditions:   PVT_1P08V_125C (balanced_tree)
  Wireload mode:          enclosed
  Area mode:              timing library
============================================================


Path 1: MET (72 ps) Path Delay Check
     Startpoint: (R) B[0]
       Endpoint: (F) Y[3]

                   Capture    Launch  
      Path Delay:+     500         -  
      Drv Adjust:+       0         0  
         Arrival:=     500            
                                      
   Required Time:=     500            
       Data Path:-     428            
           Slack:=      72            

Exceptions/Constraints:
  max_delay             500             constraints.sdc_line_1 

#-----------------------------------------------------------------------------------------
# Timing Point   Flags   Arc   Edge    Cell      Fanout Load Trans Delay Arrival Instance 
#                                                       (fF)  (ps)  (ps)   (ps)  Location 
#-----------------------------------------------------------------------------------------
  B[0]           -       -     R     (arrival)        3  1.0     0     0       0    (-,-) 
  g818__5122/Y   -       A->Y  F     NAND2X1HVT       4  0.9    63    51      51    (-,-) 
  g796__6161/Y   -       A1->Y R     OAI21X1HVT       3  1.2    65    73     124    (-,-) 
  g794__6131/Y   -       B0->Y F     OAI21X1HVT       1  0.3    53    75     199    (-,-) 
  g788__1705/Y   -       B->Y  R     NAND2BX1HVT      2  0.8    28    41     240    (-,-) 
  g780__5526/Y   -       A1->Y F     OAI22X1HVT       1  0.3    66    74     314    (-,-) 
  g777__5107/Y   -       B->Y  R     NAND2X1HVT       1  0.4    23    44     358    (-,-) 
  g776__2398/Y   -       C0->Y F     OAI211X1HVT      1  0.0    68    70     428    (-,-) 
  Y[3]           -       -     F     (port)           -    -     -     0     428    (-,-) 
#-----------------------------------------------------------------------------------------



Path 2: MET (80 ps) Path Delay Check
     Startpoint: (R) A[0]
       Endpoint: (F) Y[3]

                   Capture    Launch  
      Path Delay:+     500         -  
      Drv Adjust:+       0         0  
         Arrival:=     500            
                                      
   Required Time:=     500            
       Data Path:-     420            
           Slack:=      80            

Exceptions/Constraints:
  max_delay             500             constraints.sdc_line_1 

#-----------------------------------------------------------------------------------------
# Timing Point   Flags   Arc   Edge    Cell      Fanout Load Trans Delay Arrival Instance 
#                                                       (fF)  (ps)  (ps)   (ps)  Location 
#-----------------------------------------------------------------------------------------
  A[0]           -       -     R     (arrival)        3  1.0     0     0       0    (-,-) 
  g818__5122/Y   -       B->Y  F     NAND2X1HVT       4  0.9    63    43      43    (-,-) 
  g796__6161/Y   -       A1->Y R     OAI21X1HVT       3  1.2    65    73     116    (-,-) 
  g794__6131/Y   -       B0->Y F     OAI21X1HVT       1  0.3    53    75     192    (-,-) 
  g788__1705/Y   -       B->Y  R     NAND2BX1HVT      2  0.8    28    41     233    (-,-) 
  g780__5526/Y   -       A1->Y F     OAI22X1HVT       1  0.3    66    74     306    (-,-) 
  g777__5107/Y   -       B->Y  R     NAND2X1HVT       1  0.4    23    44     350    (-,-) 
  g776__2398/Y   -       C0->Y F     OAI211X1HVT      1  0.0    68    70     420    (-,-) 
  Y[3]           -       -     F     (port)           -    -     -     0     420    (-,-) 
#-----------------------------------------------------------------------------------------



Path 3: MET (103 ps) Path Delay Check
     Startpoint: (R) B[0]
       Endpoint: (F) Y[3]

                   Capture    Launch  
      Path Delay:+     500         -  
      Drv Adjust:+       0         0  
         Arrival:=     500            
                                      
   Required Time:=     500            
       Data Path:-     397            
           Slack:=     103            

Exceptions/Constraints:
  max_delay             500             constraints.sdc_line_1 

#-----------------------------------------------------------------------------------------
# Timing Point   Flags   Arc   Edge    Cell      Fanout Load Trans Delay Arrival Instance 
#                                                       (fF)  (ps)  (ps)   (ps)  Location 
#-----------------------------------------------------------------------------------------
  B[0]           -       -     R     (arrival)        3  1.0     0     0       0    (-,-) 
  g817__8428/Y   -       AN->Y R     NOR2BX1HVT       3  1.0    46    64      64    (-,-) 
  g789__9945/Y   -       A1->Y F     OAI21X1HVT       3  0.9    75    78     142    (-,-) 
  g782__8246/Y   -       A1->Y R     AOI21X1HVT       2  0.8    47    71     213    (-,-) 
  g780__5526/Y   -       B1->Y F     OAI22X1HVT       1  0.3    66    70     283    (-,-) 
  g777__5107/Y   -       B->Y  R     NAND2X1HVT       1  0.4    23    44     327    (-,-) 
  g776__2398/Y   -       C0->Y F     OAI211X1HVT      1  0.0    68    70     397    (-,-) 
  Y[3]           -       -     F     (port)           -    -     -     0     397    (-,-) 
#-----------------------------------------------------------------------------------------



Path 4: MET (104 ps) Path Delay Check
     Startpoint: (R) B[1]
       Endpoint: (F) Y[3]

                   Capture    Launch  
      Path Delay:+     500         -  
      Drv Adjust:+       0         0  
         Arrival:=     500            
                                      
   Required Time:=     500            
       Data Path:-     396            
           Slack:=     104            

Exceptions/Constraints:
  max_delay             500             constraints.sdc_line_1 

#-----------------------------------------------------------------------------------------
# Timing Point   Flags   Arc   Edge    Cell      Fanout Load Trans Delay Arrival Instance 
#                                                       (fF)  (ps)  (ps)   (ps)  Location 
#-----------------------------------------------------------------------------------------
  B[1]           -       -     R     (arrival)        4  1.2     0     0       0    (-,-) 
  g807__2398/Y   -       AN->Y R     NOR2BX1HVT       2  0.6    34    57      57    (-,-) 
  g789__9945/Y   -       A0->Y F     OAI21X1HVT       3  0.9    75    84     142    (-,-) 
  g782__8246/Y   -       A1->Y R     AOI21X1HVT       2  0.8    47    71     212    (-,-) 
  g780__5526/Y   -       B1->Y F     OAI22X1HVT       1  0.3    66    70     282    (-,-) 
  g777__5107/Y   -       B->Y  R     NAND2X1HVT       1  0.4    23    44     326    (-,-) 
  g776__2398/Y   -       C0->Y F     OAI211X1HVT      1  0.0    68    70     396    (-,-) 
  Y[3]           -       -     F     (port)           -    -     -     0     396    (-,-) 
#-----------------------------------------------------------------------------------------



Path 5: MET (109 ps) Path Delay Check
     Startpoint: (R) B[1]
       Endpoint: (F) Y[3]

                   Capture    Launch  
      Path Delay:+     500         -  
      Drv Adjust:+       0         0  
         Arrival:=     500            
                                      
   Required Time:=     500            
       Data Path:-     391            
           Slack:=     109            

Exceptions/Constraints:
  max_delay             500             constraints.sdc_line_1 

#-----------------------------------------------------------------------------------------
# Timing Point   Flags   Arc   Edge    Cell      Fanout Load Trans Delay Arrival Instance 
#                                                       (fF)  (ps)  (ps)   (ps)  Location 
#-----------------------------------------------------------------------------------------
  B[1]           -       -     R     (arrival)        4  1.2     0     0       0    (-,-) 
  g816__6260/Y   -       A->Y  F     NAND2X1HVT       2  0.6    50    43      43    (-,-) 
  g796__6161/Y   -       B0->Y R     OAI21X1HVT       3  1.2    65    43      86    (-,-) 
  g794__6131/Y   -       B0->Y F     OAI21X1HVT       1  0.3    53    75     162    (-,-) 
  g788__1705/Y   -       B->Y  R     NAND2BX1HVT      2  0.8    28    41     203    (-,-) 
  g780__5526/Y   -       A1->Y F     OAI22X1HVT       1  0.3    66    74     276    (-,-) 
  g777__5107/Y   -       B->Y  R     NAND2X1HVT       1  0.4    23    44     320    (-,-) 
  g776__2398/Y   -       C0->Y F     OAI211X1HVT      1  0.0    68    70     391    (-,-) 
  Y[3]           -       -     F     (port)           -    -     -     0     391    (-,-) 
#-----------------------------------------------------------------------------------------



Path 6: MET (117 ps) Path Delay Check
     Startpoint: (R) A[1]
       Endpoint: (F) Y[3]

                   Capture    Launch  
      Path Delay:+     500         -  
      Drv Adjust:+       0         0  
         Arrival:=     500            
                                      
   Required Time:=     500            
       Data Path:-     383            
           Slack:=     117            

Exceptions/Constraints:
  max_delay             500             constraints.sdc_line_1 

#-----------------------------------------------------------------------------------------
# Timing Point   Flags   Arc   Edge    Cell      Fanout Load Trans Delay Arrival Instance 
#                                                       (fF)  (ps)  (ps)   (ps)  Location 
#-----------------------------------------------------------------------------------------
  A[1]           -       -     R     (arrival)        4  1.6     0     0       0    (-,-) 
  g816__6260/Y   -       B->Y  F     NAND2X1HVT       2  0.6    50    36      36    (-,-) 
  g796__6161/Y   -       B0->Y R     OAI21X1HVT       3  1.2    65    43      79    (-,-) 
  g794__6131/Y   -       B0->Y F     OAI21X1HVT       1  0.3    53    75     154    (-,-) 
  g788__1705/Y   -       B->Y  R     NAND2BX1HVT      2  0.8    28    41     196    (-,-) 
  g780__5526/Y   -       A1->Y F     OAI22X1HVT       1  0.3    66    74     269    (-,-) 
  g777__5107/Y   -       B->Y  R     NAND2X1HVT       1  0.4    23    44     313    (-,-) 
  g776__2398/Y   -       C0->Y F     OAI211X1HVT      1  0.0    68    70     383    (-,-) 
  Y[3]           -       -     F     (port)           -    -     -     0     383    (-,-) 
#-----------------------------------------------------------------------------------------



Path 7: MET (119 ps) Path Delay Check
     Startpoint: (R) B[1]
       Endpoint: (F) Y[3]

                   Capture    Launch  
      Path Delay:+     500         -  
      Drv Adjust:+       0         0  
         Arrival:=     500            
                                      
   Required Time:=     500            
       Data Path:-     381            
           Slack:=     119            

Exceptions/Constraints:
  max_delay             500             constraints.sdc_line_1 

#-----------------------------------------------------------------------------------------
# Timing Point   Flags   Arc   Edge    Cell      Fanout Load Trans Delay Arrival Instance 
#                                                       (fF)  (ps)  (ps)   (ps)  Location 
#-----------------------------------------------------------------------------------------
  B[1]           -       -     R     (arrival)        4  1.2     0     0       0    (-,-) 
  g805__6783/Y   -       A->Y  F     NOR2X1HVT        1  0.3    21    19      19    (-,-) 
  g796__6161/Y   -       A0->Y R     OAI21X1HVT       3  1.2    65    58      77    (-,-) 
  g794__6131/Y   -       B0->Y F     OAI21X1HVT       1  0.3    53    75     152    (-,-) 
  g788__1705/Y   -       B->Y  R     NAND2BX1HVT      2  0.8    28    41     193    (-,-) 
  g780__5526/Y   -       A1->Y F     OAI22X1HVT       1  0.3    66    74     267    (-,-) 
  g777__5107/Y   -       B->Y  R     NAND2X1HVT       1  0.4    23    44     311    (-,-) 
  g776__2398/Y   -       C0->Y F     OAI211X1HVT      1  0.0    68    70     381    (-,-) 
  Y[3]           -       -     F     (port)           -    -     -     0     381    (-,-) 
#-----------------------------------------------------------------------------------------



Path 8: MET (124 ps) Path Delay Check
     Startpoint: (R) A[1]
       Endpoint: (F) Y[3]

                   Capture    Launch  
      Path Delay:+     500         -  
      Drv Adjust:+       0         0  
         Arrival:=     500            
                                      
   Required Time:=     500            
       Data Path:-     376            
           Slack:=     124            

Exceptions/Constraints:
  max_delay             500             constraints.sdc_line_1 

#-----------------------------------------------------------------------------------------
# Timing Point   Flags   Arc   Edge    Cell      Fanout Load Trans Delay Arrival Instance 
#                                                       (fF)  (ps)  (ps)   (ps)  Location 
#-----------------------------------------------------------------------------------------
  A[1]           -       -     R     (arrival)        4  1.6     0     0       0    (-,-) 
  g805__6783/Y   -       B->Y  F     NOR2X1HVT        1  0.3    21    14      14    (-,-) 
  g796__6161/Y   -       A0->Y R     OAI21X1HVT       3  1.2    65    58      72    (-,-) 
  g794__6131/Y   -       B0->Y F     OAI21X1HVT       1  0.3    53    75     147    (-,-) 
  g788__1705/Y   -       B->Y  R     NAND2BX1HVT      2  0.8    28    41     188    (-,-) 
  g780__5526/Y   -       A1->Y F     OAI22X1HVT       1  0.3    66    74     262    (-,-) 
  g777__5107/Y   -       B->Y  R     NAND2X1HVT       1  0.4    23    44     306    (-,-) 
  g776__2398/Y   -       C0->Y F     OAI211X1HVT      1  0.0    68    70     376    (-,-) 
  Y[3]           -       -     F     (port)           -    -     -     0     376    (-,-) 
#-----------------------------------------------------------------------------------------



Path 9: MET (131 ps) Path Delay Check
     Startpoint: (R) B[1]
       Endpoint: (F) Y[3]

                   Capture    Launch  
      Path Delay:+     500         -  
      Drv Adjust:+       0         0  
         Arrival:=     500            
                                      
   Required Time:=     500            
       Data Path:-     369            
           Slack:=     131            

Exceptions/Constraints:
  max_delay             500             constraints.sdc_line_1 

#-----------------------------------------------------------------------------------------
# Timing Point   Flags   Arc   Edge    Cell      Fanout Load Trans Delay Arrival Instance 
#                                                       (fF)  (ps)  (ps)   (ps)  Location 
#-----------------------------------------------------------------------------------------
  B[1]           -       -     R     (arrival)        4  1.2     0     0       0    (-,-) 
  g808__5107/Y   -       AN->Y R     NAND2BX1HVT      2  0.8    25    45      45    (-,-) 
  g789__9945/Y   -       B0->Y F     OAI21X1HVT       3  0.9    75    69     114    (-,-) 
  g782__8246/Y   -       A1->Y R     AOI21X1HVT       2  0.8    47    71     185    (-,-) 
  g780__5526/Y   -       B1->Y F     OAI22X1HVT       1  0.3    66    70     255    (-,-) 
  g777__5107/Y   -       B->Y  R     NAND2X1HVT       1  0.4    23    44     299    (-,-) 
  g776__2398/Y   -       C0->Y F     OAI211X1HVT      1  0.0    68    70     369    (-,-) 
  Y[3]           -       -     F     (port)           -    -     -     0     369    (-,-) 
#-----------------------------------------------------------------------------------------



Path 10: MET (137 ps) Path Delay Check
     Startpoint: (F) A[0]
       Endpoint: (F) Y[3]

                   Capture    Launch  
      Path Delay:+     500         -  
      Drv Adjust:+       0         0  
         Arrival:=     500            
                                      
   Required Time:=     500            
       Data Path:-     363            
           Slack:=     137            

Exceptions/Constraints:
  max_delay             500             constraints.sdc_line_1 

#-----------------------------------------------------------------------------------------
# Timing Point   Flags   Arc   Edge    Cell      Fanout Load Trans Delay Arrival Instance 
#                                                       (fF)  (ps)  (ps)   (ps)  Location 
#-----------------------------------------------------------------------------------------
  A[0]           -       -     F     (arrival)        3  0.8     0     0       0    (-,-) 
  g817__8428/Y   -       B->Y  R     NOR2BX1HVT       3  1.0    46    30      30    (-,-) 
  g789__9945/Y   -       A1->Y F     OAI21X1HVT       3  0.9    75    78     109    (-,-) 
  g782__8246/Y   -       A1->Y R     AOI21X1HVT       2  0.8    47    71     179    (-,-) 
  g780__5526/Y   -       B1->Y F     OAI22X1HVT       1  0.3    66    70     249    (-,-) 
  g777__5107/Y   -       B->Y  R     NAND2X1HVT       1  0.4    23    44     293    (-,-) 
  g776__2398/Y   -       C0->Y F     OAI211X1HVT      1  0.0    68    70     363    (-,-) 
  Y[3]           -       -     F     (port)           -    -     -     0     363    (-,-) 
#-----------------------------------------------------------------------------------------

