============================================================
  Generated by:           Genus(TM) Synthesis Solution 21.19-s055_1
  Generated on:           Dec 15 2025  10:59:48 pm
  Module:                 alu
  Operating conditions:   PVT_1P08V_125C (balanced_tree)
  Wireload mode:          enclosed
  Area mode:              timing library
============================================================


Path 1: MET (72 ps) Path Delay Check
     Startpoint: (R) B[0]
       Endpoint: (F) Y[3]

                   Capture    Launch  
      Path Delay:+     500         -  
      Drv Adjust:+       0         0  
         Arrival:=     500            
                                      
   Required Time:=     500            
       Data Path:-     428            
           Slack:=      72            

Exceptions/Constraints:
  max_delay             500             constraints.sdc_line_1 

#-----------------------------------------------------------------------------------------
# Timing Point   Flags   Arc   Edge    Cell      Fanout Load Trans Delay Arrival Instance 
#                                                       (fF)  (ps)  (ps)   (ps)  Location 
#-----------------------------------------------------------------------------------------
  B[0]           -       -     R     (arrival)        3  1.0     0     0       0    (-,-) 
  g818__5122/Y   -       A->Y  F     NAND2X1HVT       4  0.9    63    51      51    (-,-) 
  g796__6161/Y   -       A1->Y R     OAI21X1HVT       3  1.2    65    73     124    (-,-) 
  g794__6131/Y   -       B0->Y F     OAI21X1HVT       1  0.3    53    75     199    (-,-) 
  g788__1705/Y   -       B->Y  R     NAND2BX1HVT      2  0.8    28    41     240    (-,-) 
  g780__5526/Y   -       A1->Y F     OAI22X1HVT       1  0.3    66    74     314    (-,-) 
  g777__5107/Y   -       B->Y  R     NAND2X1HVT       1  0.4    23    44     358    (-,-) 
  g776__2398/Y   -       C0->Y F     OAI211X1HVT      1  0.0    68    70     428    (-,-) 
  Y[3]           <<<     -     F     (port)           -    -     -     0     428    (-,-) 
#-----------------------------------------------------------------------------------------

