============================================================
  Generated by:           Genus(TM) Synthesis Solution 21.19-s055_1
  Generated on:           Dec 14 2025  10:47:57 pm
  Module:                 alu
  Operating conditions:   PVT_1P08V_125C (balanced_tree)
  Wireload mode:          enclosed
  Area mode:              timing library
============================================================

Timing
--------

Clock Period 
-------------
clk   1000.0 


  Cost    Critical         Violating 
 Group   Path Slack  TNS     Paths   
-------------------------------------
clk           251.4   0.0          0 
default    No paths   0.0            
-------------------------------------
Total                 0.0          0 

Instance Count
--------------
Leaf Instance Count             47 
Physical Instance count          0 
Sequential Instance Count        4 
Combinational Instance Count    43 
Hierarchical Instance Count      0 

Area
----
Cell Area                          87.210
Physical Cell Area                 0.000
Total Cell Area (Cell+Physical)    87.210
Net Area                           0.000
Total Area (Cell+Physical+Net)     87.210

Max Fanout                         5 (n_38)
Min Fanout                         1 (Y[0])
Average Fanout                     2.1
Terms to net ratio                 2.8448
Terms to instance ratio            3.5106
Runtime                            18.999997 seconds
Elapsed Runtime                    25 seconds
Genus peak memory usage            1442.24 
Innovus peak memory usage          no_value 
Hostname                           pink
