============================================================
  Generated by:           Genus(TM) Synthesis Solution 21.19-s055_1
  Generated on:           Dec 14 2025  10:47:57 pm
  Module:                 alu
  Operating conditions:   PVT_1P08V_125C (balanced_tree)
  Wireload mode:          enclosed
  Area mode:              timing library
============================================================


Path 1: MET (251 ps) Setup Check with Pin Y_reg[3]/CK->D
          Group: clk
     Startpoint: (R) B[0]
          Clock: (R) clk
       Endpoint: (R) Y_reg[3]/D
          Clock: (R) clk

                     Capture       Launch     
        Clock Edge:+    1000            0     
        Drv Adjust:+       0            0     
       Src Latency:+       0            0     
       Net Latency:+       0 (I)        0 (I) 
           Arrival:=    1000            0     
                                              
             Setup:-      93                  
     Required Time:=     907                  
      Launch Clock:-       0                  
       Input Delay:-     200                  
         Data Path:-     455                  
             Slack:=     251                  

Exceptions/Constraints:
  input_delay             200             constraints.sdc_line_3_7_1 

#-----------------------------------------------------------------------------------------
# Timing Point   Flags   Arc   Edge    Cell      Fanout Load Trans Delay Arrival Instance 
#                                                       (fF)  (ps)  (ps)   (ps)  Location 
#-----------------------------------------------------------------------------------------
  B[0]           -       -     R     (arrival)        3  0.8     0     0     200    (-,-) 
  g808__8428/Y   -       AN->Y R     NOR2BX1HVT       3  0.8    40    61     261    (-,-) 
  g782__1881/Y   -       A0->Y F     OAI21X1HVT       3  0.9    75    87     348    (-,-) 
  g772__5122/Y   -       A1->Y R     AOI21X1HVT       2  0.4    36    64     412    (-,-) 
  g768__4319/Y   -       A2->Y F     AOI33XLHVT       1  0.3   169   147     559    (-,-) 
  g764__2398/Y   -       C0->Y R     OAI211X1HVT      1  0.2    47    96     655    (-,-) 
  Y_reg[3]/D     <<<     -     R     DFFQXLHVT        1    -     -     0     655    (-,-) 
#-----------------------------------------------------------------------------------------

