============================================================
  Generated by:           Genus(TM) Synthesis Solution 21.19-s055_1
  Generated on:           Nov 20 2025  02:41:43 am
  Module:                 full_adder
  Operating conditions:   PVT_0P9V_125C (balanced_tree)
  Wireload mode:          enclosed
  Area mode:              timing library
============================================================

Timing
-------
  Cost    Critical         Violating 
 Group   Path Slack  TNS     Paths   
-------------------------------------
default    No paths   0.0            
-------------------------------------
Total                 0.0          0 

Instance Count
--------------
Leaf Instance Count             1 
Physical Instance count         0 
Sequential Instance Count       0 
Combinational Instance Count    1 
Hierarchical Instance Count     0 

Area
----
Cell Area                          5.130
Physical Cell Area                 0.000
Total Cell Area (Cell+Physical)    5.130
Net Area                           0.000
Total Area (Cell+Physical+Net)     5.130

Max Fanout                         1 (Cout)
Min Fanout                         1 (Cout)
Average Fanout                     1.0
Terms to net ratio                 1.0000
Terms to instance ratio            5.0000
Runtime                            17.999996 seconds
Elapsed Runtime                    22 seconds
Genus peak memory usage            1439.99 
Innovus peak memory usage          no_value 
Hostname                           pink
