============================================================
  Generated by:           Genus(TM) Synthesis Solution 21.19-s055_1
  Generated on:           Dec 18 2025  10:31:49 pm
  Module:                 alu
  Operating conditions:   PVT_1P08V_125C (balanced_tree)
  Wireload mode:          enclosed
  Area mode:              timing library
============================================================


Path 1: VIOLATED (-145 ps) Path Delay Check
     Startpoint: (R) B[1]
       Endpoint: (R) Y[3]

                   Capture    Launch  
      Path Delay:+     100         -  
      Drv Adjust:+       0         0  
         Arrival:=     100            
                                      
   Required Time:=     100            
       Data Path:-     245            
           Slack:=    -145            

Exceptions/Constraints:
  max_delay             100             constraints.sdc_line_1 

#----------------------------------------------------------------------------------------
# Timing Point   Flags   Arc   Edge    Cell     Fanout Load Trans Delay Arrival Instance 
#                                                      (fF)  (ps)  (ps)   (ps)  Location 
#----------------------------------------------------------------------------------------
  B[1]           -       -     R     (arrival)       4  8.4     0     0       0    (-,-) 
  g12588__9315/Y -       A->Y  F     NAND2X8HVT      3  2.3    40    39      39    (-,-) 
  g12561__3680/Y -       B->Y  R     NAND2X4HVT      1  1.5    21    28      68    (-,-) 
  g12546__7482/Y -       A1->Y F     AOI21X4HVT      2  1.4    53    55     123    (-,-) 
  g12540__1705/Y -       B->Y  R     NOR2X2HVT       1  0.8    33    44     167    (-,-) 
  g12537__8428/Y -       B0->Y F     AOI31X2HVT      1  0.2    68    28     196    (-,-) 
  g12528__2398/Y -       B->Y  R     NAND3XLHVT      1  0.0    23    49     245    (-,-) 
  Y[3]           <<<     -     R     (port)          -    -     -     0     245    (-,-) 
#----------------------------------------------------------------------------------------

