============================================================
  Generated by:           Genus(TM) Synthesis Solution 21.19-s055_1
  Generated on:           Dec 18 2025  10:31:49 pm
  Module:                 alu
  Operating conditions:   PVT_1P08V_125C (balanced_tree)
  Wireload mode:          enclosed
  Area mode:              timing library
============================================================


Path 1: VIOLATED (-145 ps) Path Delay Check
     Startpoint: (R) B[1]
       Endpoint: (R) Y[3]

                   Capture    Launch  
      Path Delay:+     100         -  
      Drv Adjust:+       0         0  
         Arrival:=     100            
                                      
   Required Time:=     100            
       Data Path:-     245            
           Slack:=    -145            

Exceptions/Constraints:
  max_delay             100             constraints.sdc_line_1 

#----------------------------------------------------------------------------------------
# Timing Point   Flags   Arc   Edge    Cell     Fanout Load Trans Delay Arrival Instance 
#                                                      (fF)  (ps)  (ps)   (ps)  Location 
#----------------------------------------------------------------------------------------
  B[1]           -       -     R     (arrival)       4  8.4     0     0       0    (-,-) 
  g12588__9315/Y -       A->Y  F     NAND2X8HVT      3  2.3    40    39      39    (-,-) 
  g12561__3680/Y -       B->Y  R     NAND2X4HVT      1  1.5    21    28      68    (-,-) 
  g12546__7482/Y -       A1->Y F     AOI21X4HVT      2  1.4    53    55     123    (-,-) 
  g12540__1705/Y -       B->Y  R     NOR2X2HVT       1  0.8    33    44     167    (-,-) 
  g12537__8428/Y -       B0->Y F     AOI31X2HVT      1  0.2    68    28     196    (-,-) 
  g12528__2398/Y -       B->Y  R     NAND3XLHVT      1  0.0    23    49     245    (-,-) 
  Y[3]           -       -     R     (port)          -    -     -     0     245    (-,-) 
#----------------------------------------------------------------------------------------



Path 2: VIOLATED (-145 ps) Path Delay Check
     Startpoint: (R) B[1]
       Endpoint: (R) Y[3]

                   Capture    Launch  
      Path Delay:+     100         -  
      Drv Adjust:+       0         0  
         Arrival:=     100            
                                      
   Required Time:=     100            
       Data Path:-     245            
           Slack:=    -145            

Exceptions/Constraints:
  max_delay             100             constraints.sdc_line_1 

#----------------------------------------------------------------------------------------
# Timing Point   Flags   Arc   Edge    Cell     Fanout Load Trans Delay Arrival Instance 
#                                                      (fF)  (ps)  (ps)   (ps)  Location 
#----------------------------------------------------------------------------------------
  B[1]           -       -     R     (arrival)       4  8.4     0     0       0    (-,-) 
  g12575__2346/Y -       A->Y  F     NOR2X8HVT       2  2.0    21    20      20    (-,-) 
  g12559__1617/Y -       A->Y  R     NOR2X4HVT       1  1.5    30    36      56    (-,-) 
  g12546__7482/Y -       A0->Y F     AOI21X4HVT      2  1.4    53    67     123    (-,-) 
  g12540__1705/Y -       B->Y  R     NOR2X2HVT       1  0.8    33    44     167    (-,-) 
  g12537__8428/Y -       B0->Y F     AOI31X2HVT      1  0.2    68    28     196    (-,-) 
  g12528__2398/Y -       B->Y  R     NAND3XLHVT      1  0.0    23    49     245    (-,-) 
  Y[3]           -       -     R     (port)          -    -     -     0     245    (-,-) 
#----------------------------------------------------------------------------------------



Path 3: VIOLATED (-145 ps) Path Delay Check
     Startpoint: (F) B[0]
       Endpoint: (F) Y[3]

                   Capture    Launch  
      Path Delay:+     100         -  
      Drv Adjust:+       0         0  
         Arrival:=     100            
                                      
   Required Time:=     100            
       Data Path:-     245            
           Slack:=    -145            

Exceptions/Constraints:
  max_delay             100             constraints.sdc_line_1 

#------------------------------------------------------------------------------------------
#  Timing Point    Flags   Arc   Edge    Cell     Fanout Load Trans Delay Arrival Instance 
#                                                        (fF)  (ps)  (ps)   (ps)  Location 
#------------------------------------------------------------------------------------------
  B[0]             -       -     F     (arrival)       5  7.8     0     0       0    (-,-) 
  g12608_0__5477/Y -       A->Y  R     NAND2X8HVT      1  1.5    13    14      14    (-,-) 
  g12561__3680/Y   -       A->Y  F     NAND2X4HVT      1  1.4    42    45      59    (-,-) 
  g12546__7482/Y   -       A1->Y R     AOI21X4HVT      2  1.4    34    47     106    (-,-) 
  g12540__1705/Y   -       B->Y  F     NOR2X2HVT       1  0.7    24    32     138    (-,-) 
  g12537__8428/Y   -       B0->Y R     AOI31X2HVT      1  0.2    29    36     174    (-,-) 
  g12528__2398/Y   -       B->Y  F     NAND3XLHVT      1  0.0    54    70     245    (-,-) 
  Y[3]             -       -     F     (port)          -    -     -     0     245    (-,-) 
#------------------------------------------------------------------------------------------



Path 4: VIOLATED (-144 ps) Path Delay Check
     Startpoint: (R) B[3]
       Endpoint: (R) Y[3]

                   Capture    Launch  
      Path Delay:+     100         -  
      Drv Adjust:+       0         0  
         Arrival:=     100            
                                      
   Required Time:=     100            
       Data Path:-     244            
           Slack:=    -144            

Exceptions/Constraints:
  max_delay             100             constraints.sdc_line_1 

#-----------------------------------------------------------------------------------------
#  Timing Point   Flags   Arc   Edge    Cell     Fanout Load Trans Delay Arrival Instance 
#                                                       (fF)  (ps)  (ps)   (ps)  Location 
#-----------------------------------------------------------------------------------------
  B[3]            -       -     R     (arrival)       3  2.7     0     0       0    (-,-) 
  g12598/Y        -       A->Y  F     INVX2HVT        1  1.3    21    16      16    (-,-) 
  g12574__1705/Y  -       B->Y  R     NOR2X4HVT       3  2.4    36    33      50    (-,-) 
  g12569__12615/Y -       B->Y  F     NOR2X4HVT       3  1.3    27    32      82    (-,-) 
  fopt12614/Y     -       A->Y  R     INVX1HVT        1  0.7    19    25     107    (-,-) 
  g12537__8428/Y  -       A1->Y F     AOI31X2HVT      1  0.2    68    88     195    (-,-) 
  g12528__2398/Y  -       B->Y  R     NAND3XLHVT      1  0.0    23    49     244    (-,-) 
  Y[3]            -       -     R     (port)          -    -     -     0     244    (-,-) 
#-----------------------------------------------------------------------------------------



Path 5: VIOLATED (-144 ps) Path Delay Check
     Startpoint: (R) A[3]
       Endpoint: (R) Y[3]

                   Capture    Launch  
      Path Delay:+     100         -  
      Drv Adjust:+       0         0  
         Arrival:=     100            
                                      
   Required Time:=     100            
       Data Path:-     244            
           Slack:=    -144            

Exceptions/Constraints:
  max_delay             100             constraints.sdc_line_1 

#------------------------------------------------------------------------------------------
#  Timing Point   Flags   Arc   Edge    Cell      Fanout Load Trans Delay Arrival Instance 
#                                                        (fF)  (ps)  (ps)   (ps)  Location 
#------------------------------------------------------------------------------------------
  A[3]            -       -     R     (arrival)        3  3.4     0     0       0    (-,-) 
  g12593/Y        -       A->Y  F     CLKINVX4HVT      1  1.3    14    13      13    (-,-) 
  g12585__5122/Y  -       B->Y  R     NOR2X4HVT        3  2.5    36    31      44    (-,-) 
  g12569__12615/Y -       A->Y  F     NOR2X4HVT        3  1.3    27    37      81    (-,-) 
  fopt12614/Y     -       A->Y  R     INVX1HVT         1  0.7    19    25     107    (-,-) 
  g12537__8428/Y  -       A1->Y F     AOI31X2HVT       1  0.2    68    88     195    (-,-) 
  g12528__2398/Y  -       B->Y  R     NAND3XLHVT       1  0.0    23    49     244    (-,-) 
  Y[3]            -       -     R     (port)           -    -     -     0     244    (-,-) 
#------------------------------------------------------------------------------------------



Path 6: VIOLATED (-144 ps) Path Delay Check
     Startpoint: (R) B[0]
       Endpoint: (F) Y[3]

                   Capture    Launch  
      Path Delay:+     100         -  
      Drv Adjust:+       0         0  
         Arrival:=     100            
                                      
   Required Time:=     100            
       Data Path:-     244            
           Slack:=    -144            

Exceptions/Constraints:
  max_delay             100             constraints.sdc_line_1 

#-----------------------------------------------------------------------------------------
# Timing Point   Flags   Arc   Edge    Cell      Fanout Load Trans Delay Arrival Instance 
#                                                       (fF)  (ps)  (ps)   (ps)  Location 
#-----------------------------------------------------------------------------------------
  B[0]           -       -     R     (arrival)        5  8.8     0     0       0    (-,-) 
  fopt12610/Y    -       A->Y  F     CLKINVX8HVT      1  2.0    13    14      14    (-,-) 
  g12579__7482/Y -       B->Y  R     NOR2X6HVT        4  2.1    28    26      40    (-,-) 
  fopt2/Y        -       A->Y  F     INVX3HVT         1  0.7    16    25      64    (-,-) 
  g12544__4733/Y -       A1->Y R     OAI21X2HVT       2  0.8    36    36     100    (-,-) 
  g12542/Y       -       A->Y  F     INVX1HVT         1  0.3    19    32     132    (-,-) 
  g12535__5526/Y -       A1->Y R     OAI21X1HVT       1  0.2    31    34     166    (-,-) 
  g12528__2398/Y -       A->Y  F     NAND3XLHVT       1  0.0    54    78     244    (-,-) 
  Y[3]           -       -     F     (port)           -    -     -     0     244    (-,-) 
#-----------------------------------------------------------------------------------------



Path 7: VIOLATED (-144 ps) Path Delay Check
     Startpoint: (R) B[1]
       Endpoint: (F) Y[3]

                   Capture    Launch  
      Path Delay:+     100         -  
      Drv Adjust:+       0         0  
         Arrival:=     100            
                                      
   Required Time:=     100            
       Data Path:-     244            
           Slack:=    -144            

Exceptions/Constraints:
  max_delay             100             constraints.sdc_line_1 

#----------------------------------------------------------------------------------------
# Timing Point   Flags   Arc   Edge    Cell     Fanout Load Trans Delay Arrival Instance 
#                                                      (fF)  (ps)  (ps)   (ps)  Location 
#----------------------------------------------------------------------------------------
  B[1]           -       -     R     (arrival)       4  8.4     0     0       0    (-,-) 
  g12588__9315/Y -       A->Y  F     NAND2X8HVT      3  2.3    40    39      39    (-,-) 
  g12561__3680/Y -       B->Y  R     NAND2X4HVT      1  1.5    21    28      68    (-,-) 
  g12546__7482/Y -       A1->Y F     AOI21X4HVT      2  1.4    53    55     123    (-,-) 
  g12537__8428/Y -       A2->Y R     AOI31X2HVT      1  0.2    29    50     173    (-,-) 
  g12528__2398/Y -       B->Y  F     NAND3XLHVT      1  0.0    54    70     244    (-,-) 
  Y[3]           -       -     F     (port)          -    -     -     0     244    (-,-) 
#----------------------------------------------------------------------------------------



Path 8: VIOLATED (-144 ps) Path Delay Check
     Startpoint: (R) B[1]
       Endpoint: (F) Y[3]

                   Capture    Launch  
      Path Delay:+     100         -  
      Drv Adjust:+       0         0  
         Arrival:=     100            
                                      
   Required Time:=     100            
       Data Path:-     244            
           Slack:=    -144            

Exceptions/Constraints:
  max_delay             100             constraints.sdc_line_1 

#----------------------------------------------------------------------------------------
# Timing Point   Flags   Arc   Edge    Cell     Fanout Load Trans Delay Arrival Instance 
#                                                      (fF)  (ps)  (ps)   (ps)  Location 
#----------------------------------------------------------------------------------------
  B[1]           -       -     R     (arrival)       4  8.4     0     0       0    (-,-) 
  g12575__2346/Y -       A->Y  F     NOR2X8HVT       2  2.0    21    20      20    (-,-) 
  g12559__1617/Y -       A->Y  R     NOR2X4HVT       1  1.5    30    36      56    (-,-) 
  g12546__7482/Y -       A0->Y F     AOI21X4HVT      2  1.4    53    67     123    (-,-) 
  g12537__8428/Y -       A2->Y R     AOI31X2HVT      1  0.2    29    50     173    (-,-) 
  g12528__2398/Y -       B->Y  F     NAND3XLHVT      1  0.0    54    70     244    (-,-) 
  Y[3]           -       -     F     (port)          -    -     -     0     244    (-,-) 
#----------------------------------------------------------------------------------------



Path 9: VIOLATED (-143 ps) Path Delay Check
     Startpoint: (R) B[2]
       Endpoint: (F) Y[2]

                   Capture    Launch  
      Path Delay:+     100         -  
      Drv Adjust:+       0         0  
         Arrival:=     100            
                                      
   Required Time:=     100            
       Data Path:-     243            
           Slack:=    -143            

Exceptions/Constraints:
  max_delay             100             constraints.sdc_line_1 

#----------------------------------------------------------------------------------------
# Timing Point   Flags   Arc   Edge    Cell     Fanout Load Trans Delay Arrival Instance 
#                                                      (fF)  (ps)  (ps)   (ps)  Location 
#----------------------------------------------------------------------------------------
  B[2]           -       -     R     (arrival)       4  4.2     0     0       0    (-,-) 
  g12586__2883/Y -       A->Y  F     NAND2X4HVT      2  1.0    36    36      36    (-,-) 
  g12555__7410/Y -       A0->Y R     OAI21X2HVT      1  0.8    37    50      86    (-,-) 
  g12538__2802/Y -       B0->Y F     OAI31X2HVT      1  0.3    52    66     153    (-,-) 
  g12531__6260/Y -       A1->Y R     OAI21X1HVT      1  0.2    34    50     203    (-,-) 
  g12529__5107/Y -       B->Y  F     NAND2XLHVT      1  0.0    27    40     243    (-,-) 
  Y[2]           -       -     F     (port)          -    -     -     0     243    (-,-) 
#----------------------------------------------------------------------------------------



Path 10: VIOLATED (-143 ps) Path Delay Check
     Startpoint: (F) B[2]
       Endpoint: (R) Y[3]

                   Capture    Launch  
      Path Delay:+     100         -  
      Drv Adjust:+       0         0  
         Arrival:=     100            
                                      
   Required Time:=     100            
       Data Path:-     243            
           Slack:=    -143            

Exceptions/Constraints:
  max_delay             100             constraints.sdc_line_1 

#----------------------------------------------------------------------------------------
# Timing Point   Flags   Arc   Edge    Cell     Fanout Load Trans Delay Arrival Instance 
#                                                      (fF)  (ps)  (ps)   (ps)  Location 
#----------------------------------------------------------------------------------------
  B[2]           -       -     F     (arrival)       4  3.7     0     0       0    (-,-) 
  g12594/Y       -       A->Y  R     INVX2HVT        1  0.7    10    10      10    (-,-) 
  g12573__2802/Y -       B->Y  F     NOR2X2HVT       2  0.9    24    21      31    (-,-) 
  g12566__2398/Y -       A->Y  R     NOR2X2HVT       1  0.8    30    37      68    (-,-) 
  g12544__4733/Y -       B0->Y F     OAI21X2HVT      2  0.6    50    56     124    (-,-) 
  g12542/Y       -       A->Y  R     INVX1HVT        1  0.4    18    34     158    (-,-) 
  g12535__5526/Y -       A1->Y F     OAI21X1HVT      1  0.2    46    46     204    (-,-) 
  g12528__2398/Y -       A->Y  R     NAND3XLHVT      1  0.0    23    39     243    (-,-) 
  Y[3]           -       -     R     (port)          -    -     -     0     243    (-,-) 
#----------------------------------------------------------------------------------------

