============================================================
  Generated by:           Genus(TM) Synthesis Solution 21.19-s055_1
  Generated on:           Dec 14 2025  09:09:08 pm
  Module:                 alu
  Operating conditions:   PVT_1P08V_125C (balanced_tree)
  Wireload mode:          enclosed
  Area mode:              timing library
============================================================


Path 1: MET (251 ps) Setup Check with Pin Y_reg[3]/CK->D
          Group: clk
     Startpoint: (R) B[0]
          Clock: (R) clk
       Endpoint: (R) Y_reg[3]/D
          Clock: (R) clk

                     Capture       Launch     
        Clock Edge:+    1000            0     
        Drv Adjust:+       0            0     
       Src Latency:+       0            0     
       Net Latency:+       0 (I)        0 (I) 
           Arrival:=    1000            0     
                                              
             Setup:-      93                  
     Required Time:=     907                  
      Launch Clock:-       0                  
       Input Delay:-     200                  
         Data Path:-     455                  
             Slack:=     251                  

Exceptions/Constraints:
  input_delay             200             constraints.sdc_line_3_7_1 

#-----------------------------------------------------------------------------------------
# Timing Point   Flags   Arc   Edge    Cell      Fanout Load Trans Delay Arrival Instance 
#                                                       (fF)  (ps)  (ps)   (ps)  Location 
#-----------------------------------------------------------------------------------------
  B[0]           -       -     R     (arrival)        3  0.8     0     0     200    (-,-) 
  g808__8428/Y   -       AN->Y R     NOR2BX1HVT       3  0.8    40    61     261    (-,-) 
  g782__1881/Y   -       A0->Y F     OAI21X1HVT       3  0.9    75    87     348    (-,-) 
  g772__5122/Y   -       A1->Y R     AOI21X1HVT       2  0.4    36    64     412    (-,-) 
  g768__4319/Y   -       A2->Y F     AOI33XLHVT       1  0.3   169   147     559    (-,-) 
  g764__2398/Y   -       C0->Y R     OAI211X1HVT      1  0.2    47    96     655    (-,-) 
  Y_reg[3]/D     -       -     R     DFFQXLHVT        1    -     -     0     655    (-,-) 
#-----------------------------------------------------------------------------------------



Path 2: MET (270 ps) Setup Check with Pin Y_reg[3]/CK->D
          Group: clk
     Startpoint: (R) B[1]
          Clock: (R) clk
       Endpoint: (R) Y_reg[3]/D
          Clock: (R) clk

                     Capture       Launch     
        Clock Edge:+    1000            0     
        Drv Adjust:+       0            0     
       Src Latency:+       0            0     
       Net Latency:+       0 (I)        0 (I) 
           Arrival:=    1000            0     
                                              
             Setup:-      93                  
     Required Time:=     907                  
      Launch Clock:-       0                  
       Input Delay:-     200                  
         Data Path:-     436                  
             Slack:=     270                  

Exceptions/Constraints:
  input_delay             200             constraints.sdc_line_3_6_1 

#-----------------------------------------------------------------------------------------
# Timing Point   Flags   Arc   Edge    Cell      Fanout Load Trans Delay Arrival Instance 
#                                                       (fF)  (ps)  (ps)   (ps)  Location 
#-----------------------------------------------------------------------------------------
  B[1]           -       -     R     (arrival)        4  1.2     0     0     200    (-,-) 
  g796__7410/Y   -       AN->Y R     NOR2BX1HVT       2  0.6    34    57     257    (-,-) 
  g782__1881/Y   -       A1->Y F     OAI21X1HVT       3  0.9    75    72     329    (-,-) 
  g772__5122/Y   -       A1->Y R     AOI21X1HVT       2  0.4    36    64     393    (-,-) 
  g768__4319/Y   -       A2->Y F     AOI33XLHVT       1  0.3   169   147     541    (-,-) 
  g764__2398/Y   -       C0->Y R     OAI211X1HVT      1  0.2    47    96     636    (-,-) 
  Y_reg[3]/D     -       -     R     DFFQXLHVT        1    -     -     0     636    (-,-) 
#-----------------------------------------------------------------------------------------



Path 3: MET (285 ps) Setup Check with Pin Y_reg[3]/CK->D
          Group: clk
     Startpoint: (F) A[0]
          Clock: (R) clk
       Endpoint: (R) Y_reg[3]/D
          Clock: (R) clk

                     Capture       Launch     
        Clock Edge:+    1000            0     
        Drv Adjust:+       0            0     
       Src Latency:+       0            0     
       Net Latency:+       0 (I)        0 (I) 
           Arrival:=    1000            0     
                                              
             Setup:-      93                  
     Required Time:=     907                  
      Launch Clock:-       0                  
       Input Delay:-     200                  
         Data Path:-     422                  
             Slack:=     285                  

Exceptions/Constraints:
  input_delay             200             constraints.sdc_line_3_3_1 

#-----------------------------------------------------------------------------------------
# Timing Point   Flags   Arc   Edge    Cell      Fanout Load Trans Delay Arrival Instance 
#                                                       (fF)  (ps)  (ps)   (ps)  Location 
#-----------------------------------------------------------------------------------------
  A[0]           -       -     F     (arrival)        3  0.9     0     0     200    (-,-) 
  g808__8428/Y   -       B->Y  R     NOR2BX1HVT       3  0.8    40    27     227    (-,-) 
  g782__1881/Y   -       A0->Y F     OAI21X1HVT       3  0.9    75    87     314    (-,-) 
  g772__5122/Y   -       A1->Y R     AOI21X1HVT       2  0.4    36    64     378    (-,-) 
  g768__4319/Y   -       A2->Y F     AOI33XLHVT       1  0.3   169   147     526    (-,-) 
  g764__2398/Y   -       C0->Y R     OAI211X1HVT      1  0.2    47    96     622    (-,-) 
  Y_reg[3]/D     -       -     R     DFFQXLHVT        1    -     -     0     622    (-,-) 
#-----------------------------------------------------------------------------------------



Path 4: MET (285 ps) Setup Check with Pin Y_reg[3]/CK->D
          Group: clk
     Startpoint: (R) B[1]
          Clock: (R) clk
       Endpoint: (R) Y_reg[3]/D
          Clock: (R) clk

                     Capture       Launch     
        Clock Edge:+    1000            0     
        Drv Adjust:+       0            0     
       Src Latency:+       0            0     
       Net Latency:+       0 (I)        0 (I) 
           Arrival:=    1000            0     
                                              
             Setup:-      93                  
     Required Time:=     907                  
      Launch Clock:-       0                  
       Input Delay:-     200                  
         Data Path:-     422                  
             Slack:=     285                  

Exceptions/Constraints:
  input_delay             200             constraints.sdc_line_3_6_1 

#-----------------------------------------------------------------------------------------
# Timing Point   Flags   Arc   Edge    Cell      Fanout Load Trans Delay Arrival Instance 
#                                                       (fF)  (ps)  (ps)   (ps)  Location 
#-----------------------------------------------------------------------------------------
  B[1]           -       -     R     (arrival)        4  1.2     0     0     200    (-,-) 
  g797__6417/Y   -       AN->Y R     NAND2BX1HVT      2  0.8    25    45     245    (-,-) 
  g782__1881/Y   -       B0->Y F     OAI21X1HVT       3  0.9    75    69     314    (-,-) 
  g772__5122/Y   -       A1->Y R     AOI21X1HVT       2  0.4    36    64     378    (-,-) 
  g768__4319/Y   -       A2->Y F     AOI33XLHVT       1  0.3   169   147     526    (-,-) 
  g764__2398/Y   -       C0->Y R     OAI211X1HVT      1  0.2    47    96     622    (-,-) 
  Y_reg[3]/D     -       -     R     DFFQXLHVT        1    -     -     0     622    (-,-) 
#-----------------------------------------------------------------------------------------



Path 5: MET (304 ps) Setup Check with Pin Y_reg[3]/CK->D
          Group: clk
     Startpoint: (F) A[1]
          Clock: (R) clk
       Endpoint: (R) Y_reg[3]/D
          Clock: (R) clk

                     Capture       Launch     
        Clock Edge:+    1000            0     
        Drv Adjust:+       0            0     
       Src Latency:+       0            0     
       Net Latency:+       0 (I)        0 (I) 
           Arrival:=    1000            0     
                                              
             Setup:-      93                  
     Required Time:=     907                  
      Launch Clock:-       0                  
       Input Delay:-     200                  
         Data Path:-     403                  
             Slack:=     304                  

Exceptions/Constraints:
  input_delay             200             constraints.sdc_line_3_2_1 

#-----------------------------------------------------------------------------------------
# Timing Point   Flags   Arc   Edge    Cell      Fanout Load Trans Delay Arrival Instance 
#                                                       (fF)  (ps)  (ps)   (ps)  Location 
#-----------------------------------------------------------------------------------------
  A[1]           -       -     F     (arrival)        4  1.2     0     0     200    (-,-) 
  g796__7410/Y   -       B->Y  R     NOR2BX1HVT       2  0.6    34    24     224    (-,-) 
  g782__1881/Y   -       A1->Y F     OAI21X1HVT       3  0.9    75    72     296    (-,-) 
  g772__5122/Y   -       A1->Y R     AOI21X1HVT       2  0.4    36    64     360    (-,-) 
  g768__4319/Y   -       A2->Y F     AOI33XLHVT       1  0.3   169   147     507    (-,-) 
  g764__2398/Y   -       C0->Y R     OAI211X1HVT      1  0.2    47    96     603    (-,-) 
  Y_reg[3]/D     -       -     R     DFFQXLHVT        1    -     -     0     603    (-,-) 
#-----------------------------------------------------------------------------------------



Path 6: MET (315 ps) Setup Check with Pin Y_reg[3]/CK->D
          Group: clk
     Startpoint: (R) B[0]
          Clock: (R) clk
       Endpoint: (F) Y_reg[3]/D
          Clock: (R) clk

                     Capture       Launch     
        Clock Edge:+    1000            0     
        Drv Adjust:+       0            0     
       Src Latency:+       0            0     
       Net Latency:+       0 (I)        0 (I) 
           Arrival:=    1000            0     
                                              
             Setup:-      64                  
     Required Time:=     936                  
      Launch Clock:-       0                  
       Input Delay:-     200                  
         Data Path:-     421                  
             Slack:=     315                  

Exceptions/Constraints:
  input_delay             200             constraints.sdc_line_3_7_1 

#-----------------------------------------------------------------------------------------
# Timing Point   Flags   Arc   Edge    Cell      Fanout Load Trans Delay Arrival Instance 
#                                                       (fF)  (ps)  (ps)   (ps)  Location 
#-----------------------------------------------------------------------------------------
  B[0]           -       -     R     (arrival)        3  0.8     0     0     200    (-,-) 
  g808__8428/Y   -       AN->Y R     NOR2BX1HVT       3  0.8    40    61     261    (-,-) 
  g782__1881/Y   -       A0->Y F     OAI21X1HVT       3  0.9    75    87     348    (-,-) 
  g772__5122/Y   -       A1->Y R     AOI21X1HVT       2  0.4    36    64     412    (-,-) 
  g770/Y         -       A->Y  F     INVXLHVT         1  0.3    24    36     448    (-,-) 
  g767__6260/Y   -       B1->Y R     AOI221X1HVT      1  0.4    66    70     518    (-,-) 
  g764__2398/Y   -       A1->Y F     OAI211X1HVT      1  0.2    82   104     621    (-,-) 
  Y_reg[3]/D     -       -     F     DFFQXLHVT        1    -     -     0     621    (-,-) 
#-----------------------------------------------------------------------------------------



Path 7: MET (316 ps) Setup Check with Pin Y_reg[3]/CK->D
          Group: clk
     Startpoint: (F) A[1]
          Clock: (R) clk
       Endpoint: (R) Y_reg[3]/D
          Clock: (R) clk

                     Capture       Launch     
        Clock Edge:+    1000            0     
        Drv Adjust:+       0            0     
       Src Latency:+       0            0     
       Net Latency:+       0 (I)        0 (I) 
           Arrival:=    1000            0     
                                              
             Setup:-      93                  
     Required Time:=     907                  
      Launch Clock:-       0                  
       Input Delay:-     200                  
         Data Path:-     391                  
             Slack:=     316                  

Exceptions/Constraints:
  input_delay             200             constraints.sdc_line_3_2_1 

#-----------------------------------------------------------------------------------------
# Timing Point   Flags   Arc   Edge    Cell      Fanout Load Trans Delay Arrival Instance 
#                                                       (fF)  (ps)  (ps)   (ps)  Location 
#-----------------------------------------------------------------------------------------
  A[1]           -       -     F     (arrival)        4  1.2     0     0     200    (-,-) 
  g797__6417/Y   -       B->Y  R     NAND2BX1HVT      2  0.8    25    15     215    (-,-) 
  g782__1881/Y   -       B0->Y F     OAI21X1HVT       3  0.9    75    69     284    (-,-) 
  g772__5122/Y   -       A1->Y R     AOI21X1HVT       2  0.4    36    64     348    (-,-) 
  g768__4319/Y   -       A2->Y F     AOI33XLHVT       1  0.3   169   147     495    (-,-) 
  g764__2398/Y   -       C0->Y R     OAI211X1HVT      1  0.2    47    96     591    (-,-) 
  Y_reg[3]/D     -       -     R     DFFQXLHVT        1    -     -     0     591    (-,-) 
#-----------------------------------------------------------------------------------------



Path 8: MET (322 ps) Setup Check with Pin Y_reg[3]/CK->D
          Group: clk
     Startpoint: (R) B[0]
          Clock: (R) clk
       Endpoint: (R) Y_reg[3]/D
          Clock: (R) clk

                     Capture       Launch     
        Clock Edge:+    1000            0     
        Drv Adjust:+       0            0     
       Src Latency:+       0            0     
       Net Latency:+       0 (I)        0 (I) 
           Arrival:=    1000            0     
                                              
             Setup:-      93                  
     Required Time:=     907                  
      Launch Clock:-       0                  
       Input Delay:-     200                  
         Data Path:-     384                  
             Slack:=     322                  

Exceptions/Constraints:
  input_delay             200             constraints.sdc_line_3_7_1 

#-----------------------------------------------------------------------------------------
# Timing Point   Flags   Arc   Edge    Cell      Fanout Load Trans Delay Arrival Instance 
#                                                       (fF)  (ps)  (ps)   (ps)  Location 
#-----------------------------------------------------------------------------------------
  B[0]           -       -     R     (arrival)        3  0.8     0     0     200    (-,-) 
  g798__5526/Y   -       A->Y  F     NAND2X1HVT       3  0.9    63    51     251    (-,-) 
  g786__5115/Y   -       A1->Y R     OAI21X1HVT       3  1.2    65    73     324    (-,-) 
  g779__2802/Y   -       A1->Y F     AOI21X1HVT       2  0.5    63    83     406    (-,-) 
  g778__6783/Y   -       AN->Y F     NAND3BXLHVT      1  0.3    89   119     526    (-,-) 
  g764__2398/Y   -       B0->Y R     OAI211X1HVT      1  0.2    47    59     584    (-,-) 
  Y_reg[3]/D     -       -     R     DFFQXLHVT        1    -     -     0     584    (-,-) 
#-----------------------------------------------------------------------------------------



Path 9: MET (323 ps) Setup Check with Pin Y_reg[3]/CK->D
          Group: clk
     Startpoint: (F) B[3]
          Clock: (R) clk
       Endpoint: (R) Y_reg[3]/D
          Clock: (R) clk

                     Capture       Launch     
        Clock Edge:+    1000            0     
        Drv Adjust:+       0            0     
       Src Latency:+       0            0     
       Net Latency:+       0 (I)        0 (I) 
           Arrival:=    1000            0     
                                              
             Setup:-      93                  
     Required Time:=     907                  
      Launch Clock:-       0                  
       Input Delay:-     200                  
         Data Path:-     383                  
             Slack:=     323                  

Exceptions/Constraints:
  input_delay             200             constraints.sdc_line_3_4_1 

#-----------------------------------------------------------------------------------------
# Timing Point   Flags   Arc   Edge    Cell      Fanout Load Trans Delay Arrival Instance 
#                                                       (fF)  (ps)  (ps)   (ps)  Location 
#-----------------------------------------------------------------------------------------
  B[3]           -       -     F     (arrival)        2  0.4     0     0     200    (-,-) 
  g791__9315/Y   -       A->Y  R     XNOR2X1HVT       3  0.8    24   130     330    (-,-) 
  g768__4319/Y   -       A1->Y F     AOI33XLHVT       1  0.3   169   158     488    (-,-) 
  g764__2398/Y   -       C0->Y R     OAI211X1HVT      1  0.2    47    96     583    (-,-) 
  Y_reg[3]/D     -       -     R     DFFQXLHVT        1    -     -     0     583    (-,-) 
#-----------------------------------------------------------------------------------------



Path 10: MET (328 ps) Setup Check with Pin Y_reg[3]/CK->D
          Group: clk
     Startpoint: (R) B[0]
          Clock: (R) clk
       Endpoint: (F) Y_reg[3]/D
          Clock: (R) clk

                     Capture       Launch     
        Clock Edge:+    1000            0     
        Drv Adjust:+       0            0     
       Src Latency:+       0            0     
       Net Latency:+       0 (I)        0 (I) 
           Arrival:=    1000            0     
                                              
             Setup:-      64                  
     Required Time:=     936                  
      Launch Clock:-       0                  
       Input Delay:-     200                  
         Data Path:-     408                  
             Slack:=     328                  

Exceptions/Constraints:
  input_delay             200             constraints.sdc_line_3_7_1 

#-----------------------------------------------------------------------------------------
# Timing Point   Flags   Arc   Edge    Cell      Fanout Load Trans Delay Arrival Instance 
#                                                       (fF)  (ps)  (ps)   (ps)  Location 
#-----------------------------------------------------------------------------------------
  B[0]           -       -     R     (arrival)        3  0.8     0     0     200    (-,-) 
  g798__5526/Y   -       A->Y  F     NAND2X1HVT       3  0.9    63    51     251    (-,-) 
  g786__5115/Y   -       A1->Y R     OAI21X1HVT       3  1.2    65    73     324    (-,-) 
  g779__2802/Y   -       A1->Y F     AOI21X1HVT       2  0.5    63    83     406    (-,-) 
  g767__6260/Y   -       A1->Y R     AOI221X1HVT      1  0.4    66    98     504    (-,-) 
  g764__2398/Y   -       A1->Y F     OAI211X1HVT      1  0.2    82   104     608    (-,-) 
  Y_reg[3]/D     -       -     F     DFFQXLHVT        1    -     -     0     608    (-,-) 
#-----------------------------------------------------------------------------------------

